---------------------------------------------------------------
[2019-06-27T11:24:53+08:00] 127.0.0.1 GET www.19.com/lists/index/cid/1.html
[运行时间：0.119006s] [吞吐率：8.40req/s] [内存消耗：2,931.65kb] [文件加载：91]
[ info ] [ LANG ] D:\phpStudy\PHPTutorial\WWW\1901\myshop\thinkphp\lang\zh-cn.php
[ info ] [ BIND ] 'index'
[ info ] [ ROUTE ] array (
)
[ info ] [ HEADER ] array (
  'cookie' => 'PHPSESSID=iag504b4u276lc6adn193nn0vm',
  'accept-language' => 'zh-CN,zh;q=0.9',
  'accept-encoding' => 'gzip, deflate',
  'purpose' => 'prefetch',
  'accept' => 'text/html,application/xhtml+xml,application/xml;q=0.9,image/webp,image/apng,*/*;q=0.8,application/signed-exchange;v=b3',
  'user-agent' => 'Mozilla/5.0 (Windows NT 6.1; Win64; x64) AppleWebKit/537.36 (KHTML, like Gecko) Chrome/75.0.3770.100 Safari/537.36',
  'upgrade-insecure-requests' => '1',
  'connection' => 'close',
  'host' => 'www.19.com',
)
[ info ] [ PARAM ] array (
  '/lists/index/cid/1_html' => '',
  'cid' => '1',
)
[ info ] [ DB ] INIT mysql
[ info ] [ VIEW ] D:\phpStudy\PHPTutorial\WWW\1901\myshop\application\index\view\lists\lists.html [ array (
  0 => 'category',
  1 => 'nav',
  2 => 'cid',
  3 => 'query',
  4 => 'history',
  5 => 'goods',
  6 => 'pricestr',
  7 => 'brand',
) ]
[ sql ] [ DB ] CONNECT:[ UseTime:0.002000s ] mysql:host=127.0.0.1;port=3306;dbname=shop;charset=utf8
[ sql ] [ SQL ] SHOW COLUMNS FROM `shop_category` [ RunTime:0.008000s ]
[ sql ] [ SQL ] SELECT * FROM `shop_category` [ RunTime:0.000000s ]
[ sql ] [ SQL ] SELECT * FROM `shop_category` WHERE  `pid` = 0  AND `is_nav_show` = 1 LIMIT 7 [ RunTime:0.001000s ]
[ sql ] [ SQL ] SELECT * FROM `shop_category` [ RunTime:0.000000s ]
[ sql ] [ SQL ] SHOW COLUMNS FROM `shop_goods` [ RunTime:0.008000s ]
[ sql ] [ SQL ] SELECT `brand_id` FROM `shop_goods` WHERE  `cate_id` IN (1,6,8,9,10,7,11,12) [ RunTime:0.000000s ]
[ sql ] [ SQL ] SHOW COLUMNS FROM `shop_brand` [ RunTime:0.008001s ]
[ sql ] [ SQL ] SELECT * FROM `shop_brand` WHERE  `brand_id` IN (4,5,6,8,1,2,3)  AND `is_show` = 1 [ RunTime:0.001000s ]
[ sql ] [ SQL ] SELECT max(goods_price) as price FROM `shop_goods` WHERE  `cate_id` IN (1,6,8,9,10,7,11,12) LIMIT 1 [ RunTime:0.000000s ]
[ sql ] [ SQL ] SELECT COUNT(*) AS tp_count FROM `shop_goods` WHERE  ( `cate_id` IN (1,6,8,9,10,7,11,12) AND `is_up` = 1 ) [ RunTime:0.001000s ]
[ sql ] [ SQL ] SELECT * FROM `shop_goods` WHERE  ( `cate_id` IN (1,6,8,9,10,7,11,12) AND `is_up` = 1 ) ORDER BY `goods_id` ASC LIMIT 0,2 [ RunTime:0.001000s ]
[ sql ] [ SQL ] SHOW COLUMNS FROM `shop_history` [ RunTime:0.007001s ]
[ sql ] [ SQL ] SELECT * FROM `shop_history` WHERE  `user_id` = 3 ORDER BY `time` DESC LIMIT 5 [ RunTime:0.000000s ]
[ sql ] [ SQL ] SELECT `goods_img`,`goods_price`,`goods_name`,`goods_id` FROM `shop_goods` WHERE  `goods_id` IN (15,10,16,5,2) ORDER BY field(`goods_id`,15,10,16,5,2) [ RunTime:0.000000s ]
---------------------------------------------------------------
[2019-06-27T11:26:54+08:00] 127.0.0.1 GET www.19.com/index.php/goods/index/id/1.html
[运行时间：0.214012s] [吞吐率：4.67req/s] [内存消耗：2,818.77kb] [文件加载：86]
[ info ] [ LANG ] D:\phpStudy\PHPTutorial\WWW\1901\myshop\thinkphp\lang\zh-cn.php
[ info ] [ BIND ] 'index'
[ info ] [ ROUTE ] array (
)
[ info ] [ HEADER ] array (
  'cookie' => 'PHPSESSID=iag504b4u276lc6adn193nn0vm',
  'accept-language' => 'zh-CN,zh;q=0.9',
  'accept-encoding' => 'gzip, deflate',
  'referer' => 'http://www.19.com/index.php/lists/index/cid/1.html',
  'accept' => 'text/html,application/xhtml+xml,application/xml;q=0.9,image/webp,image/apng,*/*;q=0.8,application/signed-exchange;v=b3',
  'user-agent' => 'Mozilla/5.0 (Windows NT 6.1; Win64; x64) AppleWebKit/537.36 (KHTML, like Gecko) Chrome/75.0.3770.100 Safari/537.36',
  'upgrade-insecure-requests' => '1',
  'connection' => 'close',
  'host' => 'www.19.com',
)
[ info ] [ PARAM ] array (
  'id' => '1',
)
[ info ] [ DB ] INIT mysql
[ info ] [ VIEW ] D:\phpStudy\PHPTutorial\WWW\1901\myshop\application\index\view\goods\index.html [ array (
  0 => 'category',
  1 => 'nav',
  2 => 'data',
) ]
[ sql ] [ DB ] CONNECT:[ UseTime:0.010000s ] mysql:host=127.0.0.1;port=3306;dbname=shop;charset=utf8
[ sql ] [ SQL ] SHOW COLUMNS FROM `shop_category` [ RunTime:0.011001s ]
[ sql ] [ SQL ] SELECT * FROM `shop_category` [ RunTime:0.001000s ]
[ sql ] [ SQL ] SELECT * FROM `shop_category` WHERE  `pid` = 0  AND `is_nav_show` = 1 LIMIT 7 [ RunTime:0.000000s ]
[ sql ] [ SQL ] SHOW COLUMNS FROM `shop_goods` [ RunTime:0.010001s ]
[ sql ] [ SQL ] SELECT * FROM `shop_goods` WHERE  `is_up` = 1  AND `goods_id` = 1 LIMIT 1 [ RunTime:0.001000s ]
[ sql ] [ SQL ] SHOW COLUMNS FROM `shop_history` [ RunTime:0.010001s ]
[ sql ] [ SQL ] SELECT * FROM `shop_history` WHERE  `user_id` = 3  AND `goods_id` = 1 LIMIT 1 [ RunTime:0.001000s ]
[ sql ] [ SQL ] UPDATE `shop_history`  SET `time` = 1561606014  WHERE  `h_id` = 6 [ RunTime:0.013001s ]
---------------------------------------------------------------
[2019-06-27T11:26:54+08:00] 127.0.0.1 GET www.19.com/static/index/images/loading.gif
[运行时间：0.054004s] [吞吐率：18.52req/s] [内存消耗：1,572.55kb] [文件加载：65]
[ info ] [ LANG ] D:\phpStudy\PHPTutorial\WWW\1901\myshop\thinkphp\lang\zh-cn.php
[ info ] [ BIND ] 'index'
[ info ] [ ROUTE ] array (
)
[ info ] [ HEADER ] array (
  'cookie' => 'PHPSESSID=iag504b4u276lc6adn193nn0vm',
  'accept-language' => 'zh-CN,zh;q=0.9',
  'accept-encoding' => 'gzip, deflate',
  'referer' => 'http://www.19.com/index.php/goods/index/id/1.html',
  'accept' => 'image/webp,image/apng,image/*,*/*;q=0.8',
  'user-agent' => 'Mozilla/5.0 (Windows NT 6.1; Win64; x64) AppleWebKit/537.36 (KHTML, like Gecko) Chrome/75.0.3770.100 Safari/537.36',
  'connection' => 'close',
  'host' => 'www.19.com',
)
[ info ] [ PARAM ] array (
  '/static/index/images/loading_gif' => '',
  'images' => 'loading.gif',
)
---------------------------------------------------------------
[2019-06-27T11:26:54+08:00] 127.0.0.1 GET www.19.com/static/index/images/scrollPicbg.gif
[运行时间：0.048003s] [吞吐率：20.83req/s] [内存消耗：1,572.55kb] [文件加载：65]
[ info ] [ LANG ] D:\phpStudy\PHPTutorial\WWW\1901\myshop\thinkphp\lang\zh-cn.php
[ info ] [ BIND ] 'index'
[ info ] [ ROUTE ] array (
)
[ info ] [ HEADER ] array (
  'cookie' => 'PHPSESSID=iag504b4u276lc6adn193nn0vm',
  'accept-language' => 'zh-CN,zh;q=0.9',
  'accept-encoding' => 'gzip, deflate',
  'referer' => 'http://www.19.com/static/index/css/ShopShow.css',
  'accept' => 'image/webp,image/apng,image/*,*/*;q=0.8',
  'user-agent' => 'Mozilla/5.0 (Windows NT 6.1; Win64; x64) AppleWebKit/537.36 (KHTML, like Gecko) Chrome/75.0.3770.100 Safari/537.36',
  'connection' => 'close',
  'host' => 'www.19.com',
)
[ info ] [ PARAM ] array (
  '/static/index/images/scrollPicbg_gif' => '',
  'images' => 'scrollPicbg.gif',
)
---------------------------------------------------------------
[2019-06-27T11:26:54+08:00] 127.0.0.1 GET www.19.com/static/index/images/loading.gif
[运行时间：0.044003s] [吞吐率：22.73req/s] [内存消耗：1,572.55kb] [文件加载：65]
[ info ] [ LANG ] D:\phpStudy\PHPTutorial\WWW\1901\myshop\thinkphp\lang\zh-cn.php
[ info ] [ BIND ] 'index'
[ info ] [ ROUTE ] array (
)
[ info ] [ HEADER ] array (
  'cookie' => 'PHPSESSID=iag504b4u276lc6adn193nn0vm',
  'accept-language' => 'zh-CN,zh;q=0.9',
  'accept-encoding' => 'gzip, deflate',
  'referer' => 'http://www.19.com/index.php/goods/index/id/1.html',
  'accept' => 'image/webp,image/apng,image/*,*/*;q=0.8',
  'user-agent' => 'Mozilla/5.0 (Windows NT 6.1; Win64; x64) AppleWebKit/537.36 (KHTML, like Gecko) Chrome/75.0.3770.100 Safari/537.36',
  'connection' => 'close',
  'host' => 'www.19.com',
)
[ info ] [ PARAM ] array (
  '/static/index/images/loading_gif' => '',
  'images' => 'loading.gif',
)
---------------------------------------------------------------
[2019-06-27T11:50:29+08:00] 127.0.0.1 GET www.19.com/order/returnpay
[运行时间：0.077004s] [吞吐率：12.99req/s] [内存消耗：2,760.54kb] [文件加载：82]
[ info ] [ LANG ] D:\phpStudy\PHPTutorial\WWW\1901\myshop\thinkphp\lang\zh-cn.php
[ info ] [ BIND ] 'index'
[ info ] [ ROUTE ] array (
)
[ info ] [ HEADER ] array (
  'connection' => 'close',
  'accept' => 'text/html, image/gif, image/jpeg, *; q=.2, */*; q=.2',
  'host' => 'www.19.com',
  'user-agent' => 'Java/1.8.0_131',
  'pragma' => 'no-cache',
  'cache-control' => 'no-cache',
)
[ info ] [ PARAM ] array (
  '/order/returnpay' => '',
)
[ info ] [ DB ] INIT mysql
[ sql ] [ DB ] CONNECT:[ UseTime:0.002000s ] mysql:host=127.0.0.1;port=3306;dbname=shop;charset=utf8
[ sql ] [ SQL ] SHOW COLUMNS FROM `shop_category` [ RunTime:0.008001s ]
[ sql ] [ SQL ] SELECT * FROM `shop_category` [ RunTime:0.001000s ]
[ sql ] [ SQL ] SELECT * FROM `shop_category` WHERE  `pid` = 0  AND `is_nav_show` = 1 LIMIT 7 [ RunTime:0.000000s ]
---------------------------------------------------------------
[2019-06-27T11:50:29+08:00] 127.0.0.1 GET www.19.com/login/login.html
[运行时间：0.058003s] [吞吐率：17.24req/s] [内存消耗：1,694.44kb] [文件加载：68]
[ info ] [ LANG ] D:\phpStudy\PHPTutorial\WWW\1901\myshop\thinkphp\lang\zh-cn.php
[ info ] [ BIND ] 'index'
[ info ] [ ROUTE ] array (
)
[ info ] [ HEADER ] array (
  'connection' => 'close',
  'accept' => 'text/html, image/gif, image/jpeg, *; q=.2, */*; q=.2',
  'host' => 'www.19.com',
  'user-agent' => 'Java/1.8.0_131',
  'pragma' => 'no-cache',
  'cache-control' => 'no-cache',
)
[ info ] [ PARAM ] array (
  '/login/login_html' => '',
)
[ info ] [ VIEW ] D:\phpStudy\PHPTutorial\WWW\1901\myshop\application\index\view\login\login.html [ array (
  0 => 'refer',
) ]
---------------------------------------------------------------
[2019-06-27T11:50:35+08:00] 127.0.0.1 GET www.19.com/notify
[运行时间：0.042002s] [吞吐率：23.81req/s] [内存消耗：1,571.13kb] [文件加载：65]
[ info ] [ LANG ] D:\phpStudy\PHPTutorial\WWW\1901\myshop\thinkphp\lang\zh-cn.php
[ info ] [ BIND ] 'index'
[ info ] [ ROUTE ] array (
)
[ info ] [ HEADER ] array (
  'connection' => 'close',
  'accept' => 'text/html, image/gif, image/jpeg, *; q=.2, */*; q=.2',
  'host' => 'www.19.com',
  'user-agent' => 'Java/1.8.0_131',
  'pragma' => 'no-cache',
  'cache-control' => 'no-cache',
)
[ info ] [ PARAM ] array (
  '/notify' => '',
)
