---------------------------------------------------------------
[2019-05-05T17:58:40+08:00] 127.0.0.1 GET www.myshop.com/
[运行时间：0.057712s] [吞吐率：17.33req/s] [内存消耗：2,115.29kb] [文件加载：63]
[ info ] [ LANG ] D:\xampp\htdocs\myshop\thinkphp\lang\zh-cn.php
[ info ] [ ROUTE ] array (
)
[ info ] [ HEADER ] array (
  'host' => 'www.myshop.com',
  'user-agent' => 'Mozilla/5.0 (Windows NT 10.0; WOW64; rv:66.0) Gecko/20100101 Firefox/66.0',
  'accept' => 'text/html,application/xhtml+xml,application/xml;q=0.9,*/*;q=0.8',
  'accept-language' => 'zh-CN,zh;q=0.8,zh-TW;q=0.7,zh-HK;q=0.5,en-US;q=0.3,en;q=0.2',
  'accept-encoding' => 'gzip, deflate',
  'connection' => 'keep-alive',
  'upgrade-insecure-requests' => '1',
  'cache-control' => 'max-age=0',
)
[ info ] [ PARAM ] array (
)
---------------------------------------------------------------
[2019-05-05T17:59:56+08:00] 127.0.0.1 GET www.myshop.com/index.php/admin/index/index
[运行时间：0.045697s] [吞吐率：21.88req/s] [内存消耗：2,319.72kb] [文件加载：65]
[ info ] [ LANG ] D:\xampp\htdocs\myshop\thinkphp\lang\zh-cn.php
[ info ] [ ROUTE ] array (
)
[ info ] [ HEADER ] array (
  'host' => 'www.myshop.com',
  'user-agent' => 'Mozilla/5.0 (Windows NT 10.0; WOW64; rv:66.0) Gecko/20100101 Firefox/66.0',
  'accept' => 'text/html,application/xhtml+xml,application/xml;q=0.9,*/*;q=0.8',
  'accept-language' => 'zh-CN,zh;q=0.8,zh-TW;q=0.7,zh-HK;q=0.5,en-US;q=0.3,en;q=0.2',
  'accept-encoding' => 'gzip, deflate',
  'connection' => 'keep-alive',
  'cookie' => 'thinkphp_show_page_trace=0|0',
  'upgrade-insecure-requests' => '1',
)
[ info ] [ PARAM ] array (
)
[ info ] [ VIEW ] D:\xampp\htdocs\myshop\application\admin\view\index\index.html [ array (
) ]
---------------------------------------------------------------
[2019-05-05T17:59:56+08:00] 127.0.0.1 GET www.myshop.com/index.php/admin/index/static/layui/css/layui.css
[运行时间：0.050653s] [吞吐率：19.74req/s] [内存消耗：2,191.09kb] [文件加载：66]
[ info ] [ LANG ] D:\xampp\htdocs\myshop\thinkphp\lang\zh-cn.php
[ info ] [ ROUTE ] array (
)
[ info ] [ HEADER ] array (
  'host' => 'www.myshop.com',
  'user-agent' => 'Mozilla/5.0 (Windows NT 10.0; WOW64; rv:66.0) Gecko/20100101 Firefox/66.0',
  'accept' => 'text/css,*/*;q=0.1',
  'accept-language' => 'zh-CN,zh;q=0.8,zh-TW;q=0.7,zh-HK;q=0.5,en-US;q=0.3,en;q=0.2',
  'accept-encoding' => 'gzip, deflate',
  'referer' => 'http://www.myshop.com/index.php/admin/index/index',
  'connection' => 'keep-alive',
  'cookie' => 'thinkphp_show_page_trace=0|0',
)
[ info ] [ PARAM ] array (
  'layui' => 'css',
)
---------------------------------------------------------------
[2019-05-05T17:59:56+08:00] 127.0.0.1 GET www.myshop.com/index.php/admin/index/static/layui/layui.js
[运行时间：0.072757s] [吞吐率：13.74req/s] [内存消耗：2,191.10kb] [文件加载：66]
[ info ] [ LANG ] D:\xampp\htdocs\myshop\thinkphp\lang\zh-cn.php
[ info ] [ ROUTE ] array (
)
[ info ] [ HEADER ] array (
  'host' => 'www.myshop.com',
  'user-agent' => 'Mozilla/5.0 (Windows NT 10.0; WOW64; rv:66.0) Gecko/20100101 Firefox/66.0',
  'accept' => '*/*',
  'accept-language' => 'zh-CN,zh;q=0.8,zh-TW;q=0.7,zh-HK;q=0.5,en-US;q=0.3,en;q=0.2',
  'accept-encoding' => 'gzip, deflate',
  'referer' => 'http://www.myshop.com/index.php/admin/index/index',
  'connection' => 'keep-alive',
  'cookie' => 'thinkphp_show_page_trace=0|0',
)
[ info ] [ PARAM ] array (
  'layui' => 'layui.js',
)
---------------------------------------------------------------
[2019-05-05T18:00:06+08:00] 127.0.0.1 GET www.myshop.com/index.php/admin/index/index
[运行时间：0.049204s] [吞吐率：20.32req/s] [内存消耗：2,320.62kb] [文件加载：65]
[ info ] [ LANG ] D:\xampp\htdocs\myshop\thinkphp\lang\zh-cn.php
[ info ] [ ROUTE ] array (
)
[ info ] [ HEADER ] array (
  'host' => 'www.myshop.com',
  'user-agent' => 'Mozilla/5.0 (Windows NT 10.0; WOW64; rv:66.0) Gecko/20100101 Firefox/66.0',
  'accept' => 'text/html,application/xhtml+xml,application/xml;q=0.9,*/*;q=0.8',
  'accept-language' => 'zh-CN,zh;q=0.8,zh-TW;q=0.7,zh-HK;q=0.5,en-US;q=0.3,en;q=0.2',
  'accept-encoding' => 'gzip, deflate',
  'connection' => 'keep-alive',
  'cookie' => 'thinkphp_show_page_trace=0|0; thinkphp_show_page_trace=0|0',
  'upgrade-insecure-requests' => '1',
  'cache-control' => 'max-age=0',
)
[ info ] [ PARAM ] array (
)
[ info ] [ VIEW ] D:\xampp\htdocs\myshop\application\admin\view\index\index.html [ array (
) ]
---------------------------------------------------------------
[2019-05-05T18:00:06+08:00] 127.0.0.1 GET www.myshop.com/index.php/admin/index/static/layui/layui.js
[运行时间：0.061538s] [吞吐率：16.25req/s] [内存消耗：2,191.91kb] [文件加载：66]
[ info ] [ LANG ] D:\xampp\htdocs\myshop\thinkphp\lang\zh-cn.php
[ info ] [ ROUTE ] array (
)
[ info ] [ HEADER ] array (
  'host' => 'www.myshop.com',
  'user-agent' => 'Mozilla/5.0 (Windows NT 10.0; WOW64; rv:66.0) Gecko/20100101 Firefox/66.0',
  'accept' => '*/*',
  'accept-language' => 'zh-CN,zh;q=0.8,zh-TW;q=0.7,zh-HK;q=0.5,en-US;q=0.3,en;q=0.2',
  'accept-encoding' => 'gzip, deflate',
  'referer' => 'http://www.myshop.com/index.php/admin/index/index',
  'connection' => 'keep-alive',
  'cookie' => 'thinkphp_show_page_trace=0|0; thinkphp_show_page_trace=0|0',
  'cache-control' => 'max-age=0',
)
[ info ] [ PARAM ] array (
  'layui' => 'layui.js',
)
---------------------------------------------------------------
[2019-05-05T18:00:06+08:00] 127.0.0.1 GET www.myshop.com/index.php/admin/index/.static/layui/css/layui.css
[运行时间：0.069765s] [吞吐率：14.33req/s] [内存消耗：2,191.38kb] [文件加载：66]
[ info ] [ LANG ] D:\xampp\htdocs\myshop\thinkphp\lang\zh-cn.php
[ info ] [ ROUTE ] array (
)
[ info ] [ HEADER ] array (
  'host' => 'www.myshop.com',
  'user-agent' => 'Mozilla/5.0 (Windows NT 10.0; WOW64; rv:66.0) Gecko/20100101 Firefox/66.0',
  'accept' => 'text/css,*/*;q=0.1',
  'accept-language' => 'zh-CN,zh;q=0.8,zh-TW;q=0.7,zh-HK;q=0.5,en-US;q=0.3,en;q=0.2',
  'accept-encoding' => 'gzip, deflate',
  'referer' => 'http://www.myshop.com/index.php/admin/index/index',
  'connection' => 'keep-alive',
  'cookie' => 'thinkphp_show_page_trace=0|0; thinkphp_show_page_trace=0|0',
)
[ info ] [ PARAM ] array (
  'layui' => 'css',
)
---------------------------------------------------------------
[2019-05-05T18:00:10+08:00] 127.0.0.1 GET www.myshop.com/index.php/admin/index/index
[运行时间：0.056129s] [吞吐率：17.82req/s] [内存消耗：2,320.62kb] [文件加载：65]
[ info ] [ LANG ] D:\xampp\htdocs\myshop\thinkphp\lang\zh-cn.php
[ info ] [ ROUTE ] array (
)
[ info ] [ HEADER ] array (
  'host' => 'www.myshop.com',
  'user-agent' => 'Mozilla/5.0 (Windows NT 10.0; WOW64; rv:66.0) Gecko/20100101 Firefox/66.0',
  'accept' => 'text/html,application/xhtml+xml,application/xml;q=0.9,*/*;q=0.8',
  'accept-language' => 'zh-CN,zh;q=0.8,zh-TW;q=0.7,zh-HK;q=0.5,en-US;q=0.3,en;q=0.2',
  'accept-encoding' => 'gzip, deflate',
  'connection' => 'keep-alive',
  'cookie' => 'thinkphp_show_page_trace=0|0; thinkphp_show_page_trace=0|0',
  'upgrade-insecure-requests' => '1',
  'cache-control' => 'max-age=0',
)
[ info ] [ PARAM ] array (
)
[ info ] [ VIEW ] D:\xampp\htdocs\myshop\application\admin\view\index\index.html [ array (
) ]
---------------------------------------------------------------
[2019-05-05T18:00:10+08:00] 127.0.0.1 GET www.myshop.com/index.php/admin/index/static/layui/css/layui.css
[运行时间：0.060806s] [吞吐率：16.45req/s] [内存消耗：2,191.90kb] [文件加载：66]
[ info ] [ LANG ] D:\xampp\htdocs\myshop\thinkphp\lang\zh-cn.php
[ info ] [ ROUTE ] array (
)
[ info ] [ HEADER ] array (
  'host' => 'www.myshop.com',
  'user-agent' => 'Mozilla/5.0 (Windows NT 10.0; WOW64; rv:66.0) Gecko/20100101 Firefox/66.0',
  'accept' => 'text/css,*/*;q=0.1',
  'accept-language' => 'zh-CN,zh;q=0.8,zh-TW;q=0.7,zh-HK;q=0.5,en-US;q=0.3,en;q=0.2',
  'accept-encoding' => 'gzip, deflate',
  'referer' => 'http://www.myshop.com/index.php/admin/index/index',
  'connection' => 'keep-alive',
  'cookie' => 'thinkphp_show_page_trace=0|0; thinkphp_show_page_trace=0|0',
  'cache-control' => 'max-age=0',
)
[ info ] [ PARAM ] array (
  'layui' => 'css',
)
---------------------------------------------------------------
[2019-05-05T18:00:10+08:00] 127.0.0.1 GET www.myshop.com/index.php/admin/index/static/layui/layui.js
[运行时间：0.058150s] [吞吐率：17.20req/s] [内存消耗：2,191.91kb] [文件加载：66]
[ info ] [ LANG ] D:\xampp\htdocs\myshop\thinkphp\lang\zh-cn.php
[ info ] [ ROUTE ] array (
)
[ info ] [ HEADER ] array (
  'host' => 'www.myshop.com',
  'user-agent' => 'Mozilla/5.0 (Windows NT 10.0; WOW64; rv:66.0) Gecko/20100101 Firefox/66.0',
  'accept' => '*/*',
  'accept-language' => 'zh-CN,zh;q=0.8,zh-TW;q=0.7,zh-HK;q=0.5,en-US;q=0.3,en;q=0.2',
  'accept-encoding' => 'gzip, deflate',
  'referer' => 'http://www.myshop.com/index.php/admin/index/index',
  'connection' => 'keep-alive',
  'cookie' => 'thinkphp_show_page_trace=0|0; thinkphp_show_page_trace=0|0',
  'cache-control' => 'max-age=0',
)
[ info ] [ PARAM ] array (
  'layui' => 'layui.js',
)
---------------------------------------------------------------
[2019-05-05T18:00:17+08:00] 127.0.0.1 GET www.myshop.com/index.php/admin/index/index
[运行时间：0.043592s] [吞吐率：22.94req/s] [内存消耗：2,320.62kb] [文件加载：65]
[ info ] [ LANG ] D:\xampp\htdocs\myshop\thinkphp\lang\zh-cn.php
[ info ] [ ROUTE ] array (
)
[ info ] [ HEADER ] array (
  'host' => 'www.myshop.com',
  'user-agent' => 'Mozilla/5.0 (Windows NT 10.0; WOW64; rv:66.0) Gecko/20100101 Firefox/66.0',
  'accept' => 'text/html,application/xhtml+xml,application/xml;q=0.9,*/*;q=0.8',
  'accept-language' => 'zh-CN,zh;q=0.8,zh-TW;q=0.7,zh-HK;q=0.5,en-US;q=0.3,en;q=0.2',
  'accept-encoding' => 'gzip, deflate',
  'connection' => 'keep-alive',
  'cookie' => 'thinkphp_show_page_trace=0|0; thinkphp_show_page_trace=0|0',
  'upgrade-insecure-requests' => '1',
  'cache-control' => 'max-age=0',
)
[ info ] [ PARAM ] array (
)
[ info ] [ VIEW ] D:\xampp\htdocs\myshop\application\admin\view\index\index.html [ array (
) ]
---------------------------------------------------------------
[2019-05-05T18:00:17+08:00] 127.0.0.1 GET www.myshop.com/index.php/admin/index/static/layui/css/layui.css
[运行时间：0.045987s] [吞吐率：21.75req/s] [内存消耗：2,191.90kb] [文件加载：66]
[ info ] [ LANG ] D:\xampp\htdocs\myshop\thinkphp\lang\zh-cn.php
[ info ] [ ROUTE ] array (
)
[ info ] [ HEADER ] array (
  'host' => 'www.myshop.com',
  'user-agent' => 'Mozilla/5.0 (Windows NT 10.0; WOW64; rv:66.0) Gecko/20100101 Firefox/66.0',
  'accept' => 'text/css,*/*;q=0.1',
  'accept-language' => 'zh-CN,zh;q=0.8,zh-TW;q=0.7,zh-HK;q=0.5,en-US;q=0.3,en;q=0.2',
  'accept-encoding' => 'gzip, deflate',
  'referer' => 'http://www.myshop.com/index.php/admin/index/index',
  'connection' => 'keep-alive',
  'cookie' => 'thinkphp_show_page_trace=0|0; thinkphp_show_page_trace=0|0',
  'cache-control' => 'max-age=0',
)
[ info ] [ PARAM ] array (
  'layui' => 'css',
)
---------------------------------------------------------------
[2019-05-05T18:00:17+08:00] 127.0.0.1 GET www.myshop.com/index.php/admin/index/static/layui/layui.js
[运行时间：0.048911s] [吞吐率：20.45req/s] [内存消耗：2,191.91kb] [文件加载：66]
[ info ] [ LANG ] D:\xampp\htdocs\myshop\thinkphp\lang\zh-cn.php
[ info ] [ ROUTE ] array (
)
[ info ] [ HEADER ] array (
  'host' => 'www.myshop.com',
  'user-agent' => 'Mozilla/5.0 (Windows NT 10.0; WOW64; rv:66.0) Gecko/20100101 Firefox/66.0',
  'accept' => '*/*',
  'accept-language' => 'zh-CN,zh;q=0.8,zh-TW;q=0.7,zh-HK;q=0.5,en-US;q=0.3,en;q=0.2',
  'accept-encoding' => 'gzip, deflate',
  'referer' => 'http://www.myshop.com/index.php/admin/index/index',
  'connection' => 'keep-alive',
  'cookie' => 'thinkphp_show_page_trace=0|0; thinkphp_show_page_trace=0|0',
  'cache-control' => 'max-age=0',
)
[ info ] [ PARAM ] array (
  'layui' => 'layui.js',
)
---------------------------------------------------------------
[2019-05-05T18:00:18+08:00] 127.0.0.1 GET www.myshop.com/index.php/admin/index/index
[运行时间：0.039918s] [吞吐率：25.05req/s] [内存消耗：2,138.94kb] [文件加载：63]
[ info ] [ LANG ] D:\xampp\htdocs\myshop\thinkphp\lang\zh-cn.php
[ info ] [ ROUTE ] array (
)
[ info ] [ HEADER ] array (
  'host' => 'www.myshop.com',
  'user-agent' => 'Mozilla/5.0 (Windows NT 10.0; WOW64; rv:66.0) Gecko/20100101 Firefox/66.0',
  'accept' => 'text/html,application/xhtml+xml,application/xml;q=0.9,*/*;q=0.8',
  'accept-language' => 'zh-CN,zh;q=0.8,zh-TW;q=0.7,zh-HK;q=0.5,en-US;q=0.3,en;q=0.2',
  'accept-encoding' => 'gzip, deflate',
  'connection' => 'keep-alive',
  'cookie' => 'thinkphp_show_page_trace=0|0; thinkphp_show_page_trace=0|0',
  'upgrade-insecure-requests' => '1',
  'cache-control' => 'max-age=0',
)
[ info ] [ PARAM ] array (
)
[ info ] [ VIEW ] D:\xampp\htdocs\myshop\application\admin\view\index\index.html [ array (
) ]
---------------------------------------------------------------
[2019-05-05T18:00:18+08:00] 127.0.0.1 GET www.myshop.com/index.php/admin/index/static/layui/layui.js
[运行时间：0.046058s] [吞吐率：21.71req/s] [内存消耗：2,191.91kb] [文件加载：66]
[ info ] [ LANG ] D:\xampp\htdocs\myshop\thinkphp\lang\zh-cn.php
[ info ] [ ROUTE ] array (
)
[ info ] [ HEADER ] array (
  'host' => 'www.myshop.com',
  'user-agent' => 'Mozilla/5.0 (Windows NT 10.0; WOW64; rv:66.0) Gecko/20100101 Firefox/66.0',
  'accept' => '*/*',
  'accept-language' => 'zh-CN,zh;q=0.8,zh-TW;q=0.7,zh-HK;q=0.5,en-US;q=0.3,en;q=0.2',
  'accept-encoding' => 'gzip, deflate',
  'referer' => 'http://www.myshop.com/index.php/admin/index/index',
  'connection' => 'keep-alive',
  'cookie' => 'thinkphp_show_page_trace=0|0; thinkphp_show_page_trace=0|0',
  'cache-control' => 'max-age=0',
)
[ info ] [ PARAM ] array (
  'layui' => 'layui.js',
)
' => 'css',
)
---------------------------------------------------------------
[2019-05-05T18:00:37+08:00] 127.0.0.1 GET www.myshop.com/index.php/admin/index/index
[运行时间：0.051734s] [吞吐率：19.33req/s] [内存消耗：2,320.62kb] [文件加载：65]
[ info ] [ LANG ] D:\xampp\htdocs\myshop\thinkphp\lang\zh-cn.php
[ info ] [ ROUTE ] array (
)
[ info ] [ HEADER ] array (
  'host' => 'www.myshop.com',
  'user-agent' => 'Mozilla/5.0 (Windows NT 10.0; WOW64; rv:66.0) Gecko/20100101 Firefox/66.0',
  'accept' => 'text/html,application/xhtml+xml,application/xml;q=0.9,*/*;q=0.8',
  'accept-language' => 'zh-CN,zh;q=0.8,zh-TW;q=0.7,zh-HK;q=0.5,en-US;q=0.3,en;q=0.2',
  'accept-encoding' => 'gzip, deflate',
  'connection' => 'keep-alive',
  'cookie' => 'thinkphp_show_page_trace=0|0; thinkphp_show_page_trace=0|0',
  'upgrade-insecure-requests' => '1',
  'cache-control' => 'max-age=0',
)
[ info ] [ PARAM ] array (
)
[ info ] [ VIEW ] D:\xampp\htdocs\myshop\application\admin\view\index\index.html [ array (
) ]
---------------------------------------------------------------
[2019-05-05T18:03:21+08:00] 127.0.0.1 GET www.myshop.com/
[运行时间：0.055680s] [吞吐率：17.96req/s] [内存消耗：2,115.30kb] [文件加载：63]
[ info ] [ LANG ] D:\xampp\htdocs\myshop\thinkphp\lang\zh-cn.php
[ info ] [ ROUTE ] array (
)
[ info ] [ HEADER ] array (
  'host' => 'www.myshop.com',
  'user-agent' => 'Mozilla/5.0 (Windows NT 10.0; WOW64; rv:66.0) Gecko/20100101 Firefox/66.0',
  'accept' => 'text/html,application/xhtml+xml,application/xml;q=0.9,*/*;q=0.8',
  'accept-language' => 'zh-CN,zh;q=0.8,zh-TW;q=0.7,zh-HK;q=0.5,en-US;q=0.3,en;q=0.2',
  'accept-encoding' => 'gzip, deflate',
  'connection' => 'keep-alive',
  'cookie' => 'thinkphp_show_page_trace=0|0',
  'upgrade-insecure-requests' => '1',
)
[ info ] [ PARAM ] array (
)
---------------------------------------------------------------
[2019-05-05T18:07:30+08:00] 127.0.0.1 GET www.myshop.com/
[运行时间：0.052786s] [吞吐率：18.94req/s] [内存消耗：2,130.87kb] [文件加载：61]
[ info ] [ LANG ] D:\xampp\htdocs\myshop\thinkphp\lang\zh-cn.php
[ info ] [ ROUTE ] array (
)
[ info ] [ HEADER ] array (
  'host' => 'www.myshop.com',
  'user-agent' => 'Mozilla/5.0 (Windows NT 10.0; WOW64; rv:66.0) Gecko/20100101 Firefox/66.0',
  'accept' => 'text/html,application/xhtml+xml,application/xml;q=0.9,*/*;q=0.8',
  'accept-language' => 'zh-CN,zh;q=0.8,zh-TW;q=0.7,zh-HK;q=0.5,en-US;q=0.3,en;q=0.2',
  'accept-encoding' => 'gzip, deflate',
  'connection' => 'keep-alive',
  'cookie' => 'thinkphp_show_page_trace=0|0',
  'upgrade-insecure-requests' => '1',
  'cache-control' => 'max-age=0',
)
[ info ] [ PARAM ] array (
)
---------------------------------------------------------------
[2019-05-05T18:07:41+08:00] 127.0.0.1 GET www.myshop.com/
[运行时间：0.037415s] [吞吐率：26.73req/s] [内存消耗：2,130.10kb] [文件加载：61]
[ info ] [ LANG ] D:\xampp\htdocs\myshop\thinkphp\lang\zh-cn.php
[ info ] [ ROUTE ] array (
)
[ info ] [ HEADER ] array (
  'host' => 'www.myshop.com',
  'user-agent' => 'Mozilla/5.0 (Windows NT 10.0; WOW64; rv:66.0) Gecko/20100101 Firefox/66.0',
  'accept' => 'text/html,application/xhtml+xml,application/xml;q=0.9,*/*;q=0.8',
  'accept-language' => 'zh-CN,zh;q=0.8,zh-TW;q=0.7,zh-HK;q=0.5,en-US;q=0.3,en;q=0.2',
  'accept-encoding' => 'gzip, deflate',
  'connection' => 'keep-alive',
  'cookie' => 'thinkphp_show_page_trace=0|0',
  'upgrade-insecure-requests' => '1',
)
[ info ] [ PARAM ] array (
)
---------------------------------------------------------------
[2019-05-05T18:10:03+08:00] 127.0.0.1 GET www.myshop.com/index.php/admin/index/index
[运行时间：0.061043s] [吞吐率：16.38req/s] [内存消耗：2,138.82kb] [文件加载：63]
[ info ] [ LANG ] D:\xampp\htdocs\myshop\thinkphp\lang\zh-cn.php
[ info ] [ ROUTE ] array (
)
[ info ] [ HEADER ] array (
  'host' => 'www.myshop.com',
  'user-agent' => 'Mozilla/5.0 (Windows NT 10.0; WOW64; rv:66.0) Gecko/20100101 Firefox/66.0',
  'accept' => 'text/html,application/xhtml+xml,application/xml;q=0.9,*/*;q=0.8',
  'accept-language' => 'zh-CN,zh;q=0.8,zh-TW;q=0.7,zh-HK;q=0.5,en-US;q=0.3,en;q=0.2',
  'accept-encoding' => 'gzip, deflate',
  'dnt' => '1',
  'connection' => 'keep-alive',
  'upgrade-insecure-requests' => '1',
  'pragma' => 'no-cache',
  'cache-control' => 'no-cache',
)
[ info ] [ PARAM ] array (
)
[ info ] [ VIEW ] D:\xampp\htdocs\myshop\application\admin\view\index\index.html [ array (
) ]
