---------------------------------------------------------------
[2019-05-06T17:14:14+08:00] 127.0.0.1 GET www.myshop.com/
[运行时间：0.758163s] [吞吐率：1.32req/s] [内存消耗：2,130.30kb] [文件加载：61]
[ info ] [ LANG ] D:\xampp\htdocs\myshop\thinkphp\lang\zh-cn.php
[ info ] [ BIND ] 'index'
[ info ] [ ROUTE ] array (
)
[ info ] [ HEADER ] array (
  'host' => 'www.myshop.com',
  'user-agent' => 'Mozilla/5.0 (Windows NT 10.0; WOW64; rv:66.0) Gecko/20100101 Firefox/66.0',
  'accept' => 'text/html,application/xhtml+xml,application/xml;q=0.9,*/*;q=0.8',
  'accept-language' => 'zh-CN,zh;q=0.8,zh-TW;q=0.7,zh-HK;q=0.5,en-US;q=0.3,en;q=0.2',
  'accept-encoding' => 'gzip, deflate',
  'connection' => 'keep-alive',
  'upgrade-insecure-requests' => '1',
)
[ info ] [ PARAM ] array (
)
---------------------------------------------------------------
[2019-05-06T17:14:25+08:00] 127.0.0.1 GET www.myshop.com/admin.php
[运行时间：0.215075s] [吞吐率：4.65req/s] [内存消耗：2,115.84kb] [文件加载：63]
[ info ] [ LANG ] D:\xampp\htdocs\myshop\thinkphp\lang\zh-cn.php
[ info ] [ BIND ] 'index'
[ info ] [ ROUTE ] array (
)
[ info ] [ HEADER ] array (
  'host' => 'www.myshop.com',
  'user-agent' => 'Mozilla/5.0 (Windows NT 10.0; WOW64; rv:66.0) Gecko/20100101 Firefox/66.0',
  'accept' => 'text/html,application/xhtml+xml,application/xml;q=0.9,*/*;q=0.8',
  'accept-language' => 'zh-CN,zh;q=0.8,zh-TW;q=0.7,zh-HK;q=0.5,en-US;q=0.3,en;q=0.2',
  'accept-encoding' => 'gzip, deflate',
  'connection' => 'keep-alive',
  'cookie' => 'thinkphp_show_page_trace=0|0',
  'upgrade-insecure-requests' => '1',
)
[ info ] [ PARAM ] array (
)
---------------------------------------------------------------
[2019-05-06T17:14:46+08:00] 127.0.0.1 GET www.myshop.com/admin.php
[运行时间：0.044311s] [吞吐率：22.57req/s] [内存消耗：2,116.48kb] [文件加载：63]
[ info ] [ LANG ] D:\xampp\htdocs\myshop\thinkphp\lang\zh-cn.php
[ info ] [ BIND ] 'index'
[ info ] [ ROUTE ] array (
)
[ info ] [ HEADER ] array (
  'host' => 'www.myshop.com',
  'user-agent' => 'Mozilla/5.0 (Windows NT 10.0; WOW64; rv:66.0) Gecko/20100101 Firefox/66.0',
  'accept' => 'text/html,application/xhtml+xml,application/xml;q=0.9,*/*;q=0.8',
  'accept-language' => 'zh-CN,zh;q=0.8,zh-TW;q=0.7,zh-HK;q=0.5,en-US;q=0.3,en;q=0.2',
  'accept-encoding' => 'gzip, deflate',
  'connection' => 'keep-alive',
  'cookie' => 'thinkphp_show_page_trace=0|0',
  'upgrade-insecure-requests' => '1',
  'cache-control' => 'max-age=0',
)
[ info ] [ PARAM ] array (
)
---------------------------------------------------------------
[2019-05-06T17:14:48+08:00] 127.0.0.1 GET www.myshop.com/
[运行时间：0.039055s] [吞吐率：25.61req/s] [内存消耗：2,131.23kb] [文件加载：61]
[ info ] [ LANG ] D:\xampp\htdocs\myshop\thinkphp\lang\zh-cn.php
[ info ] [ BIND ] 'index'
[ info ] [ ROUTE ] array (
)
[ info ] [ HEADER ] array (
  'host' => 'www.myshop.com',
  'user-agent' => 'Mozilla/5.0 (Windows NT 10.0; WOW64; rv:66.0) Gecko/20100101 Firefox/66.0',
  'accept' => 'text/html,application/xhtml+xml,application/xml;q=0.9,*/*;q=0.8',
  'accept-language' => 'zh-CN,zh;q=0.8,zh-TW;q=0.7,zh-HK;q=0.5,en-US;q=0.3,en;q=0.2',
  'accept-encoding' => 'gzip, deflate',
  'connection' => 'keep-alive',
  'cookie' => 'thinkphp_show_page_trace=0|0',
  'upgrade-insecure-requests' => '1',
  'cache-control' => 'max-age=0',
)
[ info ] [ PARAM ] array (
)
---------------------------------------------------------------
[2019-05-06T17:14:48+08:00] 127.0.0.1 GET www.myshop.com/
[运行时间：0.039875s] [吞吐率：25.08req/s] [内存消耗：2,131.23kb] [文件加载：61]
[ info ] [ LANG ] D:\xampp\htdocs\myshop\thinkphp\lang\zh-cn.php
[ info ] [ BIND ] 'index'
[ info ] [ ROUTE ] array (
)
[ info ] [ HEADER ] array (
  'host' => 'www.myshop.com',
  'user-agent' => 'Mozilla/5.0 (Windows NT 10.0; WOW64; rv:66.0) Gecko/20100101 Firefox/66.0',
  'accept' => 'text/html,application/xhtml+xml,application/xml;q=0.9,*/*;q=0.8',
  'accept-language' => 'zh-CN,zh;q=0.8,zh-TW;q=0.7,zh-HK;q=0.5,en-US;q=0.3,en;q=0.2',
  'accept-encoding' => 'gzip, deflate',
  'connection' => 'keep-alive',
  'cookie' => 'thinkphp_show_page_trace=0|0',
  'upgrade-insecure-requests' => '1',
  'cache-control' => 'max-age=0',
)
[ info ] [ PARAM ] array (
)
---------------------------------------------------------------
[2019-05-06T17:14:49+08:00] 127.0.0.1 GET www.myshop.com/
[运行时间：0.041011s] [吞吐率：24.38req/s] [内存消耗：2,131.23kb] [文件加载：61]
[ info ] [ LANG ] D:\xampp\htdocs\myshop\thinkphp\lang\zh-cn.php
[ info ] [ BIND ] 'index'
[ info ] [ ROUTE ] array (
)
[ info ] [ HEADER ] array (
  'host' => 'www.myshop.com',
  'user-agent' => 'Mozilla/5.0 (Windows NT 10.0; WOW64; rv:66.0) Gecko/20100101 Firefox/66.0',
  'accept' => 'text/html,application/xhtml+xml,application/xml;q=0.9,*/*;q=0.8',
  'accept-language' => 'zh-CN,zh;q=0.8,zh-TW;q=0.7,zh-HK;q=0.5,en-US;q=0.3,en;q=0.2',
  'accept-encoding' => 'gzip, deflate',
  'connection' => 'keep-alive',
  'cookie' => 'thinkphp_show_page_trace=0|0',
  'upgrade-insecure-requests' => '1',
  'cache-control' => 'max-age=0',
)
[ info ] [ PARAM ] array (
)
---------------------------------------------------------------
[2019-05-06T17:14:49+08:00] 127.0.0.1 GET www.myshop.com/
[运行时间：0.042392s] [吞吐率：23.59req/s] [内存消耗：2,131.23kb] [文件加载：61]
[ info ] [ LANG ] D:\xampp\htdocs\myshop\thinkphp\lang\zh-cn.php
[ info ] [ BIND ] 'index'
[ info ] [ ROUTE ] array (
)
[ info ] [ HEADER ] array (
  'host' => 'www.myshop.com',
  'user-agent' => 'Mozilla/5.0 (Windows NT 10.0; WOW64; rv:66.0) Gecko/20100101 Firefox/66.0',
  'accept' => 'text/html,application/xhtml+xml,application/xml;q=0.9,*/*;q=0.8',
  'accept-language' => 'zh-CN,zh;q=0.8,zh-TW;q=0.7,zh-HK;q=0.5,en-US;q=0.3,en;q=0.2',
  'accept-encoding' => 'gzip, deflate',
  'connection' => 'keep-alive',
  'cookie' => 'thinkphp_show_page_trace=0|0',
  'upgrade-insecure-requests' => '1',
  'cache-control' => 'max-age=0',
)
[ info ] [ PARAM ] array (
)
---------------------------------------------------------------
[2019-05-06T17:14:50+08:00] 127.0.0.1 GET www.myshop.com/
[运行时间：0.040963s] [吞吐率：24.41req/s] [内存消耗：2,130.59kb] [文件加载：61]
[ info ] [ LANG ] D:\xampp\htdocs\myshop\thinkphp\lang\zh-cn.php
[ info ] [ BIND ] 'index'
[ info ] [ ROUTE ] array (
)
[ info ] [ HEADER ] array (
  'host' => 'www.myshop.com',
  'user-agent' => 'Mozilla/5.0 (Windows NT 10.0; WOW64; rv:66.0) Gecko/20100101 Firefox/66.0',
  'accept' => 'text/html,application/xhtml+xml,application/xml;q=0.9,*/*;q=0.8',
  'accept-language' => 'zh-CN,zh;q=0.8,zh-TW;q=0.7,zh-HK;q=0.5,en-US;q=0.3,en;q=0.2',
  'accept-encoding' => 'gzip, deflate',
  'connection' => 'keep-alive',
  'cookie' => 'thinkphp_show_page_trace=0|0',
  'upgrade-insecure-requests' => '1',
)
[ info ] [ PARAM ] array (
)
---------------------------------------------------------------
[2019-05-06T17:14:57+08:00] 127.0.0.1 GET www.myshop.com/admin.php
[运行时间：0.041357s] [吞吐率：24.18req/s] [内存消耗：2,115.84kb] [文件加载：63]
[ info ] [ LANG ] D:\xampp\htdocs\myshop\thinkphp\lang\zh-cn.php
[ info ] [ BIND ] 'index'
[ info ] [ ROUTE ] array (
)
[ info ] [ HEADER ] array (
  'host' => 'www.myshop.com',
  'user-agent' => 'Mozilla/5.0 (Windows NT 10.0; WOW64; rv:66.0) Gecko/20100101 Firefox/66.0',
  'accept' => 'text/html,application/xhtml+xml,application/xml;q=0.9,*/*;q=0.8',
  'accept-language' => 'zh-CN,zh;q=0.8,zh-TW;q=0.7,zh-HK;q=0.5,en-US;q=0.3,en;q=0.2',
  'accept-encoding' => 'gzip, deflate',
  'connection' => 'keep-alive',
  'cookie' => 'thinkphp_show_page_trace=0|0',
  'upgrade-insecure-requests' => '1',
)
[ info ] [ PARAM ] array (
)
---------------------------------------------------------------
[2019-05-06T17:15:10+08:00] 127.0.0.1 GET www.myshop.com/admin.php
[运行时间：0.042084s] [吞吐率：23.76req/s] [内存消耗：2,116.55kb] [文件加载：63]
[ info ] [ LANG ] D:\xampp\htdocs\myshop\thinkphp\lang\zh-cn.php
[ info ] [ BIND ] 'index'
[ info ] [ ROUTE ] array (
)
[ info ] [ HEADER ] array (
  'host' => 'www.myshop.com',
  'user-agent' => 'Mozilla/5.0 (Windows NT 10.0; WOW64; rv:66.0) Gecko/20100101 Firefox/66.0',
  'accept' => 'text/html,application/xhtml+xml,application/xml;q=0.9,*/*;q=0.8',
  'accept-language' => 'zh-CN,zh;q=0.8,zh-TW;q=0.7,zh-HK;q=0.5,en-US;q=0.3,en;q=0.2',
  'accept-encoding' => 'gzip, deflate',
  'connection' => 'keep-alive',
  'cookie' => 'thinkphp_show_page_trace=0|0',
  'upgrade-insecure-requests' => '1',
  'pragma' => 'no-cache',
  'cache-control' => 'no-cache',
)
[ info ] [ PARAM ] array (
)
---------------------------------------------------------------
[2019-05-06T17:15:15+08:00] 127.0.0.1 GET www.myshop.com/
[运行时间：0.061849s] [吞吐率：16.17req/s] [内存消耗：2,130.59kb] [文件加载：61]
[ info ] [ LANG ] D:\xampp\htdocs\myshop\thinkphp\lang\zh-cn.php
[ info ] [ BIND ] 'index'
[ info ] [ ROUTE ] array (
)
[ info ] [ HEADER ] array (
  'host' => 'www.myshop.com',
  'user-agent' => 'Mozilla/5.0 (Windows NT 10.0; WOW64; rv:66.0) Gecko/20100101 Firefox/66.0',
  'accept' => 'text/html,application/xhtml+xml,application/xml;q=0.9,*/*;q=0.8',
  'accept-language' => 'zh-CN,zh;q=0.8,zh-TW;q=0.7,zh-HK;q=0.5,en-US;q=0.3,en;q=0.2',
  'accept-encoding' => 'gzip, deflate',
  'connection' => 'keep-alive',
  'cookie' => 'thinkphp_show_page_trace=0|0',
  'upgrade-insecure-requests' => '1',
)
[ info ] [ PARAM ] array (
)
---------------------------------------------------------------
[2019-05-06T17:15:23+08:00] 127.0.0.1 GET www.myshop.com/admin.php
[运行时间：0.044245s] [吞吐率：22.60req/s] [内存消耗：2,115.84kb] [文件加载：63]
[ info ] [ LANG ] D:\xampp\htdocs\myshop\thinkphp\lang\zh-cn.php
[ info ] [ BIND ] 'index'
[ info ] [ ROUTE ] array (
)
[ info ] [ HEADER ] array (
  'host' => 'www.myshop.com',
  'user-agent' => 'Mozilla/5.0 (Windows NT 10.0; WOW64; rv:66.0) Gecko/20100101 Firefox/66.0',
  'accept' => 'text/html,application/xhtml+xml,application/xml;q=0.9,*/*;q=0.8',
  'accept-language' => 'zh-CN,zh;q=0.8,zh-TW;q=0.7,zh-HK;q=0.5,en-US;q=0.3,en;q=0.2',
  'accept-encoding' => 'gzip, deflate',
  'connection' => 'keep-alive',
  'cookie' => 'thinkphp_show_page_trace=0|0',
  'upgrade-insecure-requests' => '1',
)
[ info ] [ PARAM ] array (
)
---------------------------------------------------------------
[2019-05-06T17:15:43+08:00] 127.0.0.1 GET www.myshop.com/index.php/
[运行时间：0.039112s] [吞吐率：25.57req/s] [内存消耗：2,130.55kb] [文件加载：61]
[ info ] [ LANG ] D:\xampp\htdocs\myshop\thinkphp\lang\zh-cn.php
[ info ] [ BIND ] 'index'
[ info ] [ ROUTE ] array (
)
[ info ] [ HEADER ] array (
  'host' => 'www.myshop.com',
  'user-agent' => 'Mozilla/5.0 (Windows NT 10.0; WOW64; rv:66.0) Gecko/20100101 Firefox/66.0',
  'accept' => 'text/html,application/xhtml+xml,application/xml;q=0.9,*/*;q=0.8',
  'accept-language' => 'zh-CN,zh;q=0.8,zh-TW;q=0.7,zh-HK;q=0.5,en-US;q=0.3,en;q=0.2',
  'accept-encoding' => 'gzip, deflate',
  'connection' => 'keep-alive',
  'cookie' => 'thinkphp_show_page_trace=0|0',
  'upgrade-insecure-requests' => '1',
)
[ info ] [ PARAM ] array (
)
---------------------------------------------------------------
[2019-05-06T17:16:19+08:00] 127.0.0.1 GET www.myshop.com/admin.php
[运行时间：0.191488s] [吞吐率：5.22req/s] [内存消耗：2,315.66kb] [文件加载：67]
[ info ] [ LANG ] D:\xampp\htdocs\myshop\thinkphp\lang\zh-cn.php
[ info ] [ BIND ] 'admin'
[ info ] [ ROUTE ] array (
)
[ info ] [ HEADER ] array (
  'host' => 'www.myshop.com',
  'user-agent' => 'Mozilla/5.0 (Windows NT 10.0; WOW64; rv:66.0) Gecko/20100101 Firefox/66.0',
  'accept' => 'text/html,application/xhtml+xml,application/xml;q=0.9,*/*;q=0.8',
  'accept-language' => 'zh-CN,zh;q=0.8,zh-TW;q=0.7,zh-HK;q=0.5,en-US;q=0.3,en;q=0.2',
  'accept-encoding' => 'gzip, deflate',
  'connection' => 'keep-alive',
  'cookie' => 'thinkphp_show_page_trace=0|0',
  'upgrade-insecure-requests' => '1',
  'cache-control' => 'max-age=0',
)
[ info ] [ PARAM ] array (
)
[ info ] [ VIEW ] D:\xampp\htdocs\myshop\application\admin\view\index\index.html [ array (
) ]
---------------------------------------------------------------
[2019-05-06T17:16:55+08:00] 127.0.0.1 GET www.myshop.com/admin.php/index/index/create
[运行时间：0.108068s] [吞吐率：9.25req/s] [内存消耗：2,144.48kb] [文件加载：65]
[ info ] [ LANG ] D:\xampp\htdocs\myshop\thinkphp\lang\zh-cn.php
[ info ] [ BIND ] 'admin'
[ info ] [ ROUTE ] array (
)
[ info ] [ HEADER ] array (
  'host' => 'www.myshop.com',
  'user-agent' => 'Mozilla/5.0 (Windows NT 10.0; WOW64; rv:66.0) Gecko/20100101 Firefox/66.0',
  'accept' => 'text/html,application/xhtml+xml,application/xml;q=0.9,*/*;q=0.8',
  'accept-language' => 'zh-CN,zh;q=0.8,zh-TW;q=0.7,zh-HK;q=0.5,en-US;q=0.3,en;q=0.2',
  'accept-encoding' => 'gzip, deflate',
  'connection' => 'keep-alive',
  'cookie' => 'thinkphp_show_page_trace=0|0',
  'upgrade-insecure-requests' => '1',
)
[ info ] [ PARAM ] array (
)
[ info ] [ VIEW ] D:\xampp\htdocs\myshop\application\admin\view\index\index.html [ array (
) ]
---------------------------------------------------------------
[2019-05-06T17:18:43+08:00] 127.0.0.1 GET www.myshop.com/admin.php/index/index/create
[运行时间：0.041918s] [吞吐率：23.86req/s] [内存消耗：2,145.55kb] [文件加载：65]
[ info ] [ LANG ] D:\xampp\htdocs\myshop\thinkphp\lang\zh-cn.php
[ info ] [ BIND ] 'admin'
[ info ] [ ROUTE ] array (
)
[ info ] [ HEADER ] array (
  'host' => 'www.myshop.com',
  'user-agent' => 'Mozilla/5.0 (Windows NT 10.0; WOW64; rv:66.0) Gecko/20100101 Firefox/66.0',
  'accept' => 'text/html,application/xhtml+xml,application/xml;q=0.9,*/*;q=0.8',
  'accept-language' => 'zh-CN,zh;q=0.8,zh-TW;q=0.7,zh-HK;q=0.5,en-US;q=0.3,en;q=0.2',
  'accept-encoding' => 'gzip, deflate',
  'connection' => 'keep-alive',
  'cookie' => 'thinkphp_show_page_trace=0|0; thinkphp_show_page_trace=0|0',
  'upgrade-insecure-requests' => '1',
  'cache-control' => 'max-age=0',
)
[ info ] [ PARAM ] array (
)
[ info ] [ VIEW ] D:\xampp\htdocs\myshop\application\admin\view\index\index.html [ array (
) ]
---------------------------------------------------------------
[2019-05-06T17:19:05+08:00] 127.0.0.1 GET www.myshop.com/admin.php/index/create
[运行时间：0.058710s] [吞吐率：17.03req/s] [内存消耗：2,315.23kb] [文件加载：67]
[ info ] [ LANG ] D:\xampp\htdocs\myshop\thinkphp\lang\zh-cn.php
[ info ] [ BIND ] 'admin'
[ info ] [ ROUTE ] array (
)
[ info ] [ HEADER ] array (
  'host' => 'www.myshop.com',
  'user-agent' => 'Mozilla/5.0 (Windows NT 10.0; WOW64; rv:66.0) Gecko/20100101 Firefox/66.0',
  'accept' => 'text/html,application/xhtml+xml,application/xml;q=0.9,*/*;q=0.8',
  'accept-language' => 'zh-CN,zh;q=0.8,zh-TW;q=0.7,zh-HK;q=0.5,en-US;q=0.3,en;q=0.2',
  'accept-encoding' => 'gzip, deflate',
  'connection' => 'keep-alive',
  'cookie' => 'thinkphp_show_page_trace=0|0',
  'upgrade-insecure-requests' => '1',
)
[ info ] [ PARAM ] array (
)
[ info ] [ VIEW ] D:\xampp\htdocs\myshop\application\admin\view\index\create.html [ array (
) ]
---------------------------------------------------------------
[2019-05-06T17:19:12+08:00] 127.0.0.1 GET www.myshop.com/admin.php/index/
[运行时间：0.043616s] [吞吐率：22.93req/s] [内存消耗：2,145.11kb] [文件加载：65]
[ info ] [ LANG ] D:\xampp\htdocs\myshop\thinkphp\lang\zh-cn.php
[ info ] [ BIND ] 'admin'
[ info ] [ ROUTE ] array (
)
[ info ] [ HEADER ] array (
  'host' => 'www.myshop.com',
  'user-agent' => 'Mozilla/5.0 (Windows NT 10.0; WOW64; rv:66.0) Gecko/20100101 Firefox/66.0',
  'accept' => 'text/html,application/xhtml+xml,application/xml;q=0.9,*/*;q=0.8',
  'accept-language' => 'zh-CN,zh;q=0.8,zh-TW;q=0.7,zh-HK;q=0.5,en-US;q=0.3,en;q=0.2',
  'accept-encoding' => 'gzip, deflate',
  'connection' => 'keep-alive',
  'cookie' => 'thinkphp_show_page_trace=0|0; thinkphp_show_page_trace=0|0',
  'upgrade-insecure-requests' => '1',
)
[ info ] [ PARAM ] array (
)
[ info ] [ VIEW ] D:\xampp\htdocs\myshop\application\admin\view\index\index.html [ array (
) ]
---------------------------------------------------------------
[2019-05-06T19:43:14+08:00] 127.0.0.1 GET www.myshop.com/admin.php/index/
[运行时间：0.062796s] [吞吐率：15.92req/s] [内存消耗：2,145.48kb] [文件加载：65]
[ info ] [ LANG ] D:\xampp\htdocs\myshop\thinkphp\lang\zh-cn.php
[ info ] [ BIND ] 'admin'
[ info ] [ ROUTE ] array (
)
[ info ] [ HEADER ] array (
  'host' => 'www.myshop.com',
  'user-agent' => 'Mozilla/5.0 (Windows NT 10.0; WOW64; rv:66.0) Gecko/20100101 Firefox/66.0',
  'accept' => 'text/html,application/xhtml+xml,application/xml;q=0.9,*/*;q=0.8',
  'accept-language' => 'zh-CN,zh;q=0.8,zh-TW;q=0.7,zh-HK;q=0.5,en-US;q=0.3,en;q=0.2',
  'accept-encoding' => 'gzip, deflate',
  'referer' => 'http://www.myshop.com/admin.php/index/',
  'connection' => 'keep-alive',
  'cookie' => 'thinkphp_show_page_trace=0|0; thinkphp_show_page_trace=0|0',
  'upgrade-insecure-requests' => '1',
)
[ info ] [ PARAM ] array (
)
[ info ] [ VIEW ] D:\xampp\htdocs\myshop\application\admin\view\index\index.html [ array (
) ]
---------------------------------------------------------------
[2019-05-06T19:43:24+08:00] 127.0.0.1 GET www.myshop.com/admin.php/index/
[运行时间：0.053184s] [吞吐率：18.80req/s] [内存消耗：2,145.48kb] [文件加载：65]
[ info ] [ LANG ] D:\xampp\htdocs\myshop\thinkphp\lang\zh-cn.php
[ info ] [ BIND ] 'admin'
[ info ] [ ROUTE ] array (
)
[ info ] [ HEADER ] array (
  'host' => 'www.myshop.com',
  'user-agent' => 'Mozilla/5.0 (Windows NT 10.0; WOW64; rv:66.0) Gecko/20100101 Firefox/66.0',
  'accept' => 'text/html,application/xhtml+xml,application/xml;q=0.9,*/*;q=0.8',
  'accept-language' => 'zh-CN,zh;q=0.8,zh-TW;q=0.7,zh-HK;q=0.5,en-US;q=0.3,en;q=0.2',
  'accept-encoding' => 'gzip, deflate',
  'referer' => 'http://www.myshop.com/admin.php/index/',
  'connection' => 'keep-alive',
  'cookie' => 'thinkphp_show_page_trace=0|0; thinkphp_show_page_trace=0|0',
  'upgrade-insecure-requests' => '1',
)
[ info ] [ PARAM ] array (
)
[ info ] [ VIEW ] D:\xampp\htdocs\myshop\application\admin\view\index\index.html [ array (
) ]
---------------------------------------------------------------
[2019-05-06T19:43:29+08:00] 127.0.0.1 GET www.myshop.com/admin.php/index/
[运行时间：0.043043s] [吞吐率：23.23req/s] [内存消耗：2,145.48kb] [文件加载：65]
[ info ] [ LANG ] D:\xampp\htdocs\myshop\thinkphp\lang\zh-cn.php
[ info ] [ BIND ] 'admin'
[ info ] [ ROUTE ] array (
)
[ info ] [ HEADER ] array (
  'host' => 'www.myshop.com',
  'user-agent' => 'Mozilla/5.0 (Windows NT 10.0; WOW64; rv:66.0) Gecko/20100101 Firefox/66.0',
  'accept' => 'text/html,application/xhtml+xml,application/xml;q=0.9,*/*;q=0.8',
  'accept-language' => 'zh-CN,zh;q=0.8,zh-TW;q=0.7,zh-HK;q=0.5,en-US;q=0.3,en;q=0.2',
  'accept-encoding' => 'gzip, deflate',
  'referer' => 'http://www.myshop.com/admin.php/index/',
  'connection' => 'keep-alive',
  'cookie' => 'thinkphp_show_page_trace=0|0; thinkphp_show_page_trace=0|0',
  'upgrade-insecure-requests' => '1',
)
[ info ] [ PARAM ] array (
)
[ info ] [ VIEW ] D:\xampp\htdocs\myshop\application\admin\view\index\index.html [ array (
) ]
