---------------------------------------------------------------
[2019-05-08T16:49:28+08:00] 127.0.0.1 GET www.myshop.com/
[运行时间：0.668206s] [吞吐率：1.50req/s] [内存消耗：2,130.30kb] [文件加载：61]
[ info ] [ LANG ] D:\xampp\htdocs\myshop\thinkphp\lang\zh-cn.php
[ info ] [ BIND ] 'index'
[ info ] [ ROUTE ] array (
)
[ info ] [ HEADER ] array (
  'host' => 'www.myshop.com',
  'user-agent' => 'Mozilla/5.0 (Windows NT 10.0; WOW64; rv:66.0) Gecko/20100101 Firefox/66.0',
  'accept' => 'text/html,application/xhtml+xml,application/xml;q=0.9,*/*;q=0.8',
  'accept-language' => 'zh-CN,zh;q=0.8,zh-TW;q=0.7,zh-HK;q=0.5,en-US;q=0.3,en;q=0.2',
  'accept-encoding' => 'gzip, deflate',
  'connection' => 'keep-alive',
  'upgrade-insecure-requests' => '1',
)
[ info ] [ PARAM ] array (
)
---------------------------------------------------------------
[2019-05-08T16:58:13+08:00] 127.0.0.1 GET www.myshop.com/
[运行时间：0.078962s] [吞吐率：12.66req/s] [内存消耗：2,130.59kb] [文件加载：61]
[ info ] [ LANG ] D:\xampp\htdocs\myshop\thinkphp\lang\zh-cn.php
[ info ] [ BIND ] 'index'
[ info ] [ ROUTE ] array (
)
[ info ] [ HEADER ] array (
  'host' => 'www.myshop.com',
  'user-agent' => 'Mozilla/5.0 (Windows NT 10.0; WOW64; rv:66.0) Gecko/20100101 Firefox/66.0',
  'accept' => 'text/html,application/xhtml+xml,application/xml;q=0.9,*/*;q=0.8',
  'accept-language' => 'zh-CN,zh;q=0.8,zh-TW;q=0.7,zh-HK;q=0.5,en-US;q=0.3,en;q=0.2',
  'accept-encoding' => 'gzip, deflate',
  'connection' => 'keep-alive',
  'cookie' => 'thinkphp_show_page_trace=0|0',
  'upgrade-insecure-requests' => '1',
)
[ info ] [ PARAM ] array (
)
---------------------------------------------------------------
[2019-05-08T16:58:25+08:00] 127.0.0.1 GET www.myshop.com/index.php/
[运行时间：0.042854s] [吞吐率：23.34req/s] [内存消耗：2,130.55kb] [文件加载：61]
[ info ] [ LANG ] D:\xampp\htdocs\myshop\thinkphp\lang\zh-cn.php
[ info ] [ BIND ] 'index'
[ info ] [ ROUTE ] array (
)
[ info ] [ HEADER ] array (
  'host' => 'www.myshop.com',
  'user-agent' => 'Mozilla/5.0 (Windows NT 10.0; WOW64; rv:66.0) Gecko/20100101 Firefox/66.0',
  'accept' => 'text/html,application/xhtml+xml,application/xml;q=0.9,*/*;q=0.8',
  'accept-language' => 'zh-CN,zh;q=0.8,zh-TW;q=0.7,zh-HK;q=0.5,en-US;q=0.3,en;q=0.2',
  'accept-encoding' => 'gzip, deflate',
  'connection' => 'keep-alive',
  'cookie' => 'thinkphp_show_page_trace=0|0',
  'upgrade-insecure-requests' => '1',
)
[ info ] [ PARAM ] array (
)
---------------------------------------------------------------
[2019-05-08T16:58:48+08:00] 127.0.0.1 GET www.myshop.com/admin.php/
[运行时间：0.136200s] [吞吐率：7.34req/s] [内存消耗：2,144.63kb] [文件加载：65]
[ info ] [ LANG ] D:\xampp\htdocs\myshop\thinkphp\lang\zh-cn.php
[ info ] [ BIND ] 'admin'
[ info ] [ ROUTE ] array (
)
[ info ] [ HEADER ] array (
  'host' => 'www.myshop.com',
  'user-agent' => 'Mozilla/5.0 (Windows NT 10.0; WOW64; rv:66.0) Gecko/20100101 Firefox/66.0',
  'accept' => 'text/html,application/xhtml+xml,application/xml;q=0.9,*/*;q=0.8',
  'accept-language' => 'zh-CN,zh;q=0.8,zh-TW;q=0.7,zh-HK;q=0.5,en-US;q=0.3,en;q=0.2',
  'accept-encoding' => 'gzip, deflate',
  'connection' => 'keep-alive',
  'cookie' => 'thinkphp_show_page_trace=0|0',
  'upgrade-insecure-requests' => '1',
)
[ info ] [ PARAM ] array (
)
[ info ] [ VIEW ] D:\xampp\htdocs\myshop\application\admin\view\index\index.html [ array (
) ]
