---------------------------------------------------------------
[2019-05-17T08:33:19+08:00] 127.0.0.1 GET www.1901bmyshop.com/
[运行时间：0.610224s] [吞吐率：1.64req/s] [内存消耗：1,597.62kb] [文件加载：64]
[ info ] [ LANG ] E:\phpStudy\PHPTutorial\WWW\month4\1901b\myshop\thinkphp\lang\zh-cn.php
[ info ] [ BIND ] 'index'
[ info ] [ ROUTE ] array (
)
[ info ] [ HEADER ] array (
  'accept-language' => 'zh-CN,zh;q=0.8',
  'accept-encoding' => 'gzip, deflate, sdch',
  'accept' => 'text/html,application/xhtml+xml,application/xml;q=0.9,image/webp,*/*;q=0.8',
  'user-agent' => 'Mozilla/5.0 (Windows NT 10.0; Win64; x64) AppleWebKit/537.36 (KHTML, like Gecko) Chrome/57.0.2987.133 Safari/537.36',
  'upgrade-insecure-requests' => '1',
  'connection' => 'close',
  'host' => 'www.1901bmyshop.com',
)
[ info ] [ PARAM ] array (
)
---------------------------------------------------------------
[2019-05-17T08:33:19+08:00] 127.0.0.1 GET www.1901bmyshop.com/
[运行时间：0.609789s] [吞吐率：1.64req/s] [内存消耗：1,597.62kb] [文件加载：64]
[ info ] [ LANG ] E:\phpStudy\PHPTutorial\WWW\month4\1901b\myshop\thinkphp\lang\zh-cn.php
[ info ] [ BIND ] 'index'
[ info ] [ ROUTE ] array (
)
[ info ] [ HEADER ] array (
  'accept-language' => 'zh-CN,zh;q=0.8',
  'accept-encoding' => 'gzip, deflate, sdch',
  'accept' => 'text/html,application/xhtml+xml,application/xml;q=0.9,image/webp,*/*;q=0.8',
  'user-agent' => 'Mozilla/5.0 (Windows NT 10.0; Win64; x64) AppleWebKit/537.36 (KHTML, like Gecko) Chrome/57.0.2987.133 Safari/537.36',
  'upgrade-insecure-requests' => '1',
  'connection' => 'close',
  'host' => 'www.1901bmyshop.com',
)
[ info ] [ PARAM ] array (
)
---------------------------------------------------------------
[2019-05-17T08:33:29+08:00] 127.0.0.1 GET www.1901bmyshop.com/admin.php
[运行时间：0.098788s] [吞吐率：10.12req/s] [内存消耗：1,659.04kb] [文件加载：70]
[ info ] [ LANG ] E:\phpStudy\PHPTutorial\WWW\month4\1901b\myshop\thinkphp\lang\zh-cn.php
[ info ] [ BIND ] 'admin'
[ info ] [ ROUTE ] array (
)
[ info ] [ HEADER ] array (
  'cookie' => 'thinkphp_show_page_trace=0|0',
  'accept-language' => 'zh-CN,zh;q=0.8',
  'accept-encoding' => 'gzip, deflate, sdch',
  'accept' => 'text/html,application/xhtml+xml,application/xml;q=0.9,image/webp,*/*;q=0.8',
  'user-agent' => 'Mozilla/5.0 (Windows NT 10.0; Win64; x64) AppleWebKit/537.36 (KHTML, like Gecko) Chrome/57.0.2987.133 Safari/537.36',
  'upgrade-insecure-requests' => '1',
  'connection' => 'close',
  'host' => 'www.1901bmyshop.com',
)
[ info ] [ PARAM ] array (
)
[ info ] [ VIEW ] E:\phpStudy\PHPTutorial\WWW\month4\1901b\myshop\application\admin\view\index\index.html [ array (
) ]
---------------------------------------------------------------
[2019-05-17T08:40:38+08:00] 127.0.0.1 GET www.1901bmyshop.com/admin.php
[运行时间：0.041309s] [吞吐率：24.21req/s] [内存消耗：1,659.57kb] [文件加载：70]
[ info ] [ LANG ] E:\phpStudy\PHPTutorial\WWW\month4\1901b\myshop\thinkphp\lang\zh-cn.php
[ info ] [ BIND ] 'admin'
[ info ] [ ROUTE ] array (
)
[ info ] [ HEADER ] array (
  'cookie' => 'thinkphp_show_page_trace=0|0',
  'accept-language' => 'zh-CN,zh;q=0.8',
  'accept-encoding' => 'gzip, deflate, sdch',
  'accept' => 'text/html,application/xhtml+xml,application/xml;q=0.9,image/webp,*/*;q=0.8',
  'user-agent' => 'Mozilla/5.0 (Windows NT 10.0; Win64; x64) AppleWebKit/537.36 (KHTML, like Gecko) Chrome/57.0.2987.133 Safari/537.36',
  'upgrade-insecure-requests' => '1',
  'cache-control' => 'max-age=0',
  'connection' => 'close',
  'host' => 'www.1901bmyshop.com',
)
[ info ] [ PARAM ] array (
)
[ info ] [ VIEW ] E:\phpStudy\PHPTutorial\WWW\month4\1901b\myshop\application\admin\view\index\index.html [ array (
) ]
---------------------------------------------------------------
[2019-05-17T08:40:47+08:00] 127.0.0.1 GET www.1901bmyshop.com/admin.php/login/login
[运行时间：0.119951s] [吞吐率：8.34req/s] [内存消耗：1,660.51kb] [文件加载：70]
[ info ] [ LANG ] E:\phpStudy\PHPTutorial\WWW\month4\1901b\myshop\thinkphp\lang\zh-cn.php
[ info ] [ BIND ] 'admin'
[ info ] [ ROUTE ] array (
)
[ info ] [ HEADER ] array (
  'cookie' => 'thinkphp_show_page_trace=0|0',
  'accept-language' => 'zh-CN,zh;q=0.8',
  'accept-encoding' => 'gzip, deflate, sdch',
  'accept' => 'text/html,application/xhtml+xml,application/xml;q=0.9,image/webp,*/*;q=0.8',
  'user-agent' => 'Mozilla/5.0 (Windows NT 10.0; Win64; x64) AppleWebKit/537.36 (KHTML, like Gecko) Chrome/57.0.2987.133 Safari/537.36',
  'upgrade-insecure-requests' => '1',
  'connection' => 'close',
  'host' => 'www.1901bmyshop.com',
)
[ info ] [ PARAM ] array (
)
[ info ] [ VIEW ] E:\phpStudy\PHPTutorial\WWW\month4\1901b\myshop\application\admin\view\login\login.html [ array (
) ]
---------------------------------------------------------------
[2019-05-17T08:40:48+08:00] 127.0.0.1 GET www.1901bmyshop.com/admin.php/captcha.html
[运行时间：0.954360s] [吞吐率：1.05req/s] [内存消耗：1,165.03kb] [文件加载：55]
[ info ] [ LANG ] E:\phpStudy\PHPTutorial\WWW\month4\1901b\myshop\thinkphp\lang\zh-cn.php
[ info ] [ BIND ] 'admin'
[ info ] [ ROUTE ] array (
  'rule' => 'captcha/<id?>',
  'route' => '\\think\\captcha\\CaptchaController@index',
  'option' => 
  array (
    'merge_rule_regex' => false,
  ),
  'var' => 
  array (
  ),
)
[ info ] [ HEADER ] array (
  'cookie' => 'thinkphp_show_page_trace=0|0',
  'accept-language' => 'zh-CN,zh;q=0.8',
  'accept-encoding' => 'gzip, deflate, sdch',
  'referer' => 'http://www.1901bmyshop.com/admin.php/login/login',
  'accept' => 'image/webp,image/*,*/*;q=0.8',
  'user-agent' => 'Mozilla/5.0 (Windows NT 10.0; Win64; x64) AppleWebKit/537.36 (KHTML, like Gecko) Chrome/57.0.2987.133 Safari/537.36',
  'connection' => 'close',
  'host' => 'www.1901bmyshop.com',
)
[ info ] [ PARAM ] array (
)
---------------------------------------------------------------
[2019-05-17T08:40:54+08:00] 127.0.0.1 GET www.1901bmyshop.com/admin.php/captcha.html?num=0.18542603471351038
[运行时间：0.065442s] [吞吐率：15.28req/s] [内存消耗：1,166.02kb] [文件加载：55]
[ info ] [ LANG ] E:\phpStudy\PHPTutorial\WWW\month4\1901b\myshop\thinkphp\lang\zh-cn.php
[ info ] [ BIND ] 'admin'
[ info ] [ ROUTE ] array (
  'rule' => 'captcha/<id?>',
  'route' => '\\think\\captcha\\CaptchaController@index',
  'option' => 
  array (
    'merge_rule_regex' => false,
  ),
  'var' => 
  array (
  ),
)
[ info ] [ HEADER ] array (
  'cookie' => 'thinkphp_show_page_trace=0|0; PHPSESSID=3ttalnakqerkmpphvv8sujqc5d',
  'accept-language' => 'zh-CN,zh;q=0.8',
  'accept-encoding' => 'gzip, deflate, sdch',
  'referer' => 'http://www.1901bmyshop.com/admin.php/login/login',
  'accept' => 'image/webp,image/*,*/*;q=0.8',
  'user-agent' => 'Mozilla/5.0 (Windows NT 10.0; Win64; x64) AppleWebKit/537.36 (KHTML, like Gecko) Chrome/57.0.2987.133 Safari/537.36',
  'connection' => 'close',
  'host' => 'www.1901bmyshop.com',
)
[ info ] [ PARAM ] array (
  'num' => '0.18542603471351038',
)
---------------------------------------------------------------
[2019-05-17T08:41:05+08:00] 127.0.0.1 POST www.1901bmyshop.com/admin.php/login/logindo.html
[运行时间：0.507191s] [吞吐率：1.97req/s] [内存消耗：2,638.33kb] [文件加载：81]
[ info ] [ LANG ] E:\phpStudy\PHPTutorial\WWW\month4\1901b\myshop\thinkphp\lang\zh-cn.php
[ info ] [ BIND ] 'admin'
[ info ] [ ROUTE ] array (
)
[ info ] [ HEADER ] array (
  'cookie' => 'thinkphp_show_page_trace=0|0; thinkphp_show_page_trace=0|0; PHPSESSID=3ttalnakqerkmpphvv8sujqc5d',
  'accept-language' => 'zh-CN,zh;q=0.8',
  'accept-encoding' => 'gzip, deflate',
  'referer' => 'http://www.1901bmyshop.com/admin.php/login/login',
  'content-type' => 'application/x-www-form-urlencoded; charset=UTF-8',
  'user-agent' => 'Mozilla/5.0 (Windows NT 10.0; Win64; x64) AppleWebKit/537.36 (KHTML, like Gecko) Chrome/57.0.2987.133 Safari/537.36',
  'x-requested-with' => 'XMLHttpRequest',
  'origin' => 'http://www.1901bmyshop.com',
  'accept' => '*/*',
  'content-length' => '45',
  'connection' => 'close',
  'host' => 'www.1901bmyshop.com',
)
[ info ] [ PARAM ] array (
  'admin_name' => 'admin',
  'admin_pwd' => 'admin123',
  'code' => 'qphy',
)
[ info ] [ DB ] INIT mysql
[ sql ] [ DB ] CONNECT:[ UseTime:0.005312s ] mysql:host=127.0.0.1;port=3306;dbname=shop;charset=utf8
[ sql ] [ SQL ] SHOW COLUMNS FROM `shop_admin` [ RunTime:0.106187s ]
[ sql ] [ SQL ] SELECT * FROM `shop_admin` WHERE  `admin_name` = 'admin'  AND `admin_pwd` = '0192023a7bbd73250516f069df18b500' LIMIT 1 [ RunTime:0.002462s ]
---------------------------------------------------------------
[2019-05-17T08:44:36+08:00] 127.0.0.1 GET www.1901bmyshop.com/admin.php/captcha.html?num=0.7312549472309897
[运行时间：0.069167s] [吞吐率：14.46req/s] [内存消耗：1,166.64kb] [文件加载：55]
[ info ] [ LANG ] E:\phpStudy\PHPTutorial\WWW\month4\1901b\myshop\thinkphp\lang\zh-cn.php
[ info ] [ BIND ] 'admin'
[ info ] [ ROUTE ] array (
  'rule' => 'captcha/<id?>',
  'route' => '\\think\\captcha\\CaptchaController@index',
  'option' => 
  array (
    'merge_rule_regex' => false,
  ),
  'var' => 
  array (
  ),
)
[ info ] [ HEADER ] array (
  'cookie' => 'thinkphp_show_page_trace=0|0; PHPSESSID=3ttalnakqerkmpphvv8sujqc5d',
  'accept-language' => 'zh-CN,zh;q=0.8',
  'accept-encoding' => 'gzip, deflate, sdch',
  'referer' => 'http://www.1901bmyshop.com/admin.php/login/login',
  'accept' => 'image/webp,image/*,*/*;q=0.8',
  'user-agent' => 'Mozilla/5.0 (Windows NT 10.0; Win64; x64) AppleWebKit/537.36 (KHTML, like Gecko) Chrome/57.0.2987.133 Safari/537.36',
  'connection' => 'close',
  'host' => 'www.1901bmyshop.com',
)
[ info ] [ PARAM ] array (
  'num' => '0.7312549472309897',
)
---------------------------------------------------------------
[2019-05-17T08:44:42+08:00] 127.0.0.1 POST www.1901bmyshop.com/admin.php/login/logindo.html
[运行时间：0.216036s] [吞吐率：4.63req/s] [内存消耗：2,602.98kb] [文件加载：81]
[ info ] [ LANG ] E:\phpStudy\PHPTutorial\WWW\month4\1901b\myshop\thinkphp\lang\zh-cn.php
[ info ] [ BIND ] 'admin'
[ info ] [ ROUTE ] array (
)
[ info ] [ HEADER ] array (
  'cookie' => 'thinkphp_show_page_trace=0|0; thinkphp_show_page_trace=0|0; PHPSESSID=3ttalnakqerkmpphvv8sujqc5d',
  'accept-language' => 'zh-CN,zh;q=0.8',
  'accept-encoding' => 'gzip, deflate',
  'referer' => 'http://www.1901bmyshop.com/admin.php/login/login',
  'content-type' => 'application/x-www-form-urlencoded; charset=UTF-8',
  'user-agent' => 'Mozilla/5.0 (Windows NT 10.0; Win64; x64) AppleWebKit/537.36 (KHTML, like Gecko) Chrome/57.0.2987.133 Safari/537.36',
  'x-requested-with' => 'XMLHttpRequest',
  'origin' => 'http://www.1901bmyshop.com',
  'accept' => '*/*',
  'content-length' => '45',
  'connection' => 'close',
  'host' => 'www.1901bmyshop.com',
)
[ info ] [ PARAM ] array (
  'admin_name' => 'admin',
  'admin_pwd' => 'admin123',
  'code' => '4fjx',
)
[ info ] [ DB ] INIT mysql
[ sql ] [ DB ] CONNECT:[ UseTime:0.006734s ] mysql:host=127.0.0.1;port=3306;dbname=shop;charset=utf8
[ sql ] [ SQL ] SHOW COLUMNS FROM `shop_admin` [ RunTime:0.043645s ]
[ sql ] [ SQL ] SELECT * FROM `shop_admin` WHERE  `admin_name` = 'admin'  AND `admin_pwd` = '0192023a7bbd73250516f069df18b500' LIMIT 1 [ RunTime:0.003199s ]
[ sql ] [ SQL ] UPDATE `shop_admin`  SET `last_login_time` = 1558053882 , `last_login_ip` = '127.0.0.1'  WHERE  `admin_id` = 2 [ RunTime:0.043288s ]
---------------------------------------------------------------
[2019-05-17T08:46:04+08:00] 127.0.0.1 GET www.1901bmyshop.com/admin.php/captcha.html?num=0.8332174995254957
[运行时间：0.047474s] [吞吐率：21.06req/s] [内存消耗：1,166.64kb] [文件加载：55]
[ info ] [ LANG ] E:\phpStudy\PHPTutorial\WWW\month4\1901b\myshop\thinkphp\lang\zh-cn.php
[ info ] [ BIND ] 'admin'
[ info ] [ ROUTE ] array (
  'rule' => 'captcha/<id?>',
  'route' => '\\think\\captcha\\CaptchaController@index',
  'option' => 
  array (
    'merge_rule_regex' => false,
  ),
  'var' => 
  array (
  ),
)
[ info ] [ HEADER ] array (
  'cookie' => 'thinkphp_show_page_trace=0|0; PHPSESSID=3ttalnakqerkmpphvv8sujqc5d',
  'accept-language' => 'zh-CN,zh;q=0.8',
  'accept-encoding' => 'gzip, deflate, sdch',
  'referer' => 'http://www.1901bmyshop.com/admin.php/login/login',
  'accept' => 'image/webp,image/*,*/*;q=0.8',
  'user-agent' => 'Mozilla/5.0 (Windows NT 10.0; Win64; x64) AppleWebKit/537.36 (KHTML, like Gecko) Chrome/57.0.2987.133 Safari/537.36',
  'connection' => 'close',
  'host' => 'www.1901bmyshop.com',
)
[ info ] [ PARAM ] array (
  'num' => '0.8332174995254957',
)
---------------------------------------------------------------
[2019-05-17T08:46:05+08:00] 127.0.0.1 GET www.1901bmyshop.com/admin.php/captcha.html?num=0.06596404020497793
[运行时间：0.054160s] [吞吐率：18.46req/s] [内存消耗：1,166.78kb] [文件加载：55]
[ info ] [ LANG ] E:\phpStudy\PHPTutorial\WWW\month4\1901b\myshop\thinkphp\lang\zh-cn.php
[ info ] [ BIND ] 'admin'
[ info ] [ ROUTE ] array (
  'rule' => 'captcha/<id?>',
  'route' => '\\think\\captcha\\CaptchaController@index',
  'option' => 
  array (
    'merge_rule_regex' => false,
  ),
  'var' => 
  array (
  ),
)
[ info ] [ HEADER ] array (
  'cookie' => 'thinkphp_show_page_trace=0|0; PHPSESSID=3ttalnakqerkmpphvv8sujqc5d',
  'accept-language' => 'zh-CN,zh;q=0.8',
  'accept-encoding' => 'gzip, deflate, sdch',
  'referer' => 'http://www.1901bmyshop.com/admin.php/login/login',
  'accept' => 'image/webp,image/*,*/*;q=0.8',
  'user-agent' => 'Mozilla/5.0 (Windows NT 10.0; Win64; x64) AppleWebKit/537.36 (KHTML, like Gecko) Chrome/57.0.2987.133 Safari/537.36',
  'connection' => 'close',
  'host' => 'www.1901bmyshop.com',
)
[ info ] [ PARAM ] array (
  'num' => '0.06596404020497793',
)
---------------------------------------------------------------
[2019-05-17T08:46:11+08:00] 127.0.0.1 POST www.1901bmyshop.com/admin.php/login/logindo.html
[运行时间：0.135193s] [吞吐率：7.40req/s] [内存消耗：2,603.80kb] [文件加载：81]
[ info ] [ LANG ] E:\phpStudy\PHPTutorial\WWW\month4\1901b\myshop\thinkphp\lang\zh-cn.php
[ info ] [ BIND ] 'admin'
[ info ] [ ROUTE ] array (
)
[ info ] [ HEADER ] array (
  'cookie' => 'thinkphp_show_page_trace=0|0; thinkphp_show_page_trace=0|0; PHPSESSID=3ttalnakqerkmpphvv8sujqc5d',
  'accept-language' => 'zh-CN,zh;q=0.8',
  'accept-encoding' => 'gzip, deflate',
  'referer' => 'http://www.1901bmyshop.com/admin.php/login/login',
  'content-type' => 'application/x-www-form-urlencoded; charset=UTF-8',
  'user-agent' => 'Mozilla/5.0 (Windows NT 10.0; Win64; x64) AppleWebKit/537.36 (KHTML, like Gecko) Chrome/57.0.2987.133 Safari/537.36',
  'x-requested-with' => 'XMLHttpRequest',
  'origin' => 'http://www.1901bmyshop.com',
  'accept' => '*/*',
  'content-length' => '45',
  'connection' => 'close',
  'host' => 'www.1901bmyshop.com',
)
[ info ] [ PARAM ] array (
  'admin_name' => 'admin',
  'admin_pwd' => 'admin123',
  'code' => 'vshz',
)
[ info ] [ DB ] INIT mysql
[ sql ] [ DB ] CONNECT:[ UseTime:0.003099s ] mysql:host=127.0.0.1;port=3306;dbname=shop;charset=utf8
[ sql ] [ SQL ] SHOW COLUMNS FROM `shop_admin` [ RunTime:0.029436s ]
[ sql ] [ SQL ] SELECT * FROM `shop_admin` WHERE  `admin_name` = 'admin'  AND `admin_pwd` = '0192023a7bbd73250516f069df18b500' LIMIT 1 [ RunTime:0.001887s ]
[ sql ] [ SQL ] UPDATE `shop_admin`  SET `last_login_time` = 1558053971 , `last_login_ip` = '127.0.0.1'  WHERE  `admin_id` = 2 [ RunTime:0.048131s ]
---------------------------------------------------------------
[2019-05-17T08:46:18+08:00] 127.0.0.1 GET www.1901bmyshop.com/admin.php/login/login
[运行时间：0.083273s] [吞吐率：12.01req/s] [内存消耗：1,780.48kb] [文件加载：72]
[ info ] [ LANG ] E:\phpStudy\PHPTutorial\WWW\month4\1901b\myshop\thinkphp\lang\zh-cn.php
[ info ] [ BIND ] 'admin'
[ info ] [ ROUTE ] array (
)
[ info ] [ HEADER ] array (
  'cookie' => 'thinkphp_show_page_trace=0|0; thinkphp_show_page_trace=0|0; PHPSESSID=3ttalnakqerkmpphvv8sujqc5d',
  'accept-language' => 'zh-CN,zh;q=0.8',
  'accept-encoding' => 'gzip, deflate, sdch',
  'accept' => 'text/html,application/xhtml+xml,application/xml;q=0.9,image/webp,*/*;q=0.8',
  'user-agent' => 'Mozilla/5.0 (Windows NT 10.0; Win64; x64) AppleWebKit/537.36 (KHTML, like Gecko) Chrome/57.0.2987.133 Safari/537.36',
  'upgrade-insecure-requests' => '1',
  'cache-control' => 'max-age=0',
  'connection' => 'close',
  'host' => 'www.1901bmyshop.com',
)
[ info ] [ PARAM ] array (
)
[ info ] [ VIEW ] E:\phpStudy\PHPTutorial\WWW\month4\1901b\myshop\application\admin\view\login\login.html [ array (
) ]
---------------------------------------------------------------
[2019-05-17T08:46:18+08:00] 127.0.0.1 GET www.1901bmyshop.com/admin.php/captcha.html
[运行时间：0.040870s] [吞吐率：24.47req/s] [内存消耗：1,166.01kb] [文件加载：55]
[ info ] [ LANG ] E:\phpStudy\PHPTutorial\WWW\month4\1901b\myshop\thinkphp\lang\zh-cn.php
[ info ] [ BIND ] 'admin'
[ info ] [ ROUTE ] array (
  'rule' => 'captcha/<id?>',
  'route' => '\\think\\captcha\\CaptchaController@index',
  'option' => 
  array (
    'merge_rule_regex' => false,
  ),
  'var' => 
  array (
  ),
)
[ info ] [ HEADER ] array (
  'cookie' => 'thinkphp_show_page_trace=0|0; PHPSESSID=3ttalnakqerkmpphvv8sujqc5d',
  'accept-language' => 'zh-CN,zh;q=0.8',
  'accept-encoding' => 'gzip, deflate, sdch',
  'referer' => 'http://www.1901bmyshop.com/admin.php/login/login',
  'accept' => 'image/webp,image/*,*/*;q=0.8',
  'user-agent' => 'Mozilla/5.0 (Windows NT 10.0; Win64; x64) AppleWebKit/537.36 (KHTML, like Gecko) Chrome/57.0.2987.133 Safari/537.36',
  'connection' => 'close',
  'host' => 'www.1901bmyshop.com',
)
[ info ] [ PARAM ] array (
)
---------------------------------------------------------------
[2019-05-17T08:46:30+08:00] 127.0.0.1 POST www.1901bmyshop.com/admin.php/login/logindo.html
[运行时间：0.152561s] [吞吐率：6.55req/s] [内存消耗：2,604.09kb] [文件加载：81]
[ info ] [ LANG ] E:\phpStudy\PHPTutorial\WWW\month4\1901b\myshop\thinkphp\lang\zh-cn.php
[ info ] [ BIND ] 'admin'
[ info ] [ ROUTE ] array (
)
[ info ] [ HEADER ] array (
  'cookie' => 'thinkphp_show_page_trace=0|0; thinkphp_show_page_trace=0|0; PHPSESSID=3ttalnakqerkmpphvv8sujqc5d',
  'accept-language' => 'zh-CN,zh;q=0.8',
  'accept-encoding' => 'gzip, deflate',
  'referer' => 'http://www.1901bmyshop.com/admin.php/login/login',
  'content-type' => 'application/x-www-form-urlencoded; charset=UTF-8',
  'user-agent' => 'Mozilla/5.0 (Windows NT 10.0; Win64; x64) AppleWebKit/537.36 (KHTML, like Gecko) Chrome/57.0.2987.133 Safari/537.36',
  'x-requested-with' => 'XMLHttpRequest',
  'origin' => 'http://www.1901bmyshop.com',
  'accept' => 'application/json, text/javascript, */*; q=0.01',
  'content-length' => '45',
  'connection' => 'close',
  'host' => 'www.1901bmyshop.com',
)
[ info ] [ PARAM ] array (
  'admin_name' => 'admin',
  'admin_pwd' => 'admin123',
  'code' => 'y4sp',
)
[ info ] [ DB ] INIT mysql
[ sql ] [ DB ] CONNECT:[ UseTime:0.001337s ] mysql:host=127.0.0.1;port=3306;dbname=shop;charset=utf8
[ sql ] [ SQL ] SHOW COLUMNS FROM `shop_admin` [ RunTime:0.046875s ]
[ sql ] [ SQL ] SELECT * FROM `shop_admin` WHERE  `admin_name` = 'admin'  AND `admin_pwd` = '0192023a7bbd73250516f069df18b500' LIMIT 1 [ RunTime:0.001086s ]
[ sql ] [ SQL ] UPDATE `shop_admin`  SET `last_login_time` = 1558053990 , `last_login_ip` = '127.0.0.1'  WHERE  `admin_id` = 2 [ RunTime:0.039351s ]
---------------------------------------------------------------
[2019-05-17T08:49:20+08:00] 127.0.0.1 GET www.1901bmyshop.com/admin.php/captcha.html?num=0.019185967868984077
[运行时间：0.065613s] [吞吐率：15.24req/s] [内存消耗：1,166.64kb] [文件加载：55]
[ info ] [ LANG ] E:\phpStudy\PHPTutorial\WWW\month4\1901b\myshop\thinkphp\lang\zh-cn.php
[ info ] [ BIND ] 'admin'
[ info ] [ ROUTE ] array (
  'rule' => 'captcha/<id?>',
  'route' => '\\think\\captcha\\CaptchaController@index',
  'option' => 
  array (
    'merge_rule_regex' => false,
  ),
  'var' => 
  array (
  ),
)
[ info ] [ HEADER ] array (
  'cookie' => 'thinkphp_show_page_trace=0|0; PHPSESSID=3ttalnakqerkmpphvv8sujqc5d',
  'accept-language' => 'zh-CN,zh;q=0.8',
  'accept-encoding' => 'gzip, deflate, sdch',
  'referer' => 'http://www.1901bmyshop.com/admin.php/login/login',
  'accept' => 'image/webp,image/*,*/*;q=0.8',
  'user-agent' => 'Mozilla/5.0 (Windows NT 10.0; Win64; x64) AppleWebKit/537.36 (KHTML, like Gecko) Chrome/57.0.2987.133 Safari/537.36',
  'connection' => 'close',
  'host' => 'www.1901bmyshop.com',
)
[ info ] [ PARAM ] array (
  'num' => '0.019185967868984077',
)
---------------------------------------------------------------
[2019-05-17T08:49:27+08:00] 127.0.0.1 POST www.1901bmyshop.com/admin.php/login/logindo.html
[运行时间：0.158315s] [吞吐率：6.32req/s] [内存消耗：2,604.09kb] [文件加载：81]
[ info ] [ LANG ] E:\phpStudy\PHPTutorial\WWW\month4\1901b\myshop\thinkphp\lang\zh-cn.php
[ info ] [ BIND ] 'admin'
[ info ] [ ROUTE ] array (
)
[ info ] [ HEADER ] array (
  'cookie' => 'thinkphp_show_page_trace=0|0; thinkphp_show_page_trace=0|0; PHPSESSID=3ttalnakqerkmpphvv8sujqc5d',
  'accept-language' => 'zh-CN,zh;q=0.8',
  'accept-encoding' => 'gzip, deflate',
  'referer' => 'http://www.1901bmyshop.com/admin.php/login/login',
  'content-type' => 'application/x-www-form-urlencoded; charset=UTF-8',
  'user-agent' => 'Mozilla/5.0 (Windows NT 10.0; Win64; x64) AppleWebKit/537.36 (KHTML, like Gecko) Chrome/57.0.2987.133 Safari/537.36',
  'x-requested-with' => 'XMLHttpRequest',
  'origin' => 'http://www.1901bmyshop.com',
  'accept' => 'application/json, text/javascript, */*; q=0.01',
  'content-length' => '45',
  'connection' => 'close',
  'host' => 'www.1901bmyshop.com',
)
[ info ] [ PARAM ] array (
  'admin_name' => 'admin',
  'admin_pwd' => 'admin123',
  'code' => 'xlqc',
)
[ info ] [ DB ] INIT mysql
[ sql ] [ DB ] CONNECT:[ UseTime:0.003089s ] mysql:host=127.0.0.1;port=3306;dbname=shop;charset=utf8
[ sql ] [ SQL ] SHOW COLUMNS FROM `shop_admin` [ RunTime:0.039850s ]
[ sql ] [ SQL ] SELECT * FROM `shop_admin` WHERE  `admin_name` = 'admin'  AND `admin_pwd` = '0192023a7bbd73250516f069df18b500' LIMIT 1 [ RunTime:0.001220s ]
[ sql ] [ SQL ] UPDATE `shop_admin`  SET `last_login_time` = 1558054166 , `last_login_ip` = '127.0.0.1'  WHERE  `admin_id` = 2 [ RunTime:0.043915s ]
---------------------------------------------------------------
[2019-05-17T08:49:28+08:00] 127.0.0.1 GET www.1901bmyshop.com/admin.php/login/login
[运行时间：0.050183s] [吞吐率：19.93req/s] [内存消耗：1,780.63kb] [文件加载：72]
[ info ] [ LANG ] E:\phpStudy\PHPTutorial\WWW\month4\1901b\myshop\thinkphp\lang\zh-cn.php
[ info ] [ BIND ] 'admin'
[ info ] [ ROUTE ] array (
)
[ info ] [ HEADER ] array (
  'cookie' => 'thinkphp_show_page_trace=0|0; thinkphp_show_page_trace=0|0; PHPSESSID=3ttalnakqerkmpphvv8sujqc5d',
  'accept-language' => 'zh-CN,zh;q=0.8',
  'accept-encoding' => 'gzip, deflate, sdch',
  'accept' => 'text/html,application/xhtml+xml,application/xml;q=0.9,image/webp,*/*;q=0.8',
  'user-agent' => 'Mozilla/5.0 (Windows NT 10.0; Win64; x64) AppleWebKit/537.36 (KHTML, like Gecko) Chrome/57.0.2987.133 Safari/537.36',
  'upgrade-insecure-requests' => '1',
  'cache-control' => 'max-age=0',
  'connection' => 'close',
  'host' => 'www.1901bmyshop.com',
)
[ info ] [ PARAM ] array (
)
[ info ] [ VIEW ] E:\phpStudy\PHPTutorial\WWW\month4\1901b\myshop\application\admin\view\login\login.html [ array (
) ]
---------------------------------------------------------------
[2019-05-17T08:49:28+08:00] 127.0.0.1 GET www.1901bmyshop.com/admin.php/captcha.html
[运行时间：0.037127s] [吞吐率：26.93req/s] [内存消耗：1,166.01kb] [文件加载：55]
[ info ] [ LANG ] E:\phpStudy\PHPTutorial\WWW\month4\1901b\myshop\thinkphp\lang\zh-cn.php
[ info ] [ BIND ] 'admin'
[ info ] [ ROUTE ] array (
  'rule' => 'captcha/<id?>',
  'route' => '\\think\\captcha\\CaptchaController@index',
  'option' => 
  array (
    'merge_rule_regex' => false,
  ),
  'var' => 
  array (
  ),
)
[ info ] [ HEADER ] array (
  'cookie' => 'thinkphp_show_page_trace=0|0; PHPSESSID=3ttalnakqerkmpphvv8sujqc5d',
  'accept-language' => 'zh-CN,zh;q=0.8',
  'accept-encoding' => 'gzip, deflate, sdch',
  'referer' => 'http://www.1901bmyshop.com/admin.php/login/login',
  'accept' => 'image/webp,image/*,*/*;q=0.8',
  'user-agent' => 'Mozilla/5.0 (Windows NT 10.0; Win64; x64) AppleWebKit/537.36 (KHTML, like Gecko) Chrome/57.0.2987.133 Safari/537.36',
  'connection' => 'close',
  'host' => 'www.1901bmyshop.com',
)
[ info ] [ PARAM ] array (
)
---------------------------------------------------------------
[2019-05-17T08:49:41+08:00] 127.0.0.1 POST www.1901bmyshop.com/admin.php/login/logindo.html
[运行时间：0.200593s] [吞吐率：4.99req/s] [内存消耗：2,604.09kb] [文件加载：81]
[ info ] [ LANG ] E:\phpStudy\PHPTutorial\WWW\month4\1901b\myshop\thinkphp\lang\zh-cn.php
[ info ] [ BIND ] 'admin'
[ info ] [ ROUTE ] array (
)
[ info ] [ HEADER ] array (
  'cookie' => 'thinkphp_show_page_trace=0|0; thinkphp_show_page_trace=0|0; PHPSESSID=3ttalnakqerkmpphvv8sujqc5d',
  'accept-language' => 'zh-CN,zh;q=0.8',
  'accept-encoding' => 'gzip, deflate',
  'referer' => 'http://www.1901bmyshop.com/admin.php/login/login',
  'content-type' => 'application/x-www-form-urlencoded; charset=UTF-8',
  'user-agent' => 'Mozilla/5.0 (Windows NT 10.0; Win64; x64) AppleWebKit/537.36 (KHTML, like Gecko) Chrome/57.0.2987.133 Safari/537.36',
  'x-requested-with' => 'XMLHttpRequest',
  'origin' => 'http://www.1901bmyshop.com',
  'accept' => 'application/json, text/javascript, */*; q=0.01',
  'content-length' => '45',
  'connection' => 'close',
  'host' => 'www.1901bmyshop.com',
)
[ info ] [ PARAM ] array (
  'admin_name' => 'admin',
  'admin_pwd' => 'admin123',
  'code' => 'dq8j',
)
[ info ] [ DB ] INIT mysql
[ sql ] [ DB ] CONNECT:[ UseTime:0.002747s ] mysql:host=127.0.0.1;port=3306;dbname=shop;charset=utf8
[ sql ] [ SQL ] SHOW COLUMNS FROM `shop_admin` [ RunTime:0.086791s ]
[ sql ] [ SQL ] SELECT * FROM `shop_admin` WHERE  `admin_name` = 'admin'  AND `admin_pwd` = '0192023a7bbd73250516f069df18b500' LIMIT 1 [ RunTime:0.002441s ]
[ sql ] [ SQL ] UPDATE `shop_admin`  SET `last_login_time` = 1558054181 , `last_login_ip` = '127.0.0.1'  WHERE  `admin_id` = 2 [ RunTime:0.057719s ]
---------------------------------------------------------------
[2019-05-17T08:50:17+08:00] 127.0.0.1 GET www.1901bmyshop.com/admin.php/login/login
[运行时间：0.067139s] [吞吐率：14.89req/s] [内存消耗：1,780.63kb] [文件加载：72]
[ info ] [ LANG ] E:\phpStudy\PHPTutorial\WWW\month4\1901b\myshop\thinkphp\lang\zh-cn.php
[ info ] [ BIND ] 'admin'
[ info ] [ ROUTE ] array (
)
[ info ] [ HEADER ] array (
  'cookie' => 'thinkphp_show_page_trace=0|0; thinkphp_show_page_trace=0|0; PHPSESSID=3ttalnakqerkmpphvv8sujqc5d',
  'accept-language' => 'zh-CN,zh;q=0.8',
  'accept-encoding' => 'gzip, deflate, sdch',
  'accept' => 'text/html,application/xhtml+xml,application/xml;q=0.9,image/webp,*/*;q=0.8',
  'user-agent' => 'Mozilla/5.0 (Windows NT 10.0; Win64; x64) AppleWebKit/537.36 (KHTML, like Gecko) Chrome/57.0.2987.133 Safari/537.36',
  'upgrade-insecure-requests' => '1',
  'cache-control' => 'max-age=0',
  'connection' => 'close',
  'host' => 'www.1901bmyshop.com',
)
[ info ] [ PARAM ] array (
)
[ info ] [ VIEW ] E:\phpStudy\PHPTutorial\WWW\month4\1901b\myshop\application\admin\view\login\login.html [ array (
) ]
---------------------------------------------------------------
[2019-05-17T08:50:17+08:00] 127.0.0.1 GET www.1901bmyshop.com/admin.php/captcha.html
[运行时间：0.044816s] [吞吐率：22.31req/s] [内存消耗：1,166.01kb] [文件加载：55]
[ info ] [ LANG ] E:\phpStudy\PHPTutorial\WWW\month4\1901b\myshop\thinkphp\lang\zh-cn.php
[ info ] [ BIND ] 'admin'
[ info ] [ ROUTE ] array (
  'rule' => 'captcha/<id?>',
  'route' => '\\think\\captcha\\CaptchaController@index',
  'option' => 
  array (
    'merge_rule_regex' => false,
  ),
  'var' => 
  array (
  ),
)
[ info ] [ HEADER ] array (
  'cookie' => 'thinkphp_show_page_trace=0|0; PHPSESSID=3ttalnakqerkmpphvv8sujqc5d',
  'accept-language' => 'zh-CN,zh;q=0.8',
  'accept-encoding' => 'gzip, deflate, sdch',
  'referer' => 'http://www.1901bmyshop.com/admin.php/login/login',
  'accept' => 'image/webp,image/*,*/*;q=0.8',
  'user-agent' => 'Mozilla/5.0 (Windows NT 10.0; Win64; x64) AppleWebKit/537.36 (KHTML, like Gecko) Chrome/57.0.2987.133 Safari/537.36',
  'connection' => 'close',
  'host' => 'www.1901bmyshop.com',
)
[ info ] [ PARAM ] array (
)
---------------------------------------------------------------
[2019-05-17T08:50:22+08:00] 127.0.0.1 GET www.1901bmyshop.com/admin.php/captcha.html?num=0.9306127162994013
[运行时间：0.145091s] [吞吐率：6.89req/s] [内存消耗：1,166.78kb] [文件加载：55]
[ info ] [ LANG ] E:\phpStudy\PHPTutorial\WWW\month4\1901b\myshop\thinkphp\lang\zh-cn.php
[ info ] [ BIND ] 'admin'
[ info ] [ ROUTE ] array (
  'rule' => 'captcha/<id?>',
  'route' => '\\think\\captcha\\CaptchaController@index',
  'option' => 
  array (
    'merge_rule_regex' => false,
  ),
  'var' => 
  array (
  ),
)
[ info ] [ HEADER ] array (
  'cookie' => 'thinkphp_show_page_trace=0|0; PHPSESSID=3ttalnakqerkmpphvv8sujqc5d',
  'accept-language' => 'zh-CN,zh;q=0.8',
  'accept-encoding' => 'gzip, deflate, sdch',
  'referer' => 'http://www.1901bmyshop.com/admin.php/login/login',
  'accept' => 'image/webp,image/*,*/*;q=0.8',
  'user-agent' => 'Mozilla/5.0 (Windows NT 10.0; Win64; x64) AppleWebKit/537.36 (KHTML, like Gecko) Chrome/57.0.2987.133 Safari/537.36',
  'connection' => 'close',
  'host' => 'www.1901bmyshop.com',
)
[ info ] [ PARAM ] array (
  'num' => '0.9306127162994013',
)
---------------------------------------------------------------
[2019-05-17T08:50:26+08:00] 127.0.0.1 POST www.1901bmyshop.com/admin.php/login/logindo.html
[运行时间：0.177330s] [吞吐率：5.64req/s] [内存消耗：2,604.09kb] [文件加载：81]
[ info ] [ LANG ] E:\phpStudy\PHPTutorial\WWW\month4\1901b\myshop\thinkphp\lang\zh-cn.php
[ info ] [ BIND ] 'admin'
[ info ] [ ROUTE ] array (
)
[ info ] [ HEADER ] array (
  'cookie' => 'thinkphp_show_page_trace=0|0; thinkphp_show_page_trace=0|0; PHPSESSID=3ttalnakqerkmpphvv8sujqc5d',
  'accept-language' => 'zh-CN,zh;q=0.8',
  'accept-encoding' => 'gzip, deflate',
  'referer' => 'http://www.1901bmyshop.com/admin.php/login/login',
  'content-type' => 'application/x-www-form-urlencoded; charset=UTF-8',
  'user-agent' => 'Mozilla/5.0 (Windows NT 10.0; Win64; x64) AppleWebKit/537.36 (KHTML, like Gecko) Chrome/57.0.2987.133 Safari/537.36',
  'x-requested-with' => 'XMLHttpRequest',
  'origin' => 'http://www.1901bmyshop.com',
  'accept' => 'application/json, text/javascript, */*; q=0.01',
  'content-length' => '45',
  'connection' => 'close',
  'host' => 'www.1901bmyshop.com',
)
[ info ] [ PARAM ] array (
  'admin_name' => 'admin',
  'admin_pwd' => 'admin123',
  'code' => 'tlnr',
)
[ info ] [ DB ] INIT mysql
[ sql ] [ DB ] CONNECT:[ UseTime:0.005188s ] mysql:host=127.0.0.1;port=3306;dbname=shop;charset=utf8
[ sql ] [ SQL ] SHOW COLUMNS FROM `shop_admin` [ RunTime:0.075238s ]
[ sql ] [ SQL ] SELECT * FROM `shop_admin` WHERE  `admin_name` = 'admin'  AND `admin_pwd` = '0192023a7bbd73250516f069df18b500' LIMIT 1 [ RunTime:0.004062s ]
[ sql ] [ SQL ] UPDATE `shop_admin`  SET `last_login_time` = 1558054226 , `last_login_ip` = '127.0.0.1'  WHERE  `admin_id` = 2 [ RunTime:0.047104s ]
---------------------------------------------------------------
[2019-05-17T08:50:30+08:00] 127.0.0.1 GET www.1901bmyshop.com/admin.php/index/index.html
[运行时间：0.049971s] [吞吐率：20.01req/s] [内存消耗：1,658.08kb] [文件加载：70]
[ info ] [ LANG ] E:\phpStudy\PHPTutorial\WWW\month4\1901b\myshop\thinkphp\lang\zh-cn.php
[ info ] [ BIND ] 'admin'
[ info ] [ ROUTE ] array (
)
[ info ] [ HEADER ] array (
  'cookie' => 'thinkphp_show_page_trace=0|0; PHPSESSID=3ttalnakqerkmpphvv8sujqc5d',
  'accept-language' => 'zh-CN,zh;q=0.8',
  'accept-encoding' => 'gzip, deflate, sdch',
  'referer' => 'http://www.1901bmyshop.com/admin.php/login/login',
  'accept' => 'text/html,application/xhtml+xml,application/xml;q=0.9,image/webp,*/*;q=0.8',
  'user-agent' => 'Mozilla/5.0 (Windows NT 10.0; Win64; x64) AppleWebKit/537.36 (KHTML, like Gecko) Chrome/57.0.2987.133 Safari/537.36',
  'upgrade-insecure-requests' => '1',
  'connection' => 'close',
  'host' => 'www.1901bmyshop.com',
)
[ info ] [ PARAM ] array (
)
[ info ] [ VIEW ] E:\phpStudy\PHPTutorial\WWW\month4\1901b\myshop\application\admin\view\index\index.html [ array (
) ]
---------------------------------------------------------------
[2019-05-17T08:53:01+08:00] 127.0.0.1 GET www.1901bmyshop.com/admin.php/index/index.html
[运行时间：0.029489s] [吞吐率：33.91req/s] [内存消耗：1,541.17kb] [文件加载：65]
[ info ] [ LANG ] E:\phpStudy\PHPTutorial\WWW\month4\1901b\myshop\thinkphp\lang\zh-cn.php
[ info ] [ BIND ] 'admin'
[ info ] [ ROUTE ] array (
)
[ info ] [ HEADER ] array (
  'cookie' => 'thinkphp_show_page_trace=0|0; thinkphp_show_page_trace=0|0; PHPSESSID=3ttalnakqerkmpphvv8sujqc5d',
  'accept-language' => 'zh-CN,zh;q=0.8',
  'accept-encoding' => 'gzip, deflate, sdch',
  'referer' => 'http://www.1901bmyshop.com/admin.php/login/login',
  'accept' => 'text/html,application/xhtml+xml,application/xml;q=0.9,image/webp,*/*;q=0.8',
  'user-agent' => 'Mozilla/5.0 (Windows NT 10.0; Win64; x64) AppleWebKit/537.36 (KHTML, like Gecko) Chrome/57.0.2987.133 Safari/537.36',
  'upgrade-insecure-requests' => '1',
  'cache-control' => 'max-age=0',
  'connection' => 'close',
  'host' => 'www.1901bmyshop.com',
)
[ info ] [ PARAM ] array (
)
---------------------------------------------------------------
[2019-05-17T08:53:10+08:00] 127.0.0.1 GET www.1901bmyshop.com/admin.php/index/index.html
[运行时间：0.027707s] [吞吐率：36.09req/s] [内存消耗：1,658.42kb] [文件加载：70]
[ info ] [ LANG ] E:\phpStudy\PHPTutorial\WWW\month4\1901b\myshop\thinkphp\lang\zh-cn.php
[ info ] [ BIND ] 'admin'
[ info ] [ ROUTE ] array (
)
[ info ] [ HEADER ] array (
  'cookie' => 'thinkphp_show_page_trace=0|0; thinkphp_show_page_trace=0|0; PHPSESSID=3ttalnakqerkmpphvv8sujqc5d',
  'accept-language' => 'zh-CN,zh;q=0.8',
  'accept-encoding' => 'gzip, deflate, sdch',
  'referer' => 'http://www.1901bmyshop.com/admin.php/login/login',
  'accept' => 'text/html,application/xhtml+xml,application/xml;q=0.9,image/webp,*/*;q=0.8',
  'user-agent' => 'Mozilla/5.0 (Windows NT 10.0; Win64; x64) AppleWebKit/537.36 (KHTML, like Gecko) Chrome/57.0.2987.133 Safari/537.36',
  'upgrade-insecure-requests' => '1',
  'cache-control' => 'max-age=0',
  'connection' => 'close',
  'host' => 'www.1901bmyshop.com',
)
[ info ] [ PARAM ] array (
)
[ info ] [ VIEW ] E:\phpStudy\PHPTutorial\WWW\month4\1901b\myshop\application\admin\view\index\index.html [ array (
) ]
---------------------------------------------------------------
[2019-05-17T08:57:17+08:00] 127.0.0.1 GET www.1901bmyshop.com/admin.php/index/index.html
[运行时间：0.086233s] [吞吐率：11.60req/s] [内存消耗：1,775.32kb] [文件加载：72]
[ info ] [ LANG ] E:\phpStudy\PHPTutorial\WWW\month4\1901b\myshop\thinkphp\lang\zh-cn.php
[ info ] [ BIND ] 'admin'
[ info ] [ ROUTE ] array (
)
[ info ] [ HEADER ] array (
  'cookie' => 'thinkphp_show_page_trace=0|0; thinkphp_show_page_trace=0|0; PHPSESSID=3ttalnakqerkmpphvv8sujqc5d',
  'accept-language' => 'zh-CN,zh;q=0.8',
  'accept-encoding' => 'gzip, deflate, sdch',
  'referer' => 'http://www.1901bmyshop.com/admin.php/login/login',
  'accept' => 'text/html,application/xhtml+xml,application/xml;q=0.9,image/webp,*/*;q=0.8',
  'user-agent' => 'Mozilla/5.0 (Windows NT 10.0; Win64; x64) AppleWebKit/537.36 (KHTML, like Gecko) Chrome/57.0.2987.133 Safari/537.36',
  'upgrade-insecure-requests' => '1',
  'cache-control' => 'max-age=0',
  'connection' => 'close',
  'host' => 'www.1901bmyshop.com',
)
[ info ] [ PARAM ] array (
)
[ info ] [ VIEW ] E:\phpStudy\PHPTutorial\WWW\month4\1901b\myshop\application\admin\view\index\index.html [ array (
) ]
---------------------------------------------------------------
[2019-05-17T09:01:46+08:00] 127.0.0.1 GET www.1901bmyshop.com/admin.php/index/index.html
[运行时间：0.058191s] [吞吐率：17.18req/s] [内存消耗：1,775.41kb] [文件加载：72]
[ info ] [ LANG ] E:\phpStudy\PHPTutorial\WWW\month4\1901b\myshop\thinkphp\lang\zh-cn.php
[ info ] [ BIND ] 'admin'
[ info ] [ ROUTE ] array (
)
[ info ] [ HEADER ] array (
  'cookie' => 'thinkphp_show_page_trace=0|0; thinkphp_show_page_trace=0|0; PHPSESSID=3ttalnakqerkmpphvv8sujqc5d',
  'accept-language' => 'zh-CN,zh;q=0.8',
  'accept-encoding' => 'gzip, deflate, sdch',
  'referer' => 'http://www.1901bmyshop.com/admin.php/login/login',
  'accept' => 'text/html,application/xhtml+xml,application/xml;q=0.9,image/webp,*/*;q=0.8',
  'user-agent' => 'Mozilla/5.0 (Windows NT 10.0; Win64; x64) AppleWebKit/537.36 (KHTML, like Gecko) Chrome/57.0.2987.133 Safari/537.36',
  'upgrade-insecure-requests' => '1',
  'cache-control' => 'max-age=0',
  'connection' => 'close',
  'host' => 'www.1901bmyshop.com',
)
[ info ] [ PARAM ] array (
)
[ info ] [ VIEW ] E:\phpStudy\PHPTutorial\WWW\month4\1901b\myshop\application\admin\view\index\index.html [ array (
) ]
---------------------------------------------------------------
[2019-05-17T09:01:49+08:00] 127.0.0.1 GET www.1901bmyshop.com/admin.php/login/quit.html
[运行时间：0.057438s] [吞吐率：17.41req/s] [内存消耗：1,669.45kb] [文件加载：73]
[ info ] [ LANG ] E:\phpStudy\PHPTutorial\WWW\month4\1901b\myshop\thinkphp\lang\zh-cn.php
[ info ] [ BIND ] 'admin'
[ info ] [ ROUTE ] array (
)
[ info ] [ HEADER ] array (
  'cookie' => 'thinkphp_show_page_trace=0|0; thinkphp_show_page_trace=0|0; PHPSESSID=3ttalnakqerkmpphvv8sujqc5d',
  'accept-language' => 'zh-CN,zh;q=0.8',
  'accept-encoding' => 'gzip, deflate, sdch',
  'referer' => 'http://www.1901bmyshop.com/admin.php/index/index.html',
  'accept' => 'text/html,application/xhtml+xml,application/xml;q=0.9,image/webp,*/*;q=0.8',
  'user-agent' => 'Mozilla/5.0 (Windows NT 10.0; Win64; x64) AppleWebKit/537.36 (KHTML, like Gecko) Chrome/57.0.2987.133 Safari/537.36',
  'upgrade-insecure-requests' => '1',
  'connection' => 'close',
  'host' => 'www.1901bmyshop.com',
)
[ info ] [ PARAM ] array (
)
[ info ] [ VIEW ] E:\phpStudy\PHPTutorial\WWW\month4\1901b\myshop\thinkphp\tpl/dispatch_jump.tpl [ array (
  0 => 'code',
  1 => 'msg',
  2 => 'data',
  3 => 'url',
  4 => 'wait',
) ]
---------------------------------------------------------------
[2019-05-17T09:01:52+08:00] 127.0.0.1 GET www.1901bmyshop.com/admin.php/login/login.html
[运行时间：0.045630s] [吞吐率：21.92req/s] [内存消耗：1,663.66kb] [文件加载：70]
[ info ] [ LANG ] E:\phpStudy\PHPTutorial\WWW\month4\1901b\myshop\thinkphp\lang\zh-cn.php
[ info ] [ BIND ] 'admin'
[ info ] [ ROUTE ] array (
)
[ info ] [ HEADER ] array (
  'cookie' => 'thinkphp_show_page_trace=0|0; thinkphp_show_page_trace=0|0; PHPSESSID=3ttalnakqerkmpphvv8sujqc5d',
  'accept-language' => 'zh-CN,zh;q=0.8',
  'accept-encoding' => 'gzip, deflate, sdch',
  'referer' => 'http://www.1901bmyshop.com/admin.php/login/quit.html',
  'accept' => 'text/html,application/xhtml+xml,application/xml;q=0.9,image/webp,*/*;q=0.8',
  'user-agent' => 'Mozilla/5.0 (Windows NT 10.0; Win64; x64) AppleWebKit/537.36 (KHTML, like Gecko) Chrome/57.0.2987.133 Safari/537.36',
  'upgrade-insecure-requests' => '1',
  'connection' => 'close',
  'host' => 'www.1901bmyshop.com',
)
[ info ] [ PARAM ] array (
)
[ info ] [ VIEW ] E:\phpStudy\PHPTutorial\WWW\month4\1901b\myshop\application\admin\view\login\login.html [ array (
) ]
---------------------------------------------------------------
[2019-05-17T09:01:52+08:00] 127.0.0.1 GET www.1901bmyshop.com/admin.php/captcha.html
[运行时间：0.038550s] [吞吐率：25.94req/s] [内存消耗：1,165.33kb] [文件加载：55]
[ info ] [ LANG ] E:\phpStudy\PHPTutorial\WWW\month4\1901b\myshop\thinkphp\lang\zh-cn.php
[ info ] [ BIND ] 'admin'
[ info ] [ ROUTE ] array (
  'rule' => 'captcha/<id?>',
  'route' => '\\think\\captcha\\CaptchaController@index',
  'option' => 
  array (
    'merge_rule_regex' => false,
  ),
  'var' => 
  array (
  ),
)
[ info ] [ HEADER ] array (
  'cookie' => 'thinkphp_show_page_trace=0|0; PHPSESSID=3ttalnakqerkmpphvv8sujqc5d',
  'accept-language' => 'zh-CN,zh;q=0.8',
  'accept-encoding' => 'gzip, deflate, sdch',
  'referer' => 'http://www.1901bmyshop.com/admin.php/login/login.html',
  'accept' => 'image/webp,image/*,*/*;q=0.8',
  'user-agent' => 'Mozilla/5.0 (Windows NT 10.0; Win64; x64) AppleWebKit/537.36 (KHTML, like Gecko) Chrome/57.0.2987.133 Safari/537.36',
  'connection' => 'close',
  'host' => 'www.1901bmyshop.com',
)
[ info ] [ PARAM ] array (
)
---------------------------------------------------------------
[2019-05-17T09:03:41+08:00] 127.0.0.1 GET www.1901bmyshop.com/admin.php/login/test
[运行时间：0.164804s] [吞吐率：6.07req/s] [内存消耗：1,580.69kb] [文件加载：69]
[ info ] [ LANG ] E:\phpStudy\PHPTutorial\WWW\month4\1901b\myshop\thinkphp\lang\zh-cn.php
[ info ] [ BIND ] 'admin'
[ info ] [ ROUTE ] array (
)
[ info ] [ HEADER ] array (
  'cookie' => 'thinkphp_show_page_trace=0|0; thinkphp_show_page_trace=0|0; PHPSESSID=3ttalnakqerkmpphvv8sujqc5d',
  'accept-language' => 'zh-CN,zh;q=0.8',
  'accept-encoding' => 'gzip, deflate, sdch',
  'accept' => 'text/html,application/xhtml+xml,application/xml;q=0.9,image/webp,*/*;q=0.8',
  'user-agent' => 'Mozilla/5.0 (Windows NT 10.0; Win64; x64) AppleWebKit/537.36 (KHTML, like Gecko) Chrome/57.0.2987.133 Safari/537.36',
  'upgrade-insecure-requests' => '1',
  'connection' => 'close',
  'host' => 'www.1901bmyshop.com',
)
[ info ] [ PARAM ] array (
)
---------------------------------------------------------------
[2019-05-17T09:04:05+08:00] 127.0.0.1 GET www.1901bmyshop.com/admin.php
[运行时间：0.056565s] [吞吐率：17.68req/s] [内存消耗：1,658.80kb] [文件加载：70]
[ info ] [ LANG ] E:\phpStudy\PHPTutorial\WWW\month4\1901b\myshop\thinkphp\lang\zh-cn.php
[ info ] [ BIND ] 'admin'
[ info ] [ ROUTE ] array (
)
[ info ] [ HEADER ] array (
  'cookie' => 'thinkphp_show_page_trace=0|0; PHPSESSID=3ttalnakqerkmpphvv8sujqc5d',
  'accept-language' => 'zh-CN,zh;q=0.8',
  'accept-encoding' => 'gzip, deflate, sdch',
  'accept' => 'text/html,application/xhtml+xml,application/xml;q=0.9,image/webp,*/*;q=0.8',
  'user-agent' => 'Mozilla/5.0 (Windows NT 10.0; Win64; x64) AppleWebKit/537.36 (KHTML, like Gecko) Chrome/57.0.2987.133 Safari/537.36',
  'upgrade-insecure-requests' => '1',
  'connection' => 'close',
  'host' => 'www.1901bmyshop.com',
)
[ info ] [ PARAM ] array (
)
[ info ] [ VIEW ] E:\phpStudy\PHPTutorial\WWW\month4\1901b\myshop\application\admin\view\index\index.html [ array (
) ]
---------------------------------------------------------------
[2019-05-17T09:04:06+08:00] 127.0.0.1 GET www.1901bmyshop.com/admin.php
[运行时间：0.107268s] [吞吐率：9.32req/s] [内存消耗：1,658.80kb] [文件加载：70]
[ info ] [ LANG ] E:\phpStudy\PHPTutorial\WWW\month4\1901b\myshop\thinkphp\lang\zh-cn.php
[ info ] [ BIND ] 'admin'
[ info ] [ ROUTE ] array (
)
[ info ] [ HEADER ] array (
  'cookie' => 'thinkphp_show_page_trace=0|0; PHPSESSID=3ttalnakqerkmpphvv8sujqc5d',
  'accept-language' => 'zh-CN,zh;q=0.8',
  'accept-encoding' => 'gzip, deflate, sdch',
  'accept' => 'text/html,application/xhtml+xml,application/xml;q=0.9,image/webp,*/*;q=0.8',
  'user-agent' => 'Mozilla/5.0 (Windows NT 10.0; Win64; x64) AppleWebKit/537.36 (KHTML, like Gecko) Chrome/57.0.2987.133 Safari/537.36',
  'upgrade-insecure-requests' => '1',
  'connection' => 'close',
  'host' => 'www.1901bmyshop.com',
)
[ info ] [ PARAM ] array (
)
[ info ] [ VIEW ] E:\phpStudy\PHPTutorial\WWW\month4\1901b\myshop\application\admin\view\index\index.html [ array (
) ]
---------------------------------------------------------------
[2019-05-17T09:04:09+08:00] 127.0.0.1 GET www.1901bmyshop.com/admin.php/brand/create.html
[运行时间：0.138786s] [吞吐率：7.21req/s] [内存消耗：1,792.94kb] [文件加载：72]
[ info ] [ LANG ] E:\phpStudy\PHPTutorial\WWW\month4\1901b\myshop\thinkphp\lang\zh-cn.php
[ info ] [ BIND ] 'admin'
[ info ] [ ROUTE ] array (
)
[ info ] [ HEADER ] array (
  'cookie' => 'PHPSESSID=3ttalnakqerkmpphvv8sujqc5d; thinkphp_show_page_trace=0|0',
  'accept-language' => 'zh-CN,zh;q=0.8',
  'accept-encoding' => 'gzip, deflate, sdch',
  'referer' => 'http://www.1901bmyshop.com/admin.php',
  'accept' => 'text/html,application/xhtml+xml,application/xml;q=0.9,image/webp,*/*;q=0.8',
  'user-agent' => 'Mozilla/5.0 (Windows NT 10.0; Win64; x64) AppleWebKit/537.36 (KHTML, like Gecko) Chrome/57.0.2987.133 Safari/537.36',
  'upgrade-insecure-requests' => '1',
  'connection' => 'close',
  'host' => 'www.1901bmyshop.com',
)
[ info ] [ PARAM ] array (
)
[ info ] [ VIEW ] E:\phpStudy\PHPTutorial\WWW\month4\1901b\myshop\application\admin\view\brand\create.html [ array (
) ]
---------------------------------------------------------------
[2019-05-17T09:08:38+08:00] 127.0.0.1 GET www.1901bmyshop.com/admin.php/Index/index
[运行时间：0.028230s] [吞吐率：35.42req/s] [内存消耗：1,540.32kb] [文件加载：65]
[ info ] [ LANG ] E:\phpStudy\PHPTutorial\WWW\month4\1901b\myshop\thinkphp\lang\zh-cn.php
[ info ] [ BIND ] 'admin'
[ info ] [ ROUTE ] array (
)
[ info ] [ HEADER ] array (
  'cookie' => 'PHPSESSID=3ttalnakqerkmpphvv8sujqc5d; thinkphp_show_page_trace=0|0',
  'accept-language' => 'zh-CN,zh;q=0.8',
  'accept-encoding' => 'gzip, deflate, sdch',
  'accept' => 'text/html,application/xhtml+xml,application/xml;q=0.9,image/webp,*/*;q=0.8',
  'user-agent' => 'Mozilla/5.0 (Windows NT 10.0; Win64; x64) AppleWebKit/537.36 (KHTML, like Gecko) Chrome/57.0.2987.133 Safari/537.36',
  'upgrade-insecure-requests' => '1',
  'connection' => 'close',
  'host' => 'www.1901bmyshop.com',
)
[ info ] [ PARAM ] array (
)
---------------------------------------------------------------
[2019-05-17T09:31:39+08:00] 127.0.0.1 GET www.1901bmyshop.com/admin.php
[运行时间：0.049510s] [吞吐率：20.20req/s] [内存消耗：1,666.30kb] [文件加载：74]
[ info ] [ LANG ] E:\phpStudy\PHPTutorial\WWW\month4\1901b\myshop\thinkphp\lang\zh-cn.php
[ info ] [ BIND ] 'admin'
[ info ] [ ROUTE ] array (
)
[ info ] [ HEADER ] array (
  'cookie' => 'PHPSESSID=3ttalnakqerkmpphvv8sujqc5d; thinkphp_show_page_trace=0|0',
  'accept-language' => 'zh-CN,zh;q=0.8',
  'accept-encoding' => 'gzip, deflate, sdch',
  'accept' => 'text/html,application/xhtml+xml,application/xml;q=0.9,image/webp,*/*;q=0.8',
  'user-agent' => 'Mozilla/5.0 (Windows NT 10.0; Win64; x64) AppleWebKit/537.36 (KHTML, like Gecko) Chrome/57.0.2987.133 Safari/537.36',
  'upgrade-insecure-requests' => '1',
  'connection' => 'close',
  'host' => 'www.1901bmyshop.com',
)
[ info ] [ PARAM ] array (
)
[ info ] [ VIEW ] E:\phpStudy\PHPTutorial\WWW\month4\1901b\myshop\thinkphp\tpl/dispatch_jump.tpl [ array (
  0 => 'code',
  1 => 'msg',
  2 => 'data',
  3 => 'url',
  4 => 'wait',
) ]
---------------------------------------------------------------
[2019-05-17T09:31:42+08:00] 127.0.0.1 GET www.1901bmyshop.com/admin.php/login/login.html
[运行时间：0.072433s] [吞吐率：13.81req/s] [内存消耗：1,663.94kb] [文件加载：70]
[ info ] [ LANG ] E:\phpStudy\PHPTutorial\WWW\month4\1901b\myshop\thinkphp\lang\zh-cn.php
[ info ] [ BIND ] 'admin'
[ info ] [ ROUTE ] array (
)
[ info ] [ HEADER ] array (
  'cookie' => 'thinkphp_show_page_trace=0|0; PHPSESSID=3ttalnakqerkmpphvv8sujqc5d; thinkphp_show_page_trace=0|0',
  'accept-language' => 'zh-CN,zh;q=0.8',
  'accept-encoding' => 'gzip, deflate, sdch',
  'referer' => 'http://www.1901bmyshop.com/admin.php',
  'accept' => 'text/html,application/xhtml+xml,application/xml;q=0.9,image/webp,*/*;q=0.8',
  'user-agent' => 'Mozilla/5.0 (Windows NT 10.0; Win64; x64) AppleWebKit/537.36 (KHTML, like Gecko) Chrome/57.0.2987.133 Safari/537.36',
  'upgrade-insecure-requests' => '1',
  'connection' => 'close',
  'host' => 'www.1901bmyshop.com',
)
[ info ] [ PARAM ] array (
)
[ info ] [ VIEW ] E:\phpStudy\PHPTutorial\WWW\month4\1901b\myshop\application\admin\view\login\login.html [ array (
) ]
---------------------------------------------------------------
[2019-05-17T09:31:44+08:00] 127.0.0.1 GET www.1901bmyshop.com/admin.php/brand/index.html
[运行时间：0.041922s] [吞吐率：23.85req/s] [内存消耗：1,675.61kb] [文件加载：74]
[ info ] [ LANG ] E:\phpStudy\PHPTutorial\WWW\month4\1901b\myshop\thinkphp\lang\zh-cn.php
[ info ] [ BIND ] 'admin'
[ info ] [ ROUTE ] array (
)
[ info ] [ HEADER ] array (
  'cookie' => 'thinkphp_show_page_trace=0|0; PHPSESSID=3ttalnakqerkmpphvv8sujqc5d; thinkphp_show_page_trace=0|0',
  'accept-language' => 'zh-CN,zh;q=0.8',
  'accept-encoding' => 'gzip, deflate, sdch',
  'accept' => 'text/html,application/xhtml+xml,application/xml;q=0.9,image/webp,*/*;q=0.8',
  'user-agent' => 'Mozilla/5.0 (Windows NT 10.0; Win64; x64) AppleWebKit/537.36 (KHTML, like Gecko) Chrome/57.0.2987.133 Safari/537.36',
  'upgrade-insecure-requests' => '1',
  'connection' => 'close',
  'host' => 'www.1901bmyshop.com',
)
[ info ] [ PARAM ] array (
)
[ info ] [ VIEW ] E:\phpStudy\PHPTutorial\WWW\month4\1901b\myshop\thinkphp\tpl/dispatch_jump.tpl [ array (
  0 => 'code',
  1 => 'msg',
  2 => 'data',
  3 => 'url',
  4 => 'wait',
) ]
---------------------------------------------------------------
[2019-05-17T09:31:47+08:00] 127.0.0.1 GET www.1901bmyshop.com/admin.php/login/login.html
[运行时间：0.036713s] [吞吐率：27.24req/s] [内存消耗：1,664.09kb] [文件加载：70]
[ info ] [ LANG ] E:\phpStudy\PHPTutorial\WWW\month4\1901b\myshop\thinkphp\lang\zh-cn.php
[ info ] [ BIND ] 'admin'
[ info ] [ ROUTE ] array (
)
[ info ] [ HEADER ] array (
  'cookie' => 'thinkphp_show_page_trace=0|0; PHPSESSID=3ttalnakqerkmpphvv8sujqc5d; thinkphp_show_page_trace=0|0',
  'accept-language' => 'zh-CN,zh;q=0.8',
  'accept-encoding' => 'gzip, deflate, sdch',
  'referer' => 'http://www.1901bmyshop.com/admin.php/brand/index.html',
  'accept' => 'text/html,application/xhtml+xml,application/xml;q=0.9,image/webp,*/*;q=0.8',
  'user-agent' => 'Mozilla/5.0 (Windows NT 10.0; Win64; x64) AppleWebKit/537.36 (KHTML, like Gecko) Chrome/57.0.2987.133 Safari/537.36',
  'upgrade-insecure-requests' => '1',
  'connection' => 'close',
  'host' => 'www.1901bmyshop.com',
)
[ info ] [ PARAM ] array (
)
[ info ] [ VIEW ] E:\phpStudy\PHPTutorial\WWW\month4\1901b\myshop\application\admin\view\login\login.html [ array (
) ]
---------------------------------------------------------------
[2019-05-17T09:31:47+08:00] 127.0.0.1 GET www.1901bmyshop.com/admin.php/captcha.html
[运行时间：0.042524s] [吞吐率：23.52req/s] [内存消耗：1,165.45kb] [文件加载：55]
[ info ] [ LANG ] E:\phpStudy\PHPTutorial\WWW\month4\1901b\myshop\thinkphp\lang\zh-cn.php
[ info ] [ BIND ] 'admin'
[ info ] [ ROUTE ] array (
  'rule' => 'captcha/<id?>',
  'route' => '\\think\\captcha\\CaptchaController@index',
  'option' => 
  array (
    'merge_rule_regex' => false,
  ),
  'var' => 
  array (
  ),
)
[ info ] [ HEADER ] array (
  'cookie' => 'PHPSESSID=3ttalnakqerkmpphvv8sujqc5d; thinkphp_show_page_trace=0|0',
  'accept-language' => 'zh-CN,zh;q=0.8',
  'accept-encoding' => 'gzip, deflate, sdch',
  'referer' => 'http://www.1901bmyshop.com/admin.php/login/login.html',
  'accept' => 'image/webp,image/*,*/*;q=0.8',
  'user-agent' => 'Mozilla/5.0 (Windows NT 10.0; Win64; x64) AppleWebKit/537.36 (KHTML, like Gecko) Chrome/57.0.2987.133 Safari/537.36',
  'connection' => 'close',
  'host' => 'www.1901bmyshop.com',
)
[ info ] [ PARAM ] array (
)
---------------------------------------------------------------
[2019-05-17T09:31:56+08:00] 127.0.0.1 GET www.1901bmyshop.com/admin.php/admin/index.html
[运行时间：0.065785s] [吞吐率：15.20req/s] [内存消耗：1,676.30kb] [文件加载：74]
[ info ] [ LANG ] E:\phpStudy\PHPTutorial\WWW\month4\1901b\myshop\thinkphp\lang\zh-cn.php
[ info ] [ BIND ] 'admin'
[ info ] [ ROUTE ] array (
)
[ info ] [ HEADER ] array (
  'cookie' => 'PHPSESSID=3ttalnakqerkmpphvv8sujqc5d; thinkphp_show_page_trace=0|0',
  'accept-language' => 'zh-CN,zh;q=0.8',
  'accept-encoding' => 'gzip, deflate, sdch',
  'accept' => 'text/html,application/xhtml+xml,application/xml;q=0.9,image/webp,*/*;q=0.8',
  'user-agent' => 'Mozilla/5.0 (Windows NT 10.0; Win64; x64) AppleWebKit/537.36 (KHTML, like Gecko) Chrome/57.0.2987.133 Safari/537.36',
  'upgrade-insecure-requests' => '1',
  'connection' => 'close',
  'host' => 'www.1901bmyshop.com',
)
[ info ] [ PARAM ] array (
)
[ info ] [ VIEW ] E:\phpStudy\PHPTutorial\WWW\month4\1901b\myshop\thinkphp\tpl/dispatch_jump.tpl [ array (
  0 => 'code',
  1 => 'msg',
  2 => 'data',
  3 => 'url',
  4 => 'wait',
) ]
---------------------------------------------------------------
[2019-05-17T09:31:59+08:00] 127.0.0.1 GET www.1901bmyshop.com/admin.php/login/login.html
[运行时间：0.050267s] [吞吐率：19.89req/s] [内存消耗：1,664.09kb] [文件加载：70]
[ info ] [ LANG ] E:\phpStudy\PHPTutorial\WWW\month4\1901b\myshop\thinkphp\lang\zh-cn.php
[ info ] [ BIND ] 'admin'
[ info ] [ ROUTE ] array (
)
[ info ] [ HEADER ] array (
  'cookie' => 'thinkphp_show_page_trace=0|0; PHPSESSID=3ttalnakqerkmpphvv8sujqc5d; thinkphp_show_page_trace=0|0',
  'accept-language' => 'zh-CN,zh;q=0.8',
  'accept-encoding' => 'gzip, deflate, sdch',
  'referer' => 'http://www.1901bmyshop.com/admin.php/admin/index.html',
  'accept' => 'text/html,application/xhtml+xml,application/xml;q=0.9,image/webp,*/*;q=0.8',
  'user-agent' => 'Mozilla/5.0 (Windows NT 10.0; Win64; x64) AppleWebKit/537.36 (KHTML, like Gecko) Chrome/57.0.2987.133 Safari/537.36',
  'upgrade-insecure-requests' => '1',
  'connection' => 'close',
  'host' => 'www.1901bmyshop.com',
)
[ info ] [ PARAM ] array (
)
[ info ] [ VIEW ] E:\phpStudy\PHPTutorial\WWW\month4\1901b\myshop\application\admin\view\login\login.html [ array (
) ]
---------------------------------------------------------------
[2019-05-17T09:31:59+08:00] 127.0.0.1 GET www.1901bmyshop.com/admin.php/captcha.html
[运行时间：0.040970s] [吞吐率：24.41req/s] [内存消耗：1,165.45kb] [文件加载：55]
[ info ] [ LANG ] E:\phpStudy\PHPTutorial\WWW\month4\1901b\myshop\thinkphp\lang\zh-cn.php
[ info ] [ BIND ] 'admin'
[ info ] [ ROUTE ] array (
  'rule' => 'captcha/<id?>',
  'route' => '\\think\\captcha\\CaptchaController@index',
  'option' => 
  array (
    'merge_rule_regex' => false,
  ),
  'var' => 
  array (
  ),
)
[ info ] [ HEADER ] array (
  'cookie' => 'PHPSESSID=3ttalnakqerkmpphvv8sujqc5d; thinkphp_show_page_trace=0|0',
  'accept-language' => 'zh-CN,zh;q=0.8',
  'accept-encoding' => 'gzip, deflate, sdch',
  'referer' => 'http://www.1901bmyshop.com/admin.php/login/login.html',
  'accept' => 'image/webp,image/*,*/*;q=0.8',
  'user-agent' => 'Mozilla/5.0 (Windows NT 10.0; Win64; x64) AppleWebKit/537.36 (KHTML, like Gecko) Chrome/57.0.2987.133 Safari/537.36',
  'connection' => 'close',
  'host' => 'www.1901bmyshop.com',
)
[ info ] [ PARAM ] array (
)
---------------------------------------------------------------
[2019-05-17T09:32:45+08:00] 127.0.0.1 POST www.1901bmyshop.com/admin.php/login/logindo.html
[运行时间：0.286700s] [吞吐率：3.49req/s] [内存消耗：2,605.18kb] [文件加载：81]
[ info ] [ LANG ] E:\phpStudy\PHPTutorial\WWW\month4\1901b\myshop\thinkphp\lang\zh-cn.php
[ info ] [ BIND ] 'admin'
[ info ] [ ROUTE ] array (
)
[ info ] [ HEADER ] array (
  'cookie' => 'thinkphp_show_page_trace=0|0; PHPSESSID=3ttalnakqerkmpphvv8sujqc5d; thinkphp_show_page_trace=0|0',
  'accept-language' => 'zh-CN,zh;q=0.8',
  'accept-encoding' => 'gzip, deflate',
  'referer' => 'http://www.1901bmyshop.com/admin.php/login/login.html',
  'content-type' => 'application/x-www-form-urlencoded; charset=UTF-8',
  'user-agent' => 'Mozilla/5.0 (Windows NT 10.0; Win64; x64) AppleWebKit/537.36 (KHTML, like Gecko) Chrome/57.0.2987.133 Safari/537.36',
  'x-requested-with' => 'XMLHttpRequest',
  'origin' => 'http://www.1901bmyshop.com',
  'accept' => 'application/json, text/javascript, */*; q=0.01',
  'content-length' => '45',
  'connection' => 'close',
  'host' => 'www.1901bmyshop.com',
)
[ info ] [ PARAM ] array (
  'admin_name' => 'admin',
  'admin_pwd' => 'admin123',
  'code' => 'apa8',
)
[ info ] [ DB ] INIT mysql
[ sql ] [ DB ] CONNECT:[ UseTime:0.006570s ] mysql:host=127.0.0.1;port=3306;dbname=shop;charset=utf8
[ sql ] [ SQL ] SHOW COLUMNS FROM `shop_admin` [ RunTime:0.160155s ]
[ sql ] [ SQL ] SELECT * FROM `shop_admin` WHERE  `admin_name` = 'admin'  AND `admin_pwd` = '0192023a7bbd73250516f069df18b500' LIMIT 1 [ RunTime:0.013496s ]
[ sql ] [ SQL ] UPDATE `shop_admin`  SET `last_login_time` = 1558056765 , `last_login_ip` = '127.0.0.1'  WHERE  `admin_id` = 2 [ RunTime:0.049554s ]
---------------------------------------------------------------
[2019-05-17T09:32:46+08:00] 127.0.0.1 GET www.1901bmyshop.com/admin.php/index/index.html
[运行时间：0.048116s] [吞吐率：20.78req/s] [内存消耗：1,664.83kb] [文件加载：72]
[ info ] [ LANG ] E:\phpStudy\PHPTutorial\WWW\month4\1901b\myshop\thinkphp\lang\zh-cn.php
[ info ] [ BIND ] 'admin'
[ info ] [ ROUTE ] array (
)
[ info ] [ HEADER ] array (
  'cookie' => 'thinkphp_show_page_trace=0|0; PHPSESSID=3ttalnakqerkmpphvv8sujqc5d; thinkphp_show_page_trace=0|0',
  'accept-language' => 'zh-CN,zh;q=0.8',
  'accept-encoding' => 'gzip, deflate, sdch',
  'referer' => 'http://www.1901bmyshop.com/admin.php/login/login.html',
  'accept' => 'text/html,application/xhtml+xml,application/xml;q=0.9,image/webp,*/*;q=0.8',
  'user-agent' => 'Mozilla/5.0 (Windows NT 10.0; Win64; x64) AppleWebKit/537.36 (KHTML, like Gecko) Chrome/57.0.2987.133 Safari/537.36',
  'upgrade-insecure-requests' => '1',
  'connection' => 'close',
  'host' => 'www.1901bmyshop.com',
)
[ info ] [ PARAM ] array (
)
[ info ] [ VIEW ] E:\phpStudy\PHPTutorial\WWW\month4\1901b\myshop\application\admin\view\index\index.html [ array (
) ]
---------------------------------------------------------------
[2019-05-17T09:32:53+08:00] 127.0.0.1 GET www.1901bmyshop.com/admin.php/category/create.html
[运行时间：0.157559s] [吞吐率：6.35req/s] [内存消耗：1,586.90kb] [文件加载：69]
[ info ] [ LANG ] E:\phpStudy\PHPTutorial\WWW\month4\1901b\myshop\thinkphp\lang\zh-cn.php
[ info ] [ BIND ] 'admin'
[ info ] [ ROUTE ] array (
)
[ info ] [ HEADER ] array (
  'cookie' => 'PHPSESSID=3ttalnakqerkmpphvv8sujqc5d; thinkphp_show_page_trace=0|0',
  'accept-language' => 'zh-CN,zh;q=0.8',
  'accept-encoding' => 'gzip, deflate, sdch',
  'referer' => 'http://www.1901bmyshop.com/admin.php/index/index.html',
  'accept' => 'text/html,application/xhtml+xml,application/xml;q=0.9,image/webp,*/*;q=0.8',
  'user-agent' => 'Mozilla/5.0 (Windows NT 10.0; Win64; x64) AppleWebKit/537.36 (KHTML, like Gecko) Chrome/57.0.2987.133 Safari/537.36',
  'upgrade-insecure-requests' => '1',
  'connection' => 'close',
  'host' => 'www.1901bmyshop.com',
)
[ info ] [ PARAM ] array (
)
---------------------------------------------------------------
[2019-05-17T09:32:56+08:00] 127.0.0.1 GET www.1901bmyshop.com/admin.php/index/index.html
[运行时间：0.039079s] [吞吐率：25.59req/s] [内存消耗：1,664.83kb] [文件加载：72]
[ info ] [ LANG ] E:\phpStudy\PHPTutorial\WWW\month4\1901b\myshop\thinkphp\lang\zh-cn.php
[ info ] [ BIND ] 'admin'
[ info ] [ ROUTE ] array (
)
[ info ] [ HEADER ] array (
  'cookie' => 'thinkphp_show_page_trace=0|0; PHPSESSID=3ttalnakqerkmpphvv8sujqc5d; thinkphp_show_page_trace=0|0',
  'accept-language' => 'zh-CN,zh;q=0.8',
  'accept-encoding' => 'gzip, deflate, sdch',
  'referer' => 'http://www.1901bmyshop.com/admin.php/login/login.html',
  'accept' => 'text/html,application/xhtml+xml,application/xml;q=0.9,image/webp,*/*;q=0.8',
  'user-agent' => 'Mozilla/5.0 (Windows NT 10.0; Win64; x64) AppleWebKit/537.36 (KHTML, like Gecko) Chrome/57.0.2987.133 Safari/537.36',
  'upgrade-insecure-requests' => '1',
  'connection' => 'close',
  'host' => 'www.1901bmyshop.com',
)
[ info ] [ PARAM ] array (
)
[ info ] [ VIEW ] E:\phpStudy\PHPTutorial\WWW\month4\1901b\myshop\application\admin\view\index\index.html [ array (
) ]
---------------------------------------------------------------
[2019-05-17T09:48:42+08:00] 127.0.0.1 GET www.1901bmyshop.com/admin.php/index/index.html
[运行时间：0.037292s] [吞吐率：26.82req/s] [内存消耗：1,665.02kb] [文件加载：72]
[ info ] [ LANG ] E:\phpStudy\PHPTutorial\WWW\month4\1901b\myshop\thinkphp\lang\zh-cn.php
[ info ] [ BIND ] 'admin'
[ info ] [ ROUTE ] array (
)
[ info ] [ HEADER ] array (
  'cookie' => 'thinkphp_show_page_trace=0|0; PHPSESSID=3ttalnakqerkmpphvv8sujqc5d; thinkphp_show_page_trace=0|0',
  'accept-language' => 'zh-CN,zh;q=0.8',
  'accept-encoding' => 'gzip, deflate, sdch',
  'referer' => 'http://www.1901bmyshop.com/admin.php/login/login.html',
  'accept' => 'text/html,application/xhtml+xml,application/xml;q=0.9,image/webp,*/*;q=0.8',
  'user-agent' => 'Mozilla/5.0 (Windows NT 10.0; Win64; x64) AppleWebKit/537.36 (KHTML, like Gecko) Chrome/57.0.2987.133 Safari/537.36',
  'upgrade-insecure-requests' => '1',
  'cache-control' => 'max-age=0',
  'connection' => 'close',
  'host' => 'www.1901bmyshop.com',
)
[ info ] [ PARAM ] array (
)
[ info ] [ VIEW ] E:\phpStudy\PHPTutorial\WWW\month4\1901b\myshop\application\admin\view\index\index.html [ array (
) ]
