---------------------------------------------------------------
[2019-05-20T11:33:24+08:00] 127.0.0.1 GET www.1901bmyshop.com/
[运行时间：0.891684s] [吞吐率：1.12req/s] [内存消耗：1,597.62kb] [文件加载：64]
[ info ] [ LANG ] E:\phpStudy\PHPTutorial\WWW\month4\1901b\myshop\thinkphp\lang\zh-cn.php
[ info ] [ BIND ] 'index'
[ info ] [ ROUTE ] array (
)
[ info ] [ HEADER ] array (
  'accept-language' => 'zh-CN,zh;q=0.8',
  'accept-encoding' => 'gzip, deflate, sdch',
  'accept' => 'text/html,application/xhtml+xml,application/xml;q=0.9,image/webp,*/*;q=0.8',
  'user-agent' => 'Mozilla/5.0 (Windows NT 10.0; Win64; x64) AppleWebKit/537.36 (KHTML, like Gecko) Chrome/57.0.2987.133 Safari/537.36',
  'upgrade-insecure-requests' => '1',
  'connection' => 'close',
  'host' => 'www.1901bmyshop.com',
)
[ info ] [ PARAM ] array (
)
---------------------------------------------------------------
[2019-05-20T11:33:25+08:00] 127.0.0.1 GET www.1901bmyshop.com/
[运行时间：0.068511s] [吞吐率：14.60req/s] [内存消耗：1,597.62kb] [文件加载：64]
[ info ] [ LANG ] E:\phpStudy\PHPTutorial\WWW\month4\1901b\myshop\thinkphp\lang\zh-cn.php
[ info ] [ BIND ] 'index'
[ info ] [ ROUTE ] array (
)
[ info ] [ HEADER ] array (
  'accept-language' => 'zh-CN,zh;q=0.8',
  'accept-encoding' => 'gzip, deflate, sdch',
  'accept' => 'text/html,application/xhtml+xml,application/xml;q=0.9,image/webp,*/*;q=0.8',
  'user-agent' => 'Mozilla/5.0 (Windows NT 10.0; Win64; x64) AppleWebKit/537.36 (KHTML, like Gecko) Chrome/57.0.2987.133 Safari/537.36',
  'upgrade-insecure-requests' => '1',
  'connection' => 'close',
  'host' => 'www.1901bmyshop.com',
)
[ info ] [ PARAM ] array (
)
---------------------------------------------------------------
[2019-05-20T11:33:29+08:00] 127.0.0.1 GET www.1901bmyshop.com/admin.php
[运行时间：0.186689s] [吞吐率：5.36req/s] [内存消耗：1,665.09kb] [文件加载：74]
[ info ] [ LANG ] E:\phpStudy\PHPTutorial\WWW\month4\1901b\myshop\thinkphp\lang\zh-cn.php
[ info ] [ BIND ] 'admin'
[ info ] [ ROUTE ] array (
)
[ info ] [ HEADER ] array (
  'cookie' => 'thinkphp_show_page_trace=0|0',
  'accept-language' => 'zh-CN,zh;q=0.8',
  'accept-encoding' => 'gzip, deflate, sdch',
  'accept' => 'text/html,application/xhtml+xml,application/xml;q=0.9,image/webp,*/*;q=0.8',
  'user-agent' => 'Mozilla/5.0 (Windows NT 10.0; Win64; x64) AppleWebKit/537.36 (KHTML, like Gecko) Chrome/57.0.2987.133 Safari/537.36',
  'upgrade-insecure-requests' => '1',
  'connection' => 'close',
  'host' => 'www.1901bmyshop.com',
)
[ info ] [ PARAM ] array (
)
[ info ] [ VIEW ] E:\phpStudy\PHPTutorial\WWW\month4\1901b\myshop\thinkphp\tpl/dispatch_jump.tpl [ array (
  0 => 'code',
  1 => 'msg',
  2 => 'data',
  3 => 'url',
  4 => 'wait',
) ]
---------------------------------------------------------------
[2019-05-20T11:33:31+08:00] 127.0.0.1 GET www.1901bmyshop.com/admin.php/login/login.html
[运行时间：0.064805s] [吞吐率：15.43req/s] [内存消耗：1,663.91kb] [文件加载：70]
[ info ] [ LANG ] E:\phpStudy\PHPTutorial\WWW\month4\1901b\myshop\thinkphp\lang\zh-cn.php
[ info ] [ BIND ] 'admin'
[ info ] [ ROUTE ] array (
)
[ info ] [ HEADER ] array (
  'cookie' => 'PHPSESSID=u7sljhl8qrdjh81lf76808vjlu; thinkphp_show_page_trace=0|0',
  'accept-language' => 'zh-CN,zh;q=0.8',
  'accept-encoding' => 'gzip, deflate, sdch',
  'referer' => 'http://www.1901bmyshop.com/admin.php',
  'accept' => 'text/html,application/xhtml+xml,application/xml;q=0.9,image/webp,*/*;q=0.8',
  'user-agent' => 'Mozilla/5.0 (Windows NT 10.0; Win64; x64) AppleWebKit/537.36 (KHTML, like Gecko) Chrome/57.0.2987.133 Safari/537.36',
  'upgrade-insecure-requests' => '1',
  'connection' => 'close',
  'host' => 'www.1901bmyshop.com',
)
[ info ] [ PARAM ] array (
)
[ info ] [ VIEW ] E:\phpStudy\PHPTutorial\WWW\month4\1901b\myshop\application\admin\view\login\login.html [ array (
) ]
---------------------------------------------------------------
[2019-05-20T11:33:32+08:00] 127.0.0.1 GET www.1901bmyshop.com/admin.php/captcha.html
[运行时间：0.800507s] [吞吐率：1.25req/s] [内存消耗：1,165.23kb] [文件加载：55]
[ info ] [ LANG ] E:\phpStudy\PHPTutorial\WWW\month4\1901b\myshop\thinkphp\lang\zh-cn.php
[ info ] [ BIND ] 'admin'
[ info ] [ ROUTE ] array (
  'rule' => 'captcha/<id?>',
  'route' => '\\think\\captcha\\CaptchaController@index',
  'option' => 
  array (
    'merge_rule_regex' => false,
  ),
  'var' => 
  array (
  ),
)
[ info ] [ HEADER ] array (
  'cookie' => 'PHPSESSID=u7sljhl8qrdjh81lf76808vjlu; thinkphp_show_page_trace=0|0',
  'accept-language' => 'zh-CN,zh;q=0.8',
  'accept-encoding' => 'gzip, deflate, sdch',
  'referer' => 'http://www.1901bmyshop.com/admin.php/login/login.html',
  'accept' => 'image/webp,image/*,*/*;q=0.8',
  'user-agent' => 'Mozilla/5.0 (Windows NT 10.0; Win64; x64) AppleWebKit/537.36 (KHTML, like Gecko) Chrome/57.0.2987.133 Safari/537.36',
  'connection' => 'close',
  'host' => 'www.1901bmyshop.com',
)
[ info ] [ PARAM ] array (
)
---------------------------------------------------------------
[2019-05-20T11:33:41+08:00] 127.0.0.1 POST www.1901bmyshop.com/admin.php/login/logindo.html
[运行时间：0.425655s] [吞吐率：2.35req/s] [内存消耗：2,605.16kb] [文件加载：81]
[ info ] [ LANG ] E:\phpStudy\PHPTutorial\WWW\month4\1901b\myshop\thinkphp\lang\zh-cn.php
[ info ] [ BIND ] 'admin'
[ info ] [ ROUTE ] array (
)
[ info ] [ HEADER ] array (
  'cookie' => 'thinkphp_show_page_trace=0|0; PHPSESSID=u7sljhl8qrdjh81lf76808vjlu; thinkphp_show_page_trace=0|0',
  'accept-language' => 'zh-CN,zh;q=0.8',
  'accept-encoding' => 'gzip, deflate',
  'referer' => 'http://www.1901bmyshop.com/admin.php/login/login.html',
  'content-type' => 'application/x-www-form-urlencoded; charset=UTF-8',
  'user-agent' => 'Mozilla/5.0 (Windows NT 10.0; Win64; x64) AppleWebKit/537.36 (KHTML, like Gecko) Chrome/57.0.2987.133 Safari/537.36',
  'x-requested-with' => 'XMLHttpRequest',
  'origin' => 'http://www.1901bmyshop.com',
  'accept' => 'application/json, text/javascript, */*; q=0.01',
  'content-length' => '45',
  'connection' => 'close',
  'host' => 'www.1901bmyshop.com',
)
[ info ] [ PARAM ] array (
  'admin_name' => 'admin',
  'admin_pwd' => 'admin123',
  'code' => 't3hm',
)
[ info ] [ DB ] INIT mysql
[ sql ] [ DB ] CONNECT:[ UseTime:0.001443s ] mysql:host=127.0.0.1;port=3306;dbname=shop;charset=utf8
[ sql ] [ SQL ] SHOW COLUMNS FROM `shop_admin` [ RunTime:0.070612s ]
[ sql ] [ SQL ] SELECT * FROM `shop_admin` WHERE  `admin_name` = 'admin'  AND `admin_pwd` = '0192023a7bbd73250516f069df18b500' LIMIT 1 [ RunTime:0.003645s ]
[ sql ] [ SQL ] UPDATE `shop_admin`  SET `last_login_time` = 1558323221 , `last_login_ip` = '127.0.0.1'  WHERE  `admin_id` = 2 [ RunTime:0.049764s ]
---------------------------------------------------------------
[2019-05-20T11:33:43+08:00] 127.0.0.1 GET www.1901bmyshop.com/admin.php/index/index.html
[运行时间：0.079653s] [吞吐率：12.55req/s] [内存消耗：1,664.67kb] [文件加载：72]
[ info ] [ LANG ] E:\phpStudy\PHPTutorial\WWW\month4\1901b\myshop\thinkphp\lang\zh-cn.php
[ info ] [ BIND ] 'admin'
[ info ] [ ROUTE ] array (
)
[ info ] [ HEADER ] array (
  'cookie' => 'PHPSESSID=u7sljhl8qrdjh81lf76808vjlu; thinkphp_show_page_trace=0|0',
  'accept-language' => 'zh-CN,zh;q=0.8',
  'accept-encoding' => 'gzip, deflate, sdch',
  'referer' => 'http://www.1901bmyshop.com/admin.php/login/login.html',
  'accept' => 'text/html,application/xhtml+xml,application/xml;q=0.9,image/webp,*/*;q=0.8',
  'user-agent' => 'Mozilla/5.0 (Windows NT 10.0; Win64; x64) AppleWebKit/537.36 (KHTML, like Gecko) Chrome/57.0.2987.133 Safari/537.36',
  'upgrade-insecure-requests' => '1',
  'connection' => 'close',
  'host' => 'www.1901bmyshop.com',
)
[ info ] [ PARAM ] array (
)
[ info ] [ VIEW ] E:\phpStudy\PHPTutorial\WWW\month4\1901b\myshop\application\admin\view\index\index.html [ array (
) ]
---------------------------------------------------------------
[2019-05-20T11:34:43+08:00] 127.0.0.1 GET www.1901bmyshop.com/admin.php/index/index.html
[运行时间：0.165736s] [吞吐率：6.03req/s] [内存消耗：1,780.59kb] [文件加载：74]
[ info ] [ LANG ] E:\phpStudy\PHPTutorial\WWW\month4\1901b\myshop\thinkphp\lang\zh-cn.php
[ info ] [ BIND ] 'admin'
[ info ] [ ROUTE ] array (
)
[ info ] [ HEADER ] array (
  'cookie' => 'thinkphp_show_page_trace=0|0; PHPSESSID=u7sljhl8qrdjh81lf76808vjlu; thinkphp_show_page_trace=0|0',
  'accept-language' => 'zh-CN,zh;q=0.8',
  'accept-encoding' => 'gzip, deflate, sdch',
  'referer' => 'http://www.1901bmyshop.com/admin.php/login/login.html',
  'accept' => 'text/html,application/xhtml+xml,application/xml;q=0.9,image/webp,*/*;q=0.8',
  'user-agent' => 'Mozilla/5.0 (Windows NT 10.0; Win64; x64) AppleWebKit/537.36 (KHTML, like Gecko) Chrome/57.0.2987.133 Safari/537.36',
  'upgrade-insecure-requests' => '1',
  'cache-control' => 'max-age=0',
  'connection' => 'close',
  'host' => 'www.1901bmyshop.com',
)
[ info ] [ PARAM ] array (
)
[ info ] [ VIEW ] E:\phpStudy\PHPTutorial\WWW\month4\1901b\myshop\application\admin\view\index\index.html [ array (
) ]
---------------------------------------------------------------
[2019-05-20T11:37:35+08:00] 127.0.0.1 GET www.1901bmyshop.com/admin.php/category/create.html
[运行时间：0.087995s] [吞吐率：11.36req/s] [内存消耗：1,586.90kb] [文件加载：69]
[ info ] [ LANG ] E:\phpStudy\PHPTutorial\WWW\month4\1901b\myshop\thinkphp\lang\zh-cn.php
[ info ] [ BIND ] 'admin'
[ info ] [ ROUTE ] array (
)
[ info ] [ HEADER ] array (
  'cookie' => 'PHPSESSID=u7sljhl8qrdjh81lf76808vjlu; thinkphp_show_page_trace=0|0',
  'accept-language' => 'zh-CN,zh;q=0.8',
  'accept-encoding' => 'gzip, deflate, sdch',
  'referer' => 'http://www.1901bmyshop.com/admin.php/index/index.html',
  'accept' => 'text/html,application/xhtml+xml,application/xml;q=0.9,image/webp,*/*;q=0.8',
  'user-agent' => 'Mozilla/5.0 (Windows NT 10.0; Win64; x64) AppleWebKit/537.36 (KHTML, like Gecko) Chrome/57.0.2987.133 Safari/537.36',
  'upgrade-insecure-requests' => '1',
  'connection' => 'close',
  'host' => 'www.1901bmyshop.com',
)
[ info ] [ PARAM ] array (
)
---------------------------------------------------------------
[2019-05-20T11:37:37+08:00] 127.0.0.1 GET www.1901bmyshop.com/admin.php/index/index.html
[运行时间：0.034032s] [吞吐率：29.38req/s] [内存消耗：1,664.83kb] [文件加载：72]
[ info ] [ LANG ] E:\phpStudy\PHPTutorial\WWW\month4\1901b\myshop\thinkphp\lang\zh-cn.php
[ info ] [ BIND ] 'admin'
[ info ] [ ROUTE ] array (
)
[ info ] [ HEADER ] array (
  'cookie' => 'thinkphp_show_page_trace=0|0; PHPSESSID=u7sljhl8qrdjh81lf76808vjlu; thinkphp_show_page_trace=0|0',
  'accept-language' => 'zh-CN,zh;q=0.8',
  'accept-encoding' => 'gzip, deflate, sdch',
  'referer' => 'http://www.1901bmyshop.com/admin.php/login/login.html',
  'accept' => 'text/html,application/xhtml+xml,application/xml;q=0.9,image/webp,*/*;q=0.8',
  'user-agent' => 'Mozilla/5.0 (Windows NT 10.0; Win64; x64) AppleWebKit/537.36 (KHTML, like Gecko) Chrome/57.0.2987.133 Safari/537.36',
  'upgrade-insecure-requests' => '1',
  'connection' => 'close',
  'host' => 'www.1901bmyshop.com',
)
[ info ] [ PARAM ] array (
)
[ info ] [ VIEW ] E:\phpStudy\PHPTutorial\WWW\month4\1901b\myshop\application\admin\view\index\index.html [ array (
) ]
---------------------------------------------------------------
[2019-05-20T19:14:23+08:00] 127.0.0.1 GET www.1901bmyshop.com/
[运行时间：0.076115s] [吞吐率：13.14req/s] [内存消耗：1,598.11kb] [文件加载：64]
[ info ] [ LANG ] E:\phpStudy\PHPTutorial\WWW\month4\1901b\myshop\thinkphp\lang\zh-cn.php
[ info ] [ BIND ] 'index'
[ info ] [ ROUTE ] array (
)
[ info ] [ HEADER ] array (
  'cookie' => 'PHPSESSID=u7sljhl8qrdjh81lf76808vjlu; thinkphp_show_page_trace=0|0',
  'accept-language' => 'zh-CN,zh;q=0.8',
  'accept-encoding' => 'gzip, deflate, sdch',
  'accept' => 'text/html,application/xhtml+xml,application/xml;q=0.9,image/webp,*/*;q=0.8',
  'user-agent' => 'Mozilla/5.0 (Windows NT 10.0; Win64; x64) AppleWebKit/537.36 (KHTML, like Gecko) Chrome/57.0.2987.133 Safari/537.36',
  'upgrade-insecure-requests' => '1',
  'connection' => 'close',
  'host' => 'www.1901bmyshop.com',
)
[ info ] [ PARAM ] array (
)
---------------------------------------------------------------
[2019-05-20T19:14:23+08:00] 127.0.0.1 GET www.1901bmyshop.com/
[运行时间：0.035320s] [吞吐率：28.31req/s] [内存消耗：1,598.11kb] [文件加载：64]
[ info ] [ LANG ] E:\phpStudy\PHPTutorial\WWW\month4\1901b\myshop\thinkphp\lang\zh-cn.php
[ info ] [ BIND ] 'index'
[ info ] [ ROUTE ] array (
)
[ info ] [ HEADER ] array (
  'cookie' => 'PHPSESSID=u7sljhl8qrdjh81lf76808vjlu; thinkphp_show_page_trace=0|0',
  'accept-language' => 'zh-CN,zh;q=0.8',
  'accept-encoding' => 'gzip, deflate, sdch',
  'accept' => 'text/html,application/xhtml+xml,application/xml;q=0.9,image/webp,*/*;q=0.8',
  'user-agent' => 'Mozilla/5.0 (Windows NT 10.0; Win64; x64) AppleWebKit/537.36 (KHTML, like Gecko) Chrome/57.0.2987.133 Safari/537.36',
  'upgrade-insecure-requests' => '1',
  'connection' => 'close',
  'host' => 'www.1901bmyshop.com',
)
[ info ] [ PARAM ] array (
)
---------------------------------------------------------------
[2019-05-20T19:14:27+08:00] 127.0.0.1 GET www.1901bmyshop.com/admin.php
[运行时间：0.029251s] [吞吐率：34.19req/s] [内存消耗：1,664.10kb] [文件加载：72]
[ info ] [ LANG ] E:\phpStudy\PHPTutorial\WWW\month4\1901b\myshop\thinkphp\lang\zh-cn.php
[ info ] [ BIND ] 'admin'
[ info ] [ ROUTE ] array (
)
[ info ] [ HEADER ] array (
  'cookie' => 'PHPSESSID=u7sljhl8qrdjh81lf76808vjlu; thinkphp_show_page_trace=0|0',
  'accept-language' => 'zh-CN,zh;q=0.8',
  'accept-encoding' => 'gzip, deflate, sdch',
  'accept' => 'text/html,application/xhtml+xml,application/xml;q=0.9,image/webp,*/*;q=0.8',
  'user-agent' => 'Mozilla/5.0 (Windows NT 10.0; Win64; x64) AppleWebKit/537.36 (KHTML, like Gecko) Chrome/57.0.2987.133 Safari/537.36',
  'upgrade-insecure-requests' => '1',
  'connection' => 'close',
  'host' => 'www.1901bmyshop.com',
)
[ info ] [ PARAM ] array (
)
[ info ] [ VIEW ] E:\phpStudy\PHPTutorial\WWW\month4\1901b\myshop\application\admin\view\index\index.html [ array (
) ]
---------------------------------------------------------------
[2019-05-20T19:14:34+08:00] 127.0.0.1 GET www.1901bmyshop.com/admin.php/category/index.html
[运行时间：0.118783s] [吞吐率：8.42req/s] [内存消耗：2,628.75kb] [文件加载：80]
[ info ] [ LANG ] E:\phpStudy\PHPTutorial\WWW\month4\1901b\myshop\thinkphp\lang\zh-cn.php
[ info ] [ BIND ] 'admin'
[ info ] [ ROUTE ] array (
)
[ info ] [ HEADER ] array (
  'cookie' => 'thinkphp_show_page_trace=0|0; PHPSESSID=u7sljhl8qrdjh81lf76808vjlu; thinkphp_show_page_trace=0|0',
  'accept-language' => 'zh-CN,zh;q=0.8',
  'accept-encoding' => 'gzip, deflate, sdch',
  'referer' => 'http://www.1901bmyshop.com/admin.php',
  'accept' => 'text/html,application/xhtml+xml,application/xml;q=0.9,image/webp,*/*;q=0.8',
  'user-agent' => 'Mozilla/5.0 (Windows NT 10.0; Win64; x64) AppleWebKit/537.36 (KHTML, like Gecko) Chrome/57.0.2987.133 Safari/537.36',
  'upgrade-insecure-requests' => '1',
  'connection' => 'close',
  'host' => 'www.1901bmyshop.com',
)
[ info ] [ PARAM ] array (
)
[ info ] [ DB ] INIT mysql
[ sql ] [ DB ] CONNECT:[ UseTime:0.003975s ] mysql:host=127.0.0.1;port=3306;dbname=shop;charset=utf8
[ sql ] [ SQL ] SHOW COLUMNS FROM `shop_category` [ RunTime:0.035961s ]
[ sql ] [ SQL ] SELECT * FROM `shop_category` [ RunTime:0.002731s ]
---------------------------------------------------------------
[2019-05-20T19:14:38+08:00] 127.0.0.1 GET www.1901bmyshop.com/admin.php/category/index.html
[运行时间：0.097053s] [吞吐率：10.30req/s] [内存消耗：2,628.75kb] [文件加载：80]
[ info ] [ LANG ] E:\phpStudy\PHPTutorial\WWW\month4\1901b\myshop\thinkphp\lang\zh-cn.php
[ info ] [ BIND ] 'admin'
[ info ] [ ROUTE ] array (
)
[ info ] [ HEADER ] array (
  'cookie' => 'thinkphp_show_page_trace=0|0; PHPSESSID=u7sljhl8qrdjh81lf76808vjlu; thinkphp_show_page_trace=0|0',
  'accept-language' => 'zh-CN,zh;q=0.8',
  'accept-encoding' => 'gzip, deflate, sdch',
  'referer' => 'http://www.1901bmyshop.com/admin.php',
  'accept' => 'text/html,application/xhtml+xml,application/xml;q=0.9,image/webp,*/*;q=0.8',
  'user-agent' => 'Mozilla/5.0 (Windows NT 10.0; Win64; x64) AppleWebKit/537.36 (KHTML, like Gecko) Chrome/57.0.2987.133 Safari/537.36',
  'upgrade-insecure-requests' => '1',
  'connection' => 'close',
  'host' => 'www.1901bmyshop.com',
)
[ info ] [ PARAM ] array (
)
[ info ] [ DB ] INIT mysql
[ sql ] [ DB ] CONNECT:[ UseTime:0.012882s ] mysql:host=127.0.0.1;port=3306;dbname=shop;charset=utf8
[ sql ] [ SQL ] SHOW COLUMNS FROM `shop_category` [ RunTime:0.033726s ]
[ sql ] [ SQL ] SELECT * FROM `shop_category` [ RunTime:0.001636s ]
---------------------------------------------------------------
[2019-05-20T19:14:48+08:00] 127.0.0.1 GET www.1901bmyshop.com/admin.php/category/index.html
[运行时间：0.090763s] [吞吐率：11.02req/s] [内存消耗：2,655.02kb] [文件加载：80]
[ info ] [ LANG ] E:\phpStudy\PHPTutorial\WWW\month4\1901b\myshop\thinkphp\lang\zh-cn.php
[ info ] [ BIND ] 'admin'
[ info ] [ ROUTE ] array (
)
[ info ] [ HEADER ] array (
  'cookie' => 'thinkphp_show_page_trace=0|0; PHPSESSID=u7sljhl8qrdjh81lf76808vjlu; thinkphp_show_page_trace=0|0',
  'accept-language' => 'zh-CN,zh;q=0.8',
  'accept-encoding' => 'gzip, deflate, sdch',
  'referer' => 'http://www.1901bmyshop.com/admin.php',
  'accept' => 'text/html,application/xhtml+xml,application/xml;q=0.9,image/webp,*/*;q=0.8',
  'user-agent' => 'Mozilla/5.0 (Windows NT 10.0; Win64; x64) AppleWebKit/537.36 (KHTML, like Gecko) Chrome/57.0.2987.133 Safari/537.36',
  'upgrade-insecure-requests' => '1',
  'cache-control' => 'max-age=0',
  'connection' => 'close',
  'host' => 'www.1901bmyshop.com',
)
[ info ] [ PARAM ] array (
)
[ info ] [ DB ] INIT mysql
[ sql ] [ DB ] CONNECT:[ UseTime:0.004354s ] mysql:host=127.0.0.1;port=3306;dbname=shop;charset=utf8
[ sql ] [ SQL ] SHOW COLUMNS FROM `shop_category` [ RunTime:0.028812s ]
[ sql ] [ SQL ] SELECT * FROM `shop_category` [ RunTime:0.001507s ]
---------------------------------------------------------------
[2019-05-20T19:15:00+08:00] 127.0.0.1 GET www.1901bmyshop.com/admin.php/category/index.html
[运行时间：0.109516s] [吞吐率：9.13req/s] [内存消耗：2,629.06kb] [文件加载：80]
[ info ] [ LANG ] E:\phpStudy\PHPTutorial\WWW\month4\1901b\myshop\thinkphp\lang\zh-cn.php
[ info ] [ BIND ] 'admin'
[ info ] [ ROUTE ] array (
)
[ info ] [ HEADER ] array (
  'cookie' => 'thinkphp_show_page_trace=0|0; PHPSESSID=u7sljhl8qrdjh81lf76808vjlu; thinkphp_show_page_trace=0|0',
  'accept-language' => 'zh-CN,zh;q=0.8',
  'accept-encoding' => 'gzip, deflate, sdch',
  'referer' => 'http://www.1901bmyshop.com/admin.php',
  'accept' => 'text/html,application/xhtml+xml,application/xml;q=0.9,image/webp,*/*;q=0.8',
  'user-agent' => 'Mozilla/5.0 (Windows NT 10.0; Win64; x64) AppleWebKit/537.36 (KHTML, like Gecko) Chrome/57.0.2987.133 Safari/537.36',
  'upgrade-insecure-requests' => '1',
  'cache-control' => 'max-age=0',
  'connection' => 'close',
  'host' => 'www.1901bmyshop.com',
)
[ info ] [ PARAM ] array (
)
[ info ] [ DB ] INIT mysql
[ sql ] [ DB ] CONNECT:[ UseTime:0.003972s ] mysql:host=127.0.0.1;port=3306;dbname=shop;charset=utf8
[ sql ] [ SQL ] SHOW COLUMNS FROM `shop_category` [ RunTime:0.030655s ]
[ sql ] [ SQL ] SELECT * FROM `shop_category` [ RunTime:0.002094s ]
---------------------------------------------------------------
[2019-05-20T19:29:46+08:00] 127.0.0.1 GET www.1901bmyshop.com/admin.php/category/index.html
[运行时间：0.083837s] [吞吐率：11.93req/s] [内存消耗：2,629.61kb] [文件加载：80]
[ info ] [ LANG ] E:\phpStudy\PHPTutorial\WWW\month4\1901b\myshop\thinkphp\lang\zh-cn.php
[ info ] [ BIND ] 'admin'
[ info ] [ ROUTE ] array (
)
[ info ] [ HEADER ] array (
  'cookie' => 'thinkphp_show_page_trace=0|0; PHPSESSID=u7sljhl8qrdjh81lf76808vjlu; thinkphp_show_page_trace=0|0',
  'accept-language' => 'zh-CN,zh;q=0.8',
  'accept-encoding' => 'gzip, deflate, sdch',
  'referer' => 'http://www.1901bmyshop.com/admin.php',
  'accept' => 'text/html,application/xhtml+xml,application/xml;q=0.9,image/webp,*/*;q=0.8',
  'user-agent' => 'Mozilla/5.0 (Windows NT 10.0; Win64; x64) AppleWebKit/537.36 (KHTML, like Gecko) Chrome/57.0.2987.133 Safari/537.36',
  'upgrade-insecure-requests' => '1',
  'cache-control' => 'max-age=0',
  'connection' => 'close',
  'host' => 'www.1901bmyshop.com',
)
[ info ] [ PARAM ] array (
)
[ info ] [ DB ] INIT mysql
[ sql ] [ DB ] CONNECT:[ UseTime:0.004120s ] mysql:host=127.0.0.1;port=3306;dbname=shop;charset=utf8
[ sql ] [ SQL ] SHOW COLUMNS FROM `shop_category` [ RunTime:0.026501s ]
[ sql ] [ SQL ] SELECT * FROM `shop_category` [ RunTime:0.001408s ]
---------------------------------------------------------------
[2019-05-20T19:29:47+08:00] 127.0.0.1 GET www.1901bmyshop.com/admin.php/category/index.html
[运行时间：0.085319s] [吞吐率：11.72req/s] [内存消耗：2,629.61kb] [文件加载：80]
[ info ] [ LANG ] E:\phpStudy\PHPTutorial\WWW\month4\1901b\myshop\thinkphp\lang\zh-cn.php
[ info ] [ BIND ] 'admin'
[ info ] [ ROUTE ] array (
)
[ info ] [ HEADER ] array (
  'cookie' => 'thinkphp_show_page_trace=0|0; PHPSESSID=u7sljhl8qrdjh81lf76808vjlu; thinkphp_show_page_trace=0|0',
  'accept-language' => 'zh-CN,zh;q=0.8',
  'accept-encoding' => 'gzip, deflate, sdch',
  'referer' => 'http://www.1901bmyshop.com/admin.php',
  'accept' => 'text/html,application/xhtml+xml,application/xml;q=0.9,image/webp,*/*;q=0.8',
  'user-agent' => 'Mozilla/5.0 (Windows NT 10.0; Win64; x64) AppleWebKit/537.36 (KHTML, like Gecko) Chrome/57.0.2987.133 Safari/537.36',
  'upgrade-insecure-requests' => '1',
  'cache-control' => 'max-age=0',
  'connection' => 'close',
  'host' => 'www.1901bmyshop.com',
)
[ info ] [ PARAM ] array (
)
[ info ] [ DB ] INIT mysql
[ sql ] [ DB ] CONNECT:[ UseTime:0.002418s ] mysql:host=127.0.0.1;port=3306;dbname=shop;charset=utf8
[ sql ] [ SQL ] SHOW COLUMNS FROM `shop_category` [ RunTime:0.036474s ]
[ sql ] [ SQL ] SELECT * FROM `shop_category` [ RunTime:0.001915s ]
---------------------------------------------------------------
[2019-05-20T19:29:47+08:00] 127.0.0.1 GET www.1901bmyshop.com/admin.php/category/index.html
[运行时间：0.072096s] [吞吐率：13.87req/s] [内存消耗：2,629.61kb] [文件加载：80]
[ info ] [ LANG ] E:\phpStudy\PHPTutorial\WWW\month4\1901b\myshop\thinkphp\lang\zh-cn.php
[ info ] [ BIND ] 'admin'
[ info ] [ ROUTE ] array (
)
[ info ] [ HEADER ] array (
  'cookie' => 'thinkphp_show_page_trace=0|0; PHPSESSID=u7sljhl8qrdjh81lf76808vjlu; thinkphp_show_page_trace=0|0',
  'accept-language' => 'zh-CN,zh;q=0.8',
  'accept-encoding' => 'gzip, deflate, sdch',
  'referer' => 'http://www.1901bmyshop.com/admin.php',
  'accept' => 'text/html,application/xhtml+xml,application/xml;q=0.9,image/webp,*/*;q=0.8',
  'user-agent' => 'Mozilla/5.0 (Windows NT 10.0; Win64; x64) AppleWebKit/537.36 (KHTML, like Gecko) Chrome/57.0.2987.133 Safari/537.36',
  'upgrade-insecure-requests' => '1',
  'cache-control' => 'max-age=0',
  'connection' => 'close',
  'host' => 'www.1901bmyshop.com',
)
[ info ] [ PARAM ] array (
)
[ info ] [ DB ] INIT mysql
[ sql ] [ DB ] CONNECT:[ UseTime:0.001816s ] mysql:host=127.0.0.1;port=3306;dbname=shop;charset=utf8
[ sql ] [ SQL ] SHOW COLUMNS FROM `shop_category` [ RunTime:0.027125s ]
[ sql ] [ SQL ] SELECT * FROM `shop_category` [ RunTime:0.000982s ]
---------------------------------------------------------------
[2019-05-20T19:29:47+08:00] 127.0.0.1 GET www.1901bmyshop.com/admin.php/category/index.html
[运行时间：0.093893s] [吞吐率：10.65req/s] [内存消耗：2,629.61kb] [文件加载：80]
[ info ] [ LANG ] E:\phpStudy\PHPTutorial\WWW\month4\1901b\myshop\thinkphp\lang\zh-cn.php
[ info ] [ BIND ] 'admin'
[ info ] [ ROUTE ] array (
)
[ info ] [ HEADER ] array (
  'cookie' => 'thinkphp_show_page_trace=0|0; PHPSESSID=u7sljhl8qrdjh81lf76808vjlu; thinkphp_show_page_trace=0|0',
  'accept-language' => 'zh-CN,zh;q=0.8',
  'accept-encoding' => 'gzip, deflate, sdch',
  'referer' => 'http://www.1901bmyshop.com/admin.php',
  'accept' => 'text/html,application/xhtml+xml,application/xml;q=0.9,image/webp,*/*;q=0.8',
  'user-agent' => 'Mozilla/5.0 (Windows NT 10.0; Win64; x64) AppleWebKit/537.36 (KHTML, like Gecko) Chrome/57.0.2987.133 Safari/537.36',
  'upgrade-insecure-requests' => '1',
  'cache-control' => 'max-age=0',
  'connection' => 'close',
  'host' => 'www.1901bmyshop.com',
)
[ info ] [ PARAM ] array (
)
[ info ] [ DB ] INIT mysql
[ sql ] [ DB ] CONNECT:[ UseTime:0.003765s ] mysql:host=127.0.0.1;port=3306;dbname=shop;charset=utf8
[ sql ] [ SQL ] SHOW COLUMNS FROM `shop_category` [ RunTime:0.039115s ]
[ sql ] [ SQL ] SELECT * FROM `shop_category` [ RunTime:0.002352s ]
---------------------------------------------------------------
[2019-05-20T19:29:49+08:00] 127.0.0.1 GET www.1901bmyshop.com/admin.php/category/index.html
[运行时间：0.141702s] [吞吐率：7.06req/s] [内存消耗：2,629.30kb] [文件加载：80]
[ info ] [ LANG ] E:\phpStudy\PHPTutorial\WWW\month4\1901b\myshop\thinkphp\lang\zh-cn.php
[ info ] [ BIND ] 'admin'
[ info ] [ ROUTE ] array (
)
[ info ] [ HEADER ] array (
  'cookie' => 'thinkphp_show_page_trace=0|0; PHPSESSID=u7sljhl8qrdjh81lf76808vjlu; thinkphp_show_page_trace=0|0',
  'accept-language' => 'zh-CN,zh;q=0.8',
  'accept-encoding' => 'gzip, deflate, sdch',
  'referer' => 'http://www.1901bmyshop.com/admin.php',
  'accept' => 'text/html,application/xhtml+xml,application/xml;q=0.9,image/webp,*/*;q=0.8',
  'user-agent' => 'Mozilla/5.0 (Windows NT 10.0; Win64; x64) AppleWebKit/537.36 (KHTML, like Gecko) Chrome/57.0.2987.133 Safari/537.36',
  'upgrade-insecure-requests' => '1',
  'connection' => 'close',
  'host' => 'www.1901bmyshop.com',
)
[ info ] [ PARAM ] array (
)
[ info ] [ DB ] INIT mysql
[ sql ] [ DB ] CONNECT:[ UseTime:0.003860s ] mysql:host=127.0.0.1;port=3306;dbname=shop;charset=utf8
[ sql ] [ SQL ] SHOW COLUMNS FROM `shop_category` [ RunTime:0.047201s ]
[ sql ] [ SQL ] SELECT * FROM `shop_category` [ RunTime:0.002298s ]
---------------------------------------------------------------
[2019-05-20T19:34:45+08:00] 127.0.0.1 GET www.1901bmyshop.com/admin.php/category/index.html
[运行时间：0.093953s] [吞吐率：10.64req/s] [内存消耗：2,629.91kb] [文件加载：80]
[ info ] [ LANG ] E:\phpStudy\PHPTutorial\WWW\month4\1901b\myshop\thinkphp\lang\zh-cn.php
[ info ] [ BIND ] 'admin'
[ info ] [ ROUTE ] array (
)
[ info ] [ HEADER ] array (
  'cookie' => 'thinkphp_show_page_trace=0|0; PHPSESSID=u7sljhl8qrdjh81lf76808vjlu; thinkphp_show_page_trace=0|0',
  'accept-language' => 'zh-CN,zh;q=0.8',
  'accept-encoding' => 'gzip, deflate, sdch',
  'referer' => 'http://www.1901bmyshop.com/admin.php',
  'accept' => 'text/html,application/xhtml+xml,application/xml;q=0.9,image/webp,*/*;q=0.8',
  'user-agent' => 'Mozilla/5.0 (Windows NT 10.0; Win64; x64) AppleWebKit/537.36 (KHTML, like Gecko) Chrome/57.0.2987.133 Safari/537.36',
  'upgrade-insecure-requests' => '1',
  'cache-control' => 'max-age=0',
  'connection' => 'close',
  'host' => 'www.1901bmyshop.com',
)
[ info ] [ PARAM ] array (
)
[ info ] [ DB ] INIT mysql
[ sql ] [ DB ] CONNECT:[ UseTime:0.011073s ] mysql:host=127.0.0.1;port=3306;dbname=shop;charset=utf8
[ sql ] [ SQL ] SHOW COLUMNS FROM `shop_category` [ RunTime:0.027342s ]
[ sql ] [ SQL ] SELECT * FROM `shop_category` [ RunTime:0.000932s ]
---------------------------------------------------------------
[2019-05-20T19:34:46+08:00] 127.0.0.1 GET www.1901bmyshop.com/admin.php/category/index.html
[运行时间：0.126455s] [吞吐率：7.91req/s] [内存消耗：2,629.60kb] [文件加载：80]
[ info ] [ LANG ] E:\phpStudy\PHPTutorial\WWW\month4\1901b\myshop\thinkphp\lang\zh-cn.php
[ info ] [ BIND ] 'admin'
[ info ] [ ROUTE ] array (
)
[ info ] [ HEADER ] array (
  'cookie' => 'thinkphp_show_page_trace=0|0; PHPSESSID=u7sljhl8qrdjh81lf76808vjlu; thinkphp_show_page_trace=0|0',
  'accept-language' => 'zh-CN,zh;q=0.8',
  'accept-encoding' => 'gzip, deflate, sdch',
  'referer' => 'http://www.1901bmyshop.com/admin.php',
  'accept' => 'text/html,application/xhtml+xml,application/xml;q=0.9,image/webp,*/*;q=0.8',
  'user-agent' => 'Mozilla/5.0 (Windows NT 10.0; Win64; x64) AppleWebKit/537.36 (KHTML, like Gecko) Chrome/57.0.2987.133 Safari/537.36',
  'upgrade-insecure-requests' => '1',
  'connection' => 'close',
  'host' => 'www.1901bmyshop.com',
)
[ info ] [ PARAM ] array (
)
[ info ] [ DB ] INIT mysql
[ sql ] [ DB ] CONNECT:[ UseTime:0.006181s ] mysql:host=127.0.0.1;port=3306;dbname=shop;charset=utf8
[ sql ] [ SQL ] SHOW COLUMNS FROM `shop_category` [ RunTime:0.042906s ]
[ sql ] [ SQL ] SELECT * FROM `shop_category` [ RunTime:0.002230s ]
---------------------------------------------------------------
[2019-05-20T19:37:41+08:00] 127.0.0.1 GET www.1901bmyshop.com/admin.php/category/index.html
[运行时间：0.093783s] [吞吐率：10.66req/s] [内存消耗：2,631.75kb] [文件加载：80]
[ info ] [ LANG ] E:\phpStudy\PHPTutorial\WWW\month4\1901b\myshop\thinkphp\lang\zh-cn.php
[ info ] [ BIND ] 'admin'
[ info ] [ ROUTE ] array (
)
[ info ] [ HEADER ] array (
  'cookie' => 'thinkphp_show_page_trace=0|0; PHPSESSID=u7sljhl8qrdjh81lf76808vjlu; thinkphp_show_page_trace=0|0',
  'accept-language' => 'zh-CN,zh;q=0.8',
  'accept-encoding' => 'gzip, deflate, sdch',
  'referer' => 'http://www.1901bmyshop.com/admin.php',
  'accept' => 'text/html,application/xhtml+xml,application/xml;q=0.9,image/webp,*/*;q=0.8',
  'user-agent' => 'Mozilla/5.0 (Windows NT 10.0; Win64; x64) AppleWebKit/537.36 (KHTML, like Gecko) Chrome/57.0.2987.133 Safari/537.36',
  'upgrade-insecure-requests' => '1',
  'cache-control' => 'max-age=0',
  'connection' => 'close',
  'host' => 'www.1901bmyshop.com',
)
[ info ] [ PARAM ] array (
)
[ info ] [ DB ] INIT mysql
[ sql ] [ DB ] CONNECT:[ UseTime:0.013374s ] mysql:host=127.0.0.1;port=3306;dbname=shop;charset=utf8
[ sql ] [ SQL ] SHOW COLUMNS FROM `shop_category` [ RunTime:0.025988s ]
[ sql ] [ SQL ] SELECT * FROM `shop_category` [ RunTime:0.002214s ]
---------------------------------------------------------------
[2019-05-20T19:37:44+08:00] 127.0.0.1 GET www.1901bmyshop.com/admin.php/category/index.html
[运行时间：0.129196s] [吞吐率：7.74req/s] [内存消耗：2,631.44kb] [文件加载：80]
[ info ] [ LANG ] E:\phpStudy\PHPTutorial\WWW\month4\1901b\myshop\thinkphp\lang\zh-cn.php
[ info ] [ BIND ] 'admin'
[ info ] [ ROUTE ] array (
)
[ info ] [ HEADER ] array (
  'cookie' => 'thinkphp_show_page_trace=0|0; PHPSESSID=u7sljhl8qrdjh81lf76808vjlu; thinkphp_show_page_trace=0|0',
  'accept-language' => 'zh-CN,zh;q=0.8',
  'accept-encoding' => 'gzip, deflate, sdch',
  'referer' => 'http://www.1901bmyshop.com/admin.php',
  'accept' => 'text/html,application/xhtml+xml,application/xml;q=0.9,image/webp,*/*;q=0.8',
  'user-agent' => 'Mozilla/5.0 (Windows NT 10.0; Win64; x64) AppleWebKit/537.36 (KHTML, like Gecko) Chrome/57.0.2987.133 Safari/537.36',
  'upgrade-insecure-requests' => '1',
  'connection' => 'close',
  'host' => 'www.1901bmyshop.com',
)
[ info ] [ PARAM ] array (
)
[ info ] [ DB ] INIT mysql
[ sql ] [ DB ] CONNECT:[ UseTime:0.004653s ] mysql:host=127.0.0.1;port=3306;dbname=shop;charset=utf8
[ sql ] [ SQL ] SHOW COLUMNS FROM `shop_category` [ RunTime:0.047145s ]
[ sql ] [ SQL ] SELECT * FROM `shop_category` [ RunTime:0.002315s ]
---------------------------------------------------------------
[2019-05-20T19:40:30+08:00] 127.0.0.1 GET www.1901bmyshop.com/admin.php/category/index.html
[运行时间：0.078019s] [吞吐率：12.82req/s] [内存消耗：2,640.48kb] [文件加载：80]
[ info ] [ LANG ] E:\phpStudy\PHPTutorial\WWW\month4\1901b\myshop\thinkphp\lang\zh-cn.php
[ info ] [ BIND ] 'admin'
[ info ] [ ROUTE ] array (
)
[ info ] [ HEADER ] array (
  'cookie' => 'thinkphp_show_page_trace=0|0; PHPSESSID=u7sljhl8qrdjh81lf76808vjlu; thinkphp_show_page_trace=0|0',
  'accept-language' => 'zh-CN,zh;q=0.8',
  'accept-encoding' => 'gzip, deflate, sdch',
  'referer' => 'http://www.1901bmyshop.com/admin.php',
  'accept' => 'text/html,application/xhtml+xml,application/xml;q=0.9,image/webp,*/*;q=0.8',
  'user-agent' => 'Mozilla/5.0 (Windows NT 10.0; Win64; x64) AppleWebKit/537.36 (KHTML, like Gecko) Chrome/57.0.2987.133 Safari/537.36',
  'upgrade-insecure-requests' => '1',
  'cache-control' => 'max-age=0',
  'connection' => 'close',
  'host' => 'www.1901bmyshop.com',
)
[ info ] [ PARAM ] array (
)
[ info ] [ DB ] INIT mysql
[ sql ] [ DB ] CONNECT:[ UseTime:0.001800s ] mysql:host=127.0.0.1;port=3306;dbname=shop;charset=utf8
[ sql ] [ SQL ] SHOW COLUMNS FROM `shop_category` [ RunTime:0.024424s ]
[ sql ] [ SQL ] SELECT * FROM `shop_category` [ RunTime:0.003283s ]
---------------------------------------------------------------
[2019-05-20T19:40:32+08:00] 127.0.0.1 GET www.1901bmyshop.com/admin.php/category/index.html
[运行时间：0.100408s] [吞吐率：9.96req/s] [内存消耗：2,640.16kb] [文件加载：80]
[ info ] [ LANG ] E:\phpStudy\PHPTutorial\WWW\month4\1901b\myshop\thinkphp\lang\zh-cn.php
[ info ] [ BIND ] 'admin'
[ info ] [ ROUTE ] array (
)
[ info ] [ HEADER ] array (
  'cookie' => 'thinkphp_show_page_trace=0|0; PHPSESSID=u7sljhl8qrdjh81lf76808vjlu; thinkphp_show_page_trace=0|0',
  'accept-language' => 'zh-CN,zh;q=0.8',
  'accept-encoding' => 'gzip, deflate, sdch',
  'referer' => 'http://www.1901bmyshop.com/admin.php',
  'accept' => 'text/html,application/xhtml+xml,application/xml;q=0.9,image/webp,*/*;q=0.8',
  'user-agent' => 'Mozilla/5.0 (Windows NT 10.0; Win64; x64) AppleWebKit/537.36 (KHTML, like Gecko) Chrome/57.0.2987.133 Safari/537.36',
  'upgrade-insecure-requests' => '1',
  'connection' => 'close',
  'host' => 'www.1901bmyshop.com',
)
[ info ] [ PARAM ] array (
)
[ info ] [ DB ] INIT mysql
[ sql ] [ DB ] CONNECT:[ UseTime:0.001919s ] mysql:host=127.0.0.1;port=3306;dbname=shop;charset=utf8
[ sql ] [ SQL ] SHOW COLUMNS FROM `shop_category` [ RunTime:0.032505s ]
[ sql ] [ SQL ] SELECT * FROM `shop_category` [ RunTime:0.003721s ]
---------------------------------------------------------------
[2019-05-20T19:44:25+08:00] 127.0.0.1 GET www.1901bmyshop.com/admin.php/category/index.html
[运行时间：0.110845s] [吞吐率：9.02req/s] [内存消耗：2,881.26kb] [文件加载：88]
[ info ] [ LANG ] E:\phpStudy\PHPTutorial\WWW\month4\1901b\myshop\thinkphp\lang\zh-cn.php
[ info ] [ BIND ] 'admin'
[ info ] [ ROUTE ] array (
)
[ info ] [ HEADER ] array (
  'cookie' => 'thinkphp_show_page_trace=0|0; PHPSESSID=u7sljhl8qrdjh81lf76808vjlu; thinkphp_show_page_trace=0|0',
  'accept-language' => 'zh-CN,zh;q=0.8',
  'accept-encoding' => 'gzip, deflate, sdch',
  'referer' => 'http://www.1901bmyshop.com/admin.php',
  'accept' => 'text/html,application/xhtml+xml,application/xml;q=0.9,image/webp,*/*;q=0.8',
  'user-agent' => 'Mozilla/5.0 (Windows NT 10.0; Win64; x64) AppleWebKit/537.36 (KHTML, like Gecko) Chrome/57.0.2987.133 Safari/537.36',
  'upgrade-insecure-requests' => '1',
  'cache-control' => 'max-age=0',
  'connection' => 'close',
  'host' => 'www.1901bmyshop.com',
)
[ info ] [ PARAM ] array (
)
[ info ] [ DB ] INIT mysql
[ info ] [ VIEW ] E:\phpStudy\PHPTutorial\WWW\month4\1901b\myshop\application\admin\view\category\index.html [ array (
  0 => 'info',
) ]
[ sql ] [ DB ] CONNECT:[ UseTime:0.011663s ] mysql:host=127.0.0.1;port=3306;dbname=shop;charset=utf8
[ sql ] [ SQL ] SHOW COLUMNS FROM `shop_category` [ RunTime:0.027049s ]
[ sql ] [ SQL ] SELECT * FROM `shop_category` [ RunTime:0.002623s ]
---------------------------------------------------------------
[2019-05-20T19:44:53+08:00] 127.0.0.1 GET www.1901bmyshop.com/admin.php/category/index.html
[运行时间：0.086868s] [吞吐率：11.51req/s] [内存消耗：2,885.30kb] [文件加载：88]
[ info ] [ LANG ] E:\phpStudy\PHPTutorial\WWW\month4\1901b\myshop\thinkphp\lang\zh-cn.php
[ info ] [ BIND ] 'admin'
[ info ] [ ROUTE ] array (
)
[ info ] [ HEADER ] array (
  'cookie' => 'thinkphp_show_page_trace=0|0; PHPSESSID=u7sljhl8qrdjh81lf76808vjlu; thinkphp_show_page_trace=0|0',
  'accept-language' => 'zh-CN,zh;q=0.8',
  'accept-encoding' => 'gzip, deflate, sdch',
  'referer' => 'http://www.1901bmyshop.com/admin.php',
  'accept' => 'text/html,application/xhtml+xml,application/xml;q=0.9,image/webp,*/*;q=0.8',
  'user-agent' => 'Mozilla/5.0 (Windows NT 10.0; Win64; x64) AppleWebKit/537.36 (KHTML, like Gecko) Chrome/57.0.2987.133 Safari/537.36',
  'upgrade-insecure-requests' => '1',
  'cache-control' => 'max-age=0',
  'connection' => 'close',
  'host' => 'www.1901bmyshop.com',
)
[ info ] [ PARAM ] array (
)
[ info ] [ DB ] INIT mysql
[ info ] [ VIEW ] E:\phpStudy\PHPTutorial\WWW\month4\1901b\myshop\application\admin\view\category\index.html [ array (
  0 => 'info',
) ]
[ sql ] [ DB ] CONNECT:[ UseTime:0.004389s ] mysql:host=127.0.0.1;port=3306;dbname=shop;charset=utf8
[ sql ] [ SQL ] SHOW COLUMNS FROM `shop_category` [ RunTime:0.023695s ]
[ sql ] [ SQL ] SELECT * FROM `shop_category` [ RunTime:0.002049s ]
---------------------------------------------------------------
[2019-05-20T19:45:55+08:00] 127.0.0.1 GET www.1901bmyshop.com/admin.php/category/index.html
[运行时间：0.263716s] [吞吐率：3.79req/s] [内存消耗：2,885.29kb] [文件加载：88]
[ info ] [ LANG ] E:\phpStudy\PHPTutorial\WWW\month4\1901b\myshop\thinkphp\lang\zh-cn.php
[ info ] [ BIND ] 'admin'
[ info ] [ ROUTE ] array (
)
[ info ] [ HEADER ] array (
  'cookie' => 'thinkphp_show_page_trace=0|0; PHPSESSID=u7sljhl8qrdjh81lf76808vjlu; thinkphp_show_page_trace=0|0',
  'accept-language' => 'zh-CN,zh;q=0.8',
  'accept-encoding' => 'gzip, deflate, sdch',
  'referer' => 'http://www.1901bmyshop.com/admin.php',
  'accept' => 'text/html,application/xhtml+xml,application/xml;q=0.9,image/webp,*/*;q=0.8',
  'user-agent' => 'Mozilla/5.0 (Windows NT 10.0; Win64; x64) AppleWebKit/537.36 (KHTML, like Gecko) Chrome/57.0.2987.133 Safari/537.36',
  'upgrade-insecure-requests' => '1',
  'cache-control' => 'max-age=0',
  'connection' => 'close',
  'host' => 'www.1901bmyshop.com',
)
[ info ] [ PARAM ] array (
)
[ info ] [ DB ] INIT mysql
[ info ] [ VIEW ] E:\phpStudy\PHPTutorial\WWW\month4\1901b\myshop\application\admin\view\category\index.html [ array (
  0 => 'info',
) ]
[ sql ] [ DB ] CONNECT:[ UseTime:0.002425s ] mysql:host=127.0.0.1;port=3306;dbname=shop;charset=utf8
[ sql ] [ SQL ] SHOW COLUMNS FROM `shop_category` [ RunTime:0.191495s ]
[ sql ] [ SQL ] SELECT * FROM `shop_category` [ RunTime:0.002187s ]
---------------------------------------------------------------
[2019-05-20T19:46:21+08:00] 127.0.0.1 GET www.1901bmyshop.com/admin.php/category/index.html
[运行时间：0.094939s] [吞吐率：10.53req/s] [内存消耗：2,885.29kb] [文件加载：88]
[ info ] [ LANG ] E:\phpStudy\PHPTutorial\WWW\month4\1901b\myshop\thinkphp\lang\zh-cn.php
[ info ] [ BIND ] 'admin'
[ info ] [ ROUTE ] array (
)
[ info ] [ HEADER ] array (
  'cookie' => 'thinkphp_show_page_trace=0|0; PHPSESSID=u7sljhl8qrdjh81lf76808vjlu; thinkphp_show_page_trace=0|0',
  'accept-language' => 'zh-CN,zh;q=0.8',
  'accept-encoding' => 'gzip, deflate, sdch',
  'referer' => 'http://www.1901bmyshop.com/admin.php',
  'accept' => 'text/html,application/xhtml+xml,application/xml;q=0.9,image/webp,*/*;q=0.8',
  'user-agent' => 'Mozilla/5.0 (Windows NT 10.0; Win64; x64) AppleWebKit/537.36 (KHTML, like Gecko) Chrome/57.0.2987.133 Safari/537.36',
  'upgrade-insecure-requests' => '1',
  'cache-control' => 'max-age=0',
  'connection' => 'close',
  'host' => 'www.1901bmyshop.com',
)
[ info ] [ PARAM ] array (
)
[ info ] [ DB ] INIT mysql
[ info ] [ VIEW ] E:\phpStudy\PHPTutorial\WWW\month4\1901b\myshop\application\admin\view\category\index.html [ array (
  0 => 'info',
) ]
[ sql ] [ DB ] CONNECT:[ UseTime:0.011411s ] mysql:host=127.0.0.1;port=3306;dbname=shop;charset=utf8
[ sql ] [ SQL ] SHOW COLUMNS FROM `shop_category` [ RunTime:0.024964s ]
[ sql ] [ SQL ] SELECT * FROM `shop_category` [ RunTime:0.001389s ]
---------------------------------------------------------------
[2019-05-20T19:46:41+08:00] 127.0.0.1 GET www.1901bmyshop.com/admin.php/category/index.html
[运行时间：0.129085s] [吞吐率：7.75req/s] [内存消耗：2,898.41kb] [文件加载：93]
[ info ] [ LANG ] E:\phpStudy\PHPTutorial\WWW\month4\1901b\myshop\thinkphp\lang\zh-cn.php
[ info ] [ BIND ] 'admin'
[ info ] [ ROUTE ] array (
)
[ info ] [ HEADER ] array (
  'cookie' => 'thinkphp_show_page_trace=0|0; PHPSESSID=u7sljhl8qrdjh81lf76808vjlu; thinkphp_show_page_trace=0|0',
  'accept-language' => 'zh-CN,zh;q=0.8',
  'accept-encoding' => 'gzip, deflate, sdch',
  'referer' => 'http://www.1901bmyshop.com/admin.php',
  'accept' => 'text/html,application/xhtml+xml,application/xml;q=0.9,image/webp,*/*;q=0.8',
  'user-agent' => 'Mozilla/5.0 (Windows NT 10.0; Win64; x64) AppleWebKit/537.36 (KHTML, like Gecko) Chrome/57.0.2987.133 Safari/537.36',
  'upgrade-insecure-requests' => '1',
  'cache-control' => 'max-age=0',
  'connection' => 'close',
  'host' => 'www.1901bmyshop.com',
)
[ info ] [ PARAM ] array (
)
[ info ] [ DB ] INIT mysql
[ info ] [ VIEW ] E:\phpStudy\PHPTutorial\WWW\month4\1901b\myshop\application\admin\view\category\index.html [ array (
  0 => 'info',
) ]
[ sql ] [ DB ] CONNECT:[ UseTime:0.002124s ] mysql:host=127.0.0.1;port=3306;dbname=shop;charset=utf8
[ sql ] [ SQL ] SHOW COLUMNS FROM `shop_category` [ RunTime:0.025344s ]
[ sql ] [ SQL ] SELECT * FROM `shop_category` [ RunTime:0.001500s ]
[ error ] [2]A non-numeric value encountered[E:\phpStudy\PHPTutorial\WWW\month4\1901b\myshop\runtime\temp\558e6dbd294888214c8bec1186e90b6d.php:104]
---------------------------------------------------------------
[2019-05-20T19:46:52+08:00] 127.0.0.1 GET www.1901bmyshop.com/admin.php/category/index.html
[运行时间：0.111155s] [吞吐率：9.00req/s] [内存消耗：2,885.29kb] [文件加载：88]
[ info ] [ LANG ] E:\phpStudy\PHPTutorial\WWW\month4\1901b\myshop\thinkphp\lang\zh-cn.php
[ info ] [ BIND ] 'admin'
[ info ] [ ROUTE ] array (
)
[ info ] [ HEADER ] array (
  'cookie' => 'thinkphp_show_page_trace=0|0; PHPSESSID=u7sljhl8qrdjh81lf76808vjlu; thinkphp_show_page_trace=0|0',
  'accept-language' => 'zh-CN,zh;q=0.8',
  'accept-encoding' => 'gzip, deflate, sdch',
  'referer' => 'http://www.1901bmyshop.com/admin.php',
  'accept' => 'text/html,application/xhtml+xml,application/xml;q=0.9,image/webp,*/*;q=0.8',
  'user-agent' => 'Mozilla/5.0 (Windows NT 10.0; Win64; x64) AppleWebKit/537.36 (KHTML, like Gecko) Chrome/57.0.2987.133 Safari/537.36',
  'upgrade-insecure-requests' => '1',
  'cache-control' => 'max-age=0',
  'connection' => 'close',
  'host' => 'www.1901bmyshop.com',
)
[ info ] [ PARAM ] array (
)
[ info ] [ DB ] INIT mysql
[ info ] [ VIEW ] E:\phpStudy\PHPTutorial\WWW\month4\1901b\myshop\application\admin\view\category\index.html [ array (
  0 => 'info',
) ]
[ sql ] [ DB ] CONNECT:[ UseTime:0.011171s ] mysql:host=127.0.0.1;port=3306;dbname=shop;charset=utf8
[ sql ] [ SQL ] SHOW COLUMNS FROM `shop_category` [ RunTime:0.032616s ]
[ sql ] [ SQL ] SELECT * FROM `shop_category` [ RunTime:0.001536s ]
---------------------------------------------------------------
[2019-05-20T19:47:09+08:00] 127.0.0.1 GET www.1901bmyshop.com/admin.php/category/index.html
[运行时间：0.104767s] [吞吐率：9.55req/s] [内存消耗：2,885.32kb] [文件加载：88]
[ info ] [ LANG ] E:\phpStudy\PHPTutorial\WWW\month4\1901b\myshop\thinkphp\lang\zh-cn.php
[ info ] [ BIND ] 'admin'
[ info ] [ ROUTE ] array (
)
[ info ] [ HEADER ] array (
  'cookie' => 'thinkphp_show_page_trace=0|0; PHPSESSID=u7sljhl8qrdjh81lf76808vjlu; thinkphp_show_page_trace=0|0',
  'accept-language' => 'zh-CN,zh;q=0.8',
  'accept-encoding' => 'gzip, deflate, sdch',
  'referer' => 'http://www.1901bmyshop.com/admin.php',
  'accept' => 'text/html,application/xhtml+xml,application/xml;q=0.9,image/webp,*/*;q=0.8',
  'user-agent' => 'Mozilla/5.0 (Windows NT 10.0; Win64; x64) AppleWebKit/537.36 (KHTML, like Gecko) Chrome/57.0.2987.133 Safari/537.36',
  'upgrade-insecure-requests' => '1',
  'cache-control' => 'max-age=0',
  'connection' => 'close',
  'host' => 'www.1901bmyshop.com',
)
[ info ] [ PARAM ] array (
)
[ info ] [ DB ] INIT mysql
[ info ] [ VIEW ] E:\phpStudy\PHPTutorial\WWW\month4\1901b\myshop\application\admin\view\category\index.html [ array (
  0 => 'info',
) ]
[ sql ] [ DB ] CONNECT:[ UseTime:0.011956s ] mysql:host=127.0.0.1;port=3306;dbname=shop;charset=utf8
[ sql ] [ SQL ] SHOW COLUMNS FROM `shop_category` [ RunTime:0.024592s ]
[ sql ] [ SQL ] SELECT * FROM `shop_category` [ RunTime:0.001528s ]
---------------------------------------------------------------
[2019-05-20T19:53:03+08:00] 127.0.0.1 GET www.1901bmyshop.com/admin.php/category/index.html
[运行时间：0.082216s] [吞吐率：12.16req/s] [内存消耗：2,760.63kb] [文件加载：86]
[ info ] [ LANG ] E:\phpStudy\PHPTutorial\WWW\month4\1901b\myshop\thinkphp\lang\zh-cn.php
[ info ] [ BIND ] 'admin'
[ info ] [ ROUTE ] array (
)
[ info ] [ HEADER ] array (
  'cookie' => 'thinkphp_show_page_trace=0|0; PHPSESSID=u7sljhl8qrdjh81lf76808vjlu; thinkphp_show_page_trace=0|0',
  'accept-language' => 'zh-CN,zh;q=0.8',
  'accept-encoding' => 'gzip, deflate, sdch',
  'referer' => 'http://www.1901bmyshop.com/admin.php',
  'accept' => 'text/html,application/xhtml+xml,application/xml;q=0.9,image/webp,*/*;q=0.8',
  'user-agent' => 'Mozilla/5.0 (Windows NT 10.0; Win64; x64) AppleWebKit/537.36 (KHTML, like Gecko) Chrome/57.0.2987.133 Safari/537.36',
  'upgrade-insecure-requests' => '1',
  'connection' => 'close',
  'host' => 'www.1901bmyshop.com',
)
[ info ] [ PARAM ] array (
)
[ info ] [ DB ] INIT mysql
[ info ] [ VIEW ] E:\phpStudy\PHPTutorial\WWW\month4\1901b\myshop\application\admin\view\category\index.html [ array (
  0 => 'info',
) ]
[ sql ] [ DB ] CONNECT:[ UseTime:0.001734s ] mysql:host=127.0.0.1;port=3306;dbname=shop;charset=utf8
[ sql ] [ SQL ] SHOW COLUMNS FROM `shop_category` [ RunTime:0.026019s ]
[ sql ] [ SQL ] SELECT * FROM `shop_category` [ RunTime:0.001456s ]
---------------------------------------------------------------
[2019-05-20T19:53:22+08:00] 127.0.0.1 GET www.1901bmyshop.com/admin.php
[运行时间：0.032629s] [吞吐率：30.65req/s] [内存消耗：1,665.73kb] [文件加载：72]
[ info ] [ LANG ] E:\phpStudy\PHPTutorial\WWW\month4\1901b\myshop\thinkphp\lang\zh-cn.php
[ info ] [ BIND ] 'admin'
[ info ] [ ROUTE ] array (
)
[ info ] [ HEADER ] array (
  'cookie' => 'PHPSESSID=u7sljhl8qrdjh81lf76808vjlu; thinkphp_show_page_trace=0|0',
  'accept-language' => 'zh-CN,zh;q=0.8',
  'accept-encoding' => 'gzip, deflate, sdch',
  'accept' => 'text/html,application/xhtml+xml,application/xml;q=0.9,image/webp,*/*;q=0.8',
  'user-agent' => 'Mozilla/5.0 (Windows NT 10.0; Win64; x64) AppleWebKit/537.36 (KHTML, like Gecko) Chrome/57.0.2987.133 Safari/537.36',
  'upgrade-insecure-requests' => '1',
  'connection' => 'close',
  'host' => 'www.1901bmyshop.com',
)
[ info ] [ PARAM ] array (
)
[ info ] [ VIEW ] E:\phpStudy\PHPTutorial\WWW\month4\1901b\myshop\application\admin\view\index\index.html [ array (
) ]
---------------------------------------------------------------
[2019-05-20T19:53:23+08:00] 127.0.0.1 GET www.1901bmyshop.com/admin.php/category/index.html
[运行时间：0.079216s] [吞吐率：12.62req/s] [内存消耗：2,760.63kb] [文件加载：86]
[ info ] [ LANG ] E:\phpStudy\PHPTutorial\WWW\month4\1901b\myshop\thinkphp\lang\zh-cn.php
[ info ] [ BIND ] 'admin'
[ info ] [ ROUTE ] array (
)
[ info ] [ HEADER ] array (
  'cookie' => 'thinkphp_show_page_trace=0|0; PHPSESSID=u7sljhl8qrdjh81lf76808vjlu; thinkphp_show_page_trace=0|0',
  'accept-language' => 'zh-CN,zh;q=0.8',
  'accept-encoding' => 'gzip, deflate, sdch',
  'referer' => 'http://www.1901bmyshop.com/admin.php',
  'accept' => 'text/html,application/xhtml+xml,application/xml;q=0.9,image/webp,*/*;q=0.8',
  'user-agent' => 'Mozilla/5.0 (Windows NT 10.0; Win64; x64) AppleWebKit/537.36 (KHTML, like Gecko) Chrome/57.0.2987.133 Safari/537.36',
  'upgrade-insecure-requests' => '1',
  'connection' => 'close',
  'host' => 'www.1901bmyshop.com',
)
[ info ] [ PARAM ] array (
)
[ info ] [ DB ] INIT mysql
[ info ] [ VIEW ] E:\phpStudy\PHPTutorial\WWW\month4\1901b\myshop\application\admin\view\category\index.html [ array (
  0 => 'info',
) ]
[ sql ] [ DB ] CONNECT:[ UseTime:0.011252s ] mysql:host=127.0.0.1;port=3306;dbname=shop;charset=utf8
[ sql ] [ SQL ] SHOW COLUMNS FROM `shop_category` [ RunTime:0.021521s ]
[ sql ] [ SQL ] SELECT * FROM `shop_category` [ RunTime:0.001087s ]
