---------------------------------------------------------------
[2019-05-27T16:20:04+08:00] 127.0.0.1 GET www.1901bmyshop.com/
[运行时间：0.640439s] [吞吐率：1.56req/s] [内存消耗：1,599.25kb] [文件加载：64]
[ info ] [ LANG ] E:\phpStudy\PHPTutorial\WWW\month4\1901b\myshop\thinkphp\lang\zh-cn.php
[ info ] [ BIND ] 'index'
[ info ] [ ROUTE ] array (
)
[ info ] [ HEADER ] array (
  'accept-language' => 'zh-CN,zh;q=0.8',
  'accept-encoding' => 'gzip, deflate, sdch',
  'accept' => 'text/html,application/xhtml+xml,application/xml;q=0.9,image/webp,*/*;q=0.8',
  'user-agent' => 'Mozilla/5.0 (Windows NT 10.0; Win64; x64) AppleWebKit/537.36 (KHTML, like Gecko) Chrome/57.0.2987.133 Safari/537.36',
  'upgrade-insecure-requests' => '1',
  'connection' => 'close',
  'host' => 'www.1901bmyshop.com',
)
[ info ] [ PARAM ] array (
)
---------------------------------------------------------------
[2019-05-27T16:21:17+08:00] 127.0.0.1 GET www.1901bmyshop.com/index.php/login/sendEmail
[运行时间：12.236209s] [吞吐率：0.08req/s] [内存消耗：2,047.34kb] [文件加载：66]
[ info ] [ LANG ] E:\phpStudy\PHPTutorial\WWW\month4\1901b\myshop\thinkphp\lang\zh-cn.php
[ info ] [ BIND ] 'index'
[ info ] [ ROUTE ] array (
)
[ info ] [ HEADER ] array (
  'cookie' => 'thinkphp_show_page_trace=0|0',
  'accept-language' => 'zh-CN,zh;q=0.8',
  'accept-encoding' => 'gzip, deflate, sdch',
  'accept' => 'text/html,application/xhtml+xml,application/xml;q=0.9,image/webp,*/*;q=0.8',
  'user-agent' => 'Mozilla/5.0 (Windows NT 10.0; Win64; x64) AppleWebKit/537.36 (KHTML, like Gecko) Chrome/57.0.2987.133 Safari/537.36',
  'upgrade-insecure-requests' => '1',
  'connection' => 'close',
  'host' => 'www.1901bmyshop.com',
)
[ info ] [ PARAM ] array (
)
---------------------------------------------------------------
[2019-05-27T16:26:27+08:00] 127.0.0.1 GET www.1901bmyshop.com/index.php/login/test
[运行时间：0.773316s] [吞吐率：1.29req/s] [内存消耗：2,014.15kb] [文件加载：64]
[ info ] [ LANG ] E:\phpStudy\PHPTutorial\WWW\month4\1901b\myshop\thinkphp\lang\zh-cn.php
[ info ] [ BIND ] 'index'
[ info ] [ ROUTE ] array (
)
[ info ] [ HEADER ] array (
  'cookie' => 'thinkphp_show_page_trace=0|0; thinkphp_show_page_trace=0|0',
  'accept-language' => 'zh-CN,zh;q=0.8',
  'accept-encoding' => 'gzip, deflate, sdch',
  'accept' => 'text/html,application/xhtml+xml,application/xml;q=0.9,image/webp,*/*;q=0.8',
  'user-agent' => 'Mozilla/5.0 (Windows NT 10.0; Win64; x64) AppleWebKit/537.36 (KHTML, like Gecko) Chrome/57.0.2987.133 Safari/537.36',
  'upgrade-insecure-requests' => '1',
  'connection' => 'close',
  'host' => 'www.1901bmyshop.com',
)
[ info ] [ PARAM ] array (
)
---------------------------------------------------------------
[2019-05-27T17:04:25+08:00] 127.0.0.1 GET www.1901bmyshop.com/index.php/login/login
[运行时间：0.121745s] [吞吐率：8.21req/s] [内存消耗：1,792.38kb] [文件加载：69]
[ info ] [ LANG ] E:\phpStudy\PHPTutorial\WWW\month4\1901b\myshop\thinkphp\lang\zh-cn.php
[ info ] [ BIND ] 'index'
[ info ] [ ROUTE ] array (
)
[ info ] [ HEADER ] array (
  'cookie' => 'thinkphp_show_page_trace=0|0; thinkphp_show_page_trace=0|0',
  'accept-language' => 'zh-CN,zh;q=0.8',
  'accept-encoding' => 'gzip, deflate, sdch',
  'accept' => 'text/html,application/xhtml+xml,application/xml;q=0.9,image/webp,*/*;q=0.8',
  'user-agent' => 'Mozilla/5.0 (Windows NT 10.0; Win64; x64) AppleWebKit/537.36 (KHTML, like Gecko) Chrome/57.0.2987.133 Safari/537.36',
  'upgrade-insecure-requests' => '1',
  'connection' => 'close',
  'host' => 'www.1901bmyshop.com',
)
[ info ] [ PARAM ] array (
)
[ info ] [ VIEW ] E:\phpStudy\PHPTutorial\WWW\month4\1901b\myshop\application\index\view\login\login.html [ array (
) ]
---------------------------------------------------------------
[2019-05-27T17:04:32+08:00] 127.0.0.1 GET www.1901bmyshop.com/index.php/login/register
[运行时间：0.113787s] [吞吐率：8.79req/s] [内存消耗：1,743.51kb] [文件加载：67]
[ info ] [ LANG ] E:\phpStudy\PHPTutorial\WWW\month4\1901b\myshop\thinkphp\lang\zh-cn.php
[ info ] [ BIND ] 'index'
[ info ] [ ROUTE ] array (
)
[ info ] [ HEADER ] array (
  'cookie' => 'thinkphp_show_page_trace=0|0; thinkphp_show_page_trace=0|0',
  'accept-language' => 'zh-CN,zh;q=0.8',
  'accept-encoding' => 'gzip, deflate, sdch',
  'accept' => 'text/html,application/xhtml+xml,application/xml;q=0.9,image/webp,*/*;q=0.8',
  'user-agent' => 'Mozilla/5.0 (Windows NT 10.0; Win64; x64) AppleWebKit/537.36 (KHTML, like Gecko) Chrome/57.0.2987.133 Safari/537.36',
  'upgrade-insecure-requests' => '1',
  'connection' => 'close',
  'host' => 'www.1901bmyshop.com',
)
[ info ] [ PARAM ] array (
)
[ info ] [ VIEW ] E:\phpStudy\PHPTutorial\WWW\month4\1901b\myshop\application\index\view\login\register.html [ array (
) ]
---------------------------------------------------------------
[2019-05-27T17:06:15+08:00] 127.0.0.1 GET www.1901bmyshop.com/index.php/login/register
[运行时间：0.056168s] [吞吐率：17.80req/s] [内存消耗：1,617.80kb] [文件加载：65]
[ info ] [ LANG ] E:\phpStudy\PHPTutorial\WWW\month4\1901b\myshop\thinkphp\lang\zh-cn.php
[ info ] [ BIND ] 'index'
[ info ] [ ROUTE ] array (
)
[ info ] [ HEADER ] array (
  'cookie' => 'thinkphp_show_page_trace=0|0; thinkphp_show_page_trace=0|0',
  'accept-language' => 'zh-CN,zh;q=0.8',
  'accept-encoding' => 'gzip, deflate, sdch',
  'accept' => 'text/html,application/xhtml+xml,application/xml;q=0.9,image/webp,*/*;q=0.8',
  'user-agent' => 'Mozilla/5.0 (Windows NT 10.0; Win64; x64) AppleWebKit/537.36 (KHTML, like Gecko) Chrome/57.0.2987.133 Safari/537.36',
  'upgrade-insecure-requests' => '1',
  'cache-control' => 'max-age=0',
  'connection' => 'close',
  'host' => 'www.1901bmyshop.com',
)
[ info ] [ PARAM ] array (
)
[ info ] [ VIEW ] E:\phpStudy\PHPTutorial\WWW\month4\1901b\myshop\application\index\view\login\register.html [ array (
) ]
---------------------------------------------------------------
[2019-05-27T17:06:40+08:00] 127.0.0.1 GET www.1901bmyshop.com/index.php/login/register
[运行时间：0.061994s] [吞吐率：16.13req/s] [内存消耗：1,617.80kb] [文件加载：65]
[ info ] [ LANG ] E:\phpStudy\PHPTutorial\WWW\month4\1901b\myshop\thinkphp\lang\zh-cn.php
[ info ] [ BIND ] 'index'
[ info ] [ ROUTE ] array (
)
[ info ] [ HEADER ] array (
  'cookie' => 'thinkphp_show_page_trace=0|0; thinkphp_show_page_trace=0|0',
  'accept-language' => 'zh-CN,zh;q=0.8',
  'accept-encoding' => 'gzip, deflate, sdch',
  'accept' => 'text/html,application/xhtml+xml,application/xml;q=0.9,image/webp,*/*;q=0.8',
  'user-agent' => 'Mozilla/5.0 (Windows NT 10.0; Win64; x64) AppleWebKit/537.36 (KHTML, like Gecko) Chrome/57.0.2987.133 Safari/537.36',
  'upgrade-insecure-requests' => '1',
  'cache-control' => 'max-age=0',
  'connection' => 'close',
  'host' => 'www.1901bmyshop.com',
)
[ info ] [ PARAM ] array (
)
[ info ] [ VIEW ] E:\phpStudy\PHPTutorial\WWW\month4\1901b\myshop\application\index\view\login\register.html [ array (
) ]
---------------------------------------------------------------
[2019-05-27T17:14:51+08:00] 127.0.0.1 GET www.1901bmyshop.com/index.php/login/register
[运行时间：0.061425s] [吞吐率：16.28req/s] [内存消耗：1,617.80kb] [文件加载：65]
[ info ] [ LANG ] E:\phpStudy\PHPTutorial\WWW\month4\1901b\myshop\thinkphp\lang\zh-cn.php
[ info ] [ BIND ] 'index'
[ info ] [ ROUTE ] array (
)
[ info ] [ HEADER ] array (
  'cookie' => 'thinkphp_show_page_trace=0|0; thinkphp_show_page_trace=0|0',
  'accept-language' => 'zh-CN,zh;q=0.8',
  'accept-encoding' => 'gzip, deflate, sdch',
  'accept' => 'text/html,application/xhtml+xml,application/xml;q=0.9,image/webp,*/*;q=0.8',
  'user-agent' => 'Mozilla/5.0 (Windows NT 10.0; Win64; x64) AppleWebKit/537.36 (KHTML, like Gecko) Chrome/57.0.2987.133 Safari/537.36',
  'upgrade-insecure-requests' => '1',
  'cache-control' => 'max-age=0',
  'connection' => 'close',
  'host' => 'www.1901bmyshop.com',
)
[ info ] [ PARAM ] array (
)
[ info ] [ VIEW ] E:\phpStudy\PHPTutorial\WWW\month4\1901b\myshop\application\index\view\login\register.html [ array (
) ]
---------------------------------------------------------------
[2019-05-27T17:16:32+08:00] 127.0.0.1 GET www.1901bmyshop.com/index.php/login/register
[运行时间：0.063861s] [吞吐率：15.66req/s] [内存消耗：1,617.80kb] [文件加载：65]
[ info ] [ LANG ] E:\phpStudy\PHPTutorial\WWW\month4\1901b\myshop\thinkphp\lang\zh-cn.php
[ info ] [ BIND ] 'index'
[ info ] [ ROUTE ] array (
)
[ info ] [ HEADER ] array (
  'cookie' => 'thinkphp_show_page_trace=0|0; thinkphp_show_page_trace=0|0',
  'accept-language' => 'zh-CN,zh;q=0.8',
  'accept-encoding' => 'gzip, deflate, sdch',
  'accept' => 'text/html,application/xhtml+xml,application/xml;q=0.9,image/webp,*/*;q=0.8',
  'user-agent' => 'Mozilla/5.0 (Windows NT 10.0; Win64; x64) AppleWebKit/537.36 (KHTML, like Gecko) Chrome/57.0.2987.133 Safari/537.36',
  'upgrade-insecure-requests' => '1',
  'cache-control' => 'max-age=0',
  'connection' => 'close',
  'host' => 'www.1901bmyshop.com',
)
[ info ] [ PARAM ] array (
)
[ info ] [ VIEW ] E:\phpStudy\PHPTutorial\WWW\month4\1901b\myshop\application\index\view\login\register.html [ array (
) ]
---------------------------------------------------------------
[2019-05-27T17:23:50+08:00] 127.0.0.1 GET www.1901bmyshop.com/index.php/login/register
[运行时间：0.069962s] [吞吐率：14.29req/s] [内存消耗：1,617.80kb] [文件加载：65]
[ info ] [ LANG ] E:\phpStudy\PHPTutorial\WWW\month4\1901b\myshop\thinkphp\lang\zh-cn.php
[ info ] [ BIND ] 'index'
[ info ] [ ROUTE ] array (
)
[ info ] [ HEADER ] array (
  'cookie' => 'thinkphp_show_page_trace=0|0; thinkphp_show_page_trace=0|0',
  'accept-language' => 'zh-CN,zh;q=0.8',
  'accept-encoding' => 'gzip, deflate, sdch',
  'accept' => 'text/html,application/xhtml+xml,application/xml;q=0.9,image/webp,*/*;q=0.8',
  'user-agent' => 'Mozilla/5.0 (Windows NT 10.0; Win64; x64) AppleWebKit/537.36 (KHTML, like Gecko) Chrome/57.0.2987.133 Safari/537.36',
  'upgrade-insecure-requests' => '1',
  'cache-control' => 'max-age=0',
  'connection' => 'close',
  'host' => 'www.1901bmyshop.com',
)
[ info ] [ PARAM ] array (
)
[ info ] [ VIEW ] E:\phpStudy\PHPTutorial\WWW\month4\1901b\myshop\application\index\view\login\register.html [ array (
) ]
---------------------------------------------------------------
[2019-05-27T17:24:17+08:00] 127.0.0.1 GET www.1901bmyshop.com/index.php/login/register
[运行时间：0.060988s] [吞吐率：16.40req/s] [内存消耗：1,617.80kb] [文件加载：65]
[ info ] [ LANG ] E:\phpStudy\PHPTutorial\WWW\month4\1901b\myshop\thinkphp\lang\zh-cn.php
[ info ] [ BIND ] 'index'
[ info ] [ ROUTE ] array (
)
[ info ] [ HEADER ] array (
  'cookie' => 'thinkphp_show_page_trace=0|0; thinkphp_show_page_trace=0|0',
  'accept-language' => 'zh-CN,zh;q=0.8',
  'accept-encoding' => 'gzip, deflate, sdch',
  'accept' => 'text/html,application/xhtml+xml,application/xml;q=0.9,image/webp,*/*;q=0.8',
  'user-agent' => 'Mozilla/5.0 (Windows NT 10.0; Win64; x64) AppleWebKit/537.36 (KHTML, like Gecko) Chrome/57.0.2987.133 Safari/537.36',
  'upgrade-insecure-requests' => '1',
  'cache-control' => 'max-age=0',
  'connection' => 'close',
  'host' => 'www.1901bmyshop.com',
)
[ info ] [ PARAM ] array (
)
[ info ] [ VIEW ] E:\phpStudy\PHPTutorial\WWW\month4\1901b\myshop\application\index\view\login\register.html [ array (
) ]
---------------------------------------------------------------
[2019-05-27T17:27:02+08:00] 127.0.0.1 GET www.1901bmyshop.com/index.php/login/register
[运行时间：0.060354s] [吞吐率：16.57req/s] [内存消耗：1,617.80kb] [文件加载：65]
[ info ] [ LANG ] E:\phpStudy\PHPTutorial\WWW\month4\1901b\myshop\thinkphp\lang\zh-cn.php
[ info ] [ BIND ] 'index'
[ info ] [ ROUTE ] array (
)
[ info ] [ HEADER ] array (
  'cookie' => 'thinkphp_show_page_trace=0|0; thinkphp_show_page_trace=0|0',
  'accept-language' => 'zh-CN,zh;q=0.8',
  'accept-encoding' => 'gzip, deflate, sdch',
  'accept' => 'text/html,application/xhtml+xml,application/xml;q=0.9,image/webp,*/*;q=0.8',
  'user-agent' => 'Mozilla/5.0 (Windows NT 10.0; Win64; x64) AppleWebKit/537.36 (KHTML, like Gecko) Chrome/57.0.2987.133 Safari/537.36',
  'upgrade-insecure-requests' => '1',
  'cache-control' => 'max-age=0',
  'connection' => 'close',
  'host' => 'www.1901bmyshop.com',
)
[ info ] [ PARAM ] array (
)
[ info ] [ VIEW ] E:\phpStudy\PHPTutorial\WWW\month4\1901b\myshop\application\index\view\login\register.html [ array (
) ]
---------------------------------------------------------------
[2019-05-27T17:31:53+08:00] 127.0.0.1 GET www.1901bmyshop.com/index.php/login/register
[运行时间：0.077857s] [吞吐率：12.84req/s] [内存消耗：1,617.80kb] [文件加载：65]
[ info ] [ LANG ] E:\phpStudy\PHPTutorial\WWW\month4\1901b\myshop\thinkphp\lang\zh-cn.php
[ info ] [ BIND ] 'index'
[ info ] [ ROUTE ] array (
)
[ info ] [ HEADER ] array (
  'cookie' => 'thinkphp_show_page_trace=0|0; thinkphp_show_page_trace=0|0',
  'accept-language' => 'zh-CN,zh;q=0.8',
  'accept-encoding' => 'gzip, deflate, sdch',
  'accept' => 'text/html,application/xhtml+xml,application/xml;q=0.9,image/webp,*/*;q=0.8',
  'user-agent' => 'Mozilla/5.0 (Windows NT 10.0; Win64; x64) AppleWebKit/537.36 (KHTML, like Gecko) Chrome/57.0.2987.133 Safari/537.36',
  'upgrade-insecure-requests' => '1',
  'cache-control' => 'max-age=0',
  'connection' => 'close',
  'host' => 'www.1901bmyshop.com',
)
[ info ] [ PARAM ] array (
)
[ info ] [ VIEW ] E:\phpStudy\PHPTutorial\WWW\month4\1901b\myshop\application\index\view\login\register.html [ array (
) ]
---------------------------------------------------------------
[2019-05-27T17:32:02+08:00] 127.0.0.1 GET www.1901bmyshop.com/index.php/login/register
[运行时间：0.061699s] [吞吐率：16.21req/s] [内存消耗：1,617.80kb] [文件加载：65]
[ info ] [ LANG ] E:\phpStudy\PHPTutorial\WWW\month4\1901b\myshop\thinkphp\lang\zh-cn.php
[ info ] [ BIND ] 'index'
[ info ] [ ROUTE ] array (
)
[ info ] [ HEADER ] array (
  'cookie' => 'thinkphp_show_page_trace=0|0; thinkphp_show_page_trace=0|0',
  'accept-language' => 'zh-CN,zh;q=0.8',
  'accept-encoding' => 'gzip, deflate, sdch',
  'accept' => 'text/html,application/xhtml+xml,application/xml;q=0.9,image/webp,*/*;q=0.8',
  'user-agent' => 'Mozilla/5.0 (Windows NT 10.0; Win64; x64) AppleWebKit/537.36 (KHTML, like Gecko) Chrome/57.0.2987.133 Safari/537.36',
  'upgrade-insecure-requests' => '1',
  'cache-control' => 'max-age=0',
  'connection' => 'close',
  'host' => 'www.1901bmyshop.com',
)
[ info ] [ PARAM ] array (
)
[ info ] [ VIEW ] E:\phpStudy\PHPTutorial\WWW\month4\1901b\myshop\application\index\view\login\register.html [ array (
) ]
